{"/home/jailuser/git/src/common.ts": {"path":"/home/jailuser/git/src/common.ts","statementMap":{"0":{"start":{"line":1,"column":0},"end":{"line":1,"column":45}},"1":{"start":{"line":3,"column":0},"end":{"line":3,"column":null}},"2":{"start":{"line":4,"column":4},"end":{"line":4,"column":null}},"3":{"start":{"line":5,"column":4},"end":{"line":5,"column":null}},"4":{"start":{"line":6,"column":4},"end":{"line":6,"column":null}},"5":{"start":{"line":7,"column":4},"end":{"line":7,"column":null}},"6":{"start":{"line":12,"column":8},"end":{"line":12,"column":51}},"7":{"start":{"line":10,"column":0},"end":{"line":10,"column":13}},"8":{"start":{"line":18,"column":8},"end":{"line":18,"column":66}},"9":{"start":{"line":16,"column":0},"end":{"line":16,"column":13}},"10":{"start":{"line":24,"column":8},"end":{"line":24,"column":71}},"11":{"start":{"line":22,"column":0},"end":{"line":22,"column":13}},"12":{"start":{"line":28,"column":0},"end":{"line":28,"column":null}},"13":{"start":{"line":29,"column":4},"end":{"line":29,"column":null}},"14":{"start":{"line":30,"column":4},"end":{"line":30,"column":null}},"15":{"start":{"line":31,"column":4},"end":{"line":31,"column":null}},"16":{"start":{"line":32,"column":4},"end":{"line":32,"column":null}},"17":{"start":{"line":35,"column":0},"end":{"line":35,"column":null}},"18":{"start":{"line":36,"column":4},"end":{"line":36,"column":null}},"19":{"start":{"line":37,"column":4},"end":{"line":37,"column":null}},"20":{"start":{"line":38,"column":4},"end":{"line":38,"column":null}},"21":{"start":{"line":39,"column":4},"end":{"line":39,"column":null}}},"fnMap":{"0":{"name":"(anonymous_0)","decl":{"start":{"line":3,"column":0},"end":{"line":3,"column":12}},"loc":{"start":{"line":3,"column":24},"end":{"line":8,"column":1}}},"1":{"name":"(anonymous_1)","decl":{"start":{"line":11,"column":4},"end":{"line":11,"column":16}},"loc":{"start":{"line":11,"column":45},"end":{"line":13,"column":5}}},"2":{"name":"(anonymous_2)","decl":{"start":{"line":17,"column":4},"end":{"line":17,"column":16}},"loc":{"start":{"line":17,"column":76},"end":{"line":19,"column":5}}},"3":{"name":"(anonymous_3)","decl":{"start":{"line":23,"column":4},"end":{"line":23,"column":16}},"loc":{"start":{"line":23,"column":85},"end":{"line":25,"column":5}}},"4":{"name":"(anonymous_4)","decl":{"start":{"line":28,"column":0},"end":{"line":28,"column":12}},"loc":{"start":{"line":28,"column":22},"end":{"line":33,"column":1}}},"5":{"name":"(anonymous_5)","decl":{"start":{"line":35,"column":0},"end":{"line":35,"column":12}},"loc":{"start":{"line":35,"column":23},"end":{"line":40,"column":1}}}},"branchMap":{"0":{"loc":{"start":{"line":3,"column":12},"end":{"line":3,"column":null}},"type":"binary-expr","locations":[{"start":{"line":3,"column":12},"end":{"line":3,"column":24}},{"start":{"line":3,"column":24},"end":{"line":3,"column":null}}]},"1":{"loc":{"start":{"line":23,"column":65},"end":{"line":23,"column":85}},"type":"default-arg","locations":[{"start":{"line":23,"column":83},"end":{"line":23,"column":85}}]},"2":{"loc":{"start":{"line":28,"column":12},"end":{"line":28,"column":null}},"type":"binary-expr","locations":[{"start":{"line":28,"column":12},"end":{"line":28,"column":22}},{"start":{"line":28,"column":22},"end":{"line":28,"column":null}}]},"3":{"loc":{"start":{"line":35,"column":12},"end":{"line":35,"column":null}},"type":"binary-expr","locations":[{"start":{"line":35,"column":12},"end":{"line":35,"column":23}},{"start":{"line":35,"column":23},"end":{"line":35,"column":null}}]}},"s":{"0":0,"1":0,"2":0,"3":0,"4":0,"5":0,"6":0,"7":0,"8":0,"9":0,"10":0,"11":0,"12":0,"13":0,"14":0,"15":0,"16":0,"17":0,"18":0,"19":0,"20":0,"21":0},"f":{"0":0,"1":0,"2":0,"3":0,"4":0,"5":0},"b":{"0":[0,0],"1":[0],"2":[0,0],"3":[0,0]}}
,"/home/jailuser/git/src/extension.ts": {"path":"/home/jailuser/git/src/extension.ts","statementMap":{"0":{"start":{"line":426,"column":0},"end":{"line":426,"column":16}},"1":{"start":{"line":430,"column":0},"end":{"line":430,"column":16}},"2":{"start":{"line":1,"column":0},"end":{"line":1,"column":33}},"3":{"start":{"line":2,"column":0},"end":{"line":2,"column":53}},"4":{"start":{"line":3,"column":0},"end":{"line":3,"column":44}},"5":{"start":{"line":4,"column":0},"end":{"line":4,"column":81}},"6":{"start":{"line":5,"column":0},"end":{"line":5,"column":85}},"7":{"start":{"line":6,"column":0},"end":{"line":6,"column":79}},"8":{"start":{"line":7,"column":0},"end":{"line":7,"column":75}},"9":{"start":{"line":8,"column":0},"end":{"line":8,"column":69}},"10":{"start":{"line":9,"column":0},"end":{"line":9,"column":99}},"11":{"start":{"line":10,"column":0},"end":{"line":10,"column":94}},"12":{"start":{"line":13,"column":12},"end":{"line":13,"column":62}},"13":{"start":{"line":14,"column":12},"end":{"line":14,"column":42}},"14":{"start":{"line":23,"column":8},"end":{"line":23,"column":31}},"15":{"start":{"line":24,"column":8},"end":{"line":24,"column":59}},"16":{"start":{"line":25,"column":8},"end":{"line":25,"column":63}},"17":{"start":{"line":26,"column":8},"end":{"line":26,"column":59}},"18":{"start":{"line":27,"column":8},"end":{"line":27,"column":69}},"19":{"start":{"line":28,"column":8},"end":{"line":28,"column":65}},"20":{"start":{"line":30,"column":35},"end":{"line":32,"column":10}},"21":{"start":{"line":34,"column":8},"end":{"line":74,"column":10}},"22":{"start":{"line":70,"column":16},"end":{"line":72,"column":17}},"23":{"start":{"line":71,"column":20},"end":{"line":71,"column":66}},"24":{"start":{"line":78,"column":8},"end":{"line":78,"column":110}},"25":{"start":{"line":82,"column":8},"end":{"line":84,"column":9}},"26":{"start":{"line":83,"column":12},"end":{"line":83,"column":19}},"27":{"start":{"line":86,"column":20},"end":{"line":86,"column":39}},"28":{"start":{"line":87,"column":8},"end":{"line":93,"column":9}},"29":{"start":{"line":88,"column":12},"end":{"line":88,"column":99}},"30":{"start":{"line":89,"column":15},"end":{"line":93,"column":9}},"31":{"start":{"line":90,"column":12},"end":{"line":92,"column":15}},"32":{"start":{"line":97,"column":8},"end":{"line":100,"column":9}},"33":{"start":{"line":98,"column":12},"end":{"line":98,"column":77}},"34":{"start":{"line":99,"column":12},"end":{"line":99,"column":19}},"35":{"start":{"line":102,"column":8},"end":{"line":109,"column":9}},"36":{"start":{"line":103,"column":12},"end":{"line":108,"column":13}},"37":{"start":{"line":104,"column":31},"end":{"line":104,"column":107}},"38":{"start":{"line":105,"column":16},"end":{"line":105,"column":62}},"39":{"start":{"line":107,"column":16},"end":{"line":107,"column":109}},"40":{"start":{"line":111,"column":8},"end":{"line":146,"column":9}},"41":{"start":{"line":112,"column":29},"end":{"line":116,"column":14}},"42":{"start":{"line":118,"column":28},"end":{"line":118,"column":83}},"43":{"start":{"line":118,"column":63},"end":{"line":118,"column":82}},"44":{"start":{"line":121,"column":12},"end":{"line":139,"column":13}},"45":{"start":{"line":122,"column":16},"end":{"line":122,"column":74}},"46":{"start":{"line":123,"column":19},"end":{"line":139,"column":13}},"47":{"start":{"line":124,"column":33},"end":{"line":133,"column":null}},"48":{"start":{"line":125,"column":40},"end":{"line":132,"column":22}},"49":{"start":{"line":135,"column":16},"end":{"line":135,"column":70}},"50":{"start":{"line":137,"column":16},"end":{"line":137,"column":91}},"51":{"start":{"line":138,"column":16},"end":{"line":138,"column":23}},"52":{"start":{"line":141,"column":12},"end":{"line":143,"column":13}},"53":{"start":{"line":142,"column":16},"end":{"line":142,"column":70}},"54":{"start":{"line":145,"column":12},"end":{"line":145,"column":74}},"55":{"start":{"line":150,"column":22},"end":{"line":154,"column":9}},"56":{"start":{"line":151,"column":27},"end":{"line":151,"column":45}},"57":{"start":{"line":152,"column":12},"end":{"line":152,"column":67}},"58":{"start":{"line":153,"column":12},"end":{"line":153,"column":109}},"59":{"start":{"line":156,"column":8},"end":{"line":158,"column":9}},"60":{"start":{"line":157,"column":12},"end":{"line":157,"column":39}},"61":{"start":{"line":160,"column":8},"end":{"line":179,"column":14}},"62":{"start":{"line":176,"column":20},"end":{"line":176,"column":42}},"63":{"start":{"line":183,"column":34},"end":{"line":183,"column":55}},"64":{"start":{"line":184,"column":8},"end":{"line":184,"column":63}},"65":{"start":{"line":188,"column":8},"end":{"line":188,"column":47}},"66":{"start":{"line":193,"column":12},"end":{"line":195,"column":13}},"67":{"start":{"line":194,"column":16},"end":{"line":194,"column":29}},"68":{"start":{"line":196,"column":12},"end":{"line":196,"column":24}},"69":{"start":{"line":199,"column":8},"end":{"line":202,"column":9}},"70":{"start":{"line":200,"column":12},"end":{"line":200,"column":77}},"71":{"start":{"line":201,"column":12},"end":{"line":201,"column":19}},"72":{"start":{"line":204,"column":8},"end":{"line":206,"column":9}},"73":{"start":{"line":205,"column":12},"end":{"line":205,"column":59}},"74":{"start":{"line":208,"column":8},"end":{"line":239,"column":14}},"75":{"start":{"line":216,"column":20},"end":{"line":236,"column":21}},"76":{"start":{"line":217,"column":24},"end":{"line":233,"column":30}},"77":{"start":{"line":225,"column":36},"end":{"line":230,"column":37}},"78":{"start":{"line":226,"column":40},"end":{"line":226,"column":103}},"79":{"start":{"line":227,"column":40},"end":{"line":227,"column":90}},"80":{"start":{"line":229,"column":40},"end":{"line":229,"column":97}},"81":{"start":{"line":235,"column":24},"end":{"line":235,"column":89}},"82":{"start":{"line":243,"column":8},"end":{"line":256,"column":14}},"83":{"start":{"line":251,"column":20},"end":{"line":251,"column":91}},"84":{"start":{"line":254,"column":20},"end":{"line":254,"column":89}},"85":{"start":{"line":260,"column":8},"end":{"line":269,"column":10}},"86":{"start":{"line":262,"column":16},"end":{"line":264,"column":17}},"87":{"start":{"line":263,"column":20},"end":{"line":263,"column":54}},"88":{"start":{"line":267,"column":16},"end":{"line":267,"column":94}},"89":{"start":{"line":273,"column":8},"end":{"line":275,"column":9}},"90":{"start":{"line":274,"column":12},"end":{"line":274,"column":43}},"91":{"start":{"line":276,"column":8},"end":{"line":283,"column":10}},"92":{"start":{"line":278,"column":16},"end":{"line":280,"column":17}},"93":{"start":{"line":279,"column":20},"end":{"line":279,"column":54}},"94":{"start":{"line":287,"column":22},"end":{"line":287,"column":46}},"95":{"start":{"line":288,"column":8},"end":{"line":290,"column":9}},"96":{"start":{"line":289,"column":12},"end":{"line":289,"column":50}},"97":{"start":{"line":294,"column":25},"end":{"line":299,"column":10}},"98":{"start":{"line":300,"column":8},"end":{"line":300,"column":44}},"99":{"start":{"line":301,"column":8},"end":{"line":301,"column":42}},"100":{"start":{"line":305,"column":8},"end":{"line":307,"column":9}},"101":{"start":{"line":306,"column":12},"end":{"line":306,"column":43}},"102":{"start":{"line":311,"column":22},"end":{"line":311,"column":46}},"103":{"start":{"line":312,"column":8},"end":{"line":314,"column":9}},"104":{"start":{"line":313,"column":12},"end":{"line":313,"column":50}},"105":{"start":{"line":318,"column":25},"end":{"line":323,"column":10}},"106":{"start":{"line":324,"column":8},"end":{"line":324,"column":44}},"107":{"start":{"line":325,"column":8},"end":{"line":325,"column":40}},"108":{"start":{"line":329,"column":8},"end":{"line":349,"column":9}},"109":{"start":{"line":330,"column":12},"end":{"line":330,"column":40}},"110":{"start":{"line":331,"column":12},"end":{"line":348,"column":14}},"111":{"start":{"line":333,"column":20},"end":{"line":335,"column":22}},"112":{"start":{"line":336,"column":20},"end":{"line":339,"column":22}},"113":{"start":{"line":340,"column":20},"end":{"line":342,"column":22}},"114":{"start":{"line":343,"column":20},"end":{"line":343,"column":71}},"115":{"start":{"line":346,"column":20},"end":{"line":346,"column":41}},"116":{"start":{"line":353,"column":8},"end":{"line":371,"column":9}},"117":{"start":{"line":354,"column":12},"end":{"line":357,"column":14}},"118":{"start":{"line":358,"column":12},"end":{"line":361,"column":14}},"119":{"start":{"line":362,"column":12},"end":{"line":365,"column":14}},"120":{"start":{"line":367,"column":12},"end":{"line":367,"column":59}},"121":{"start":{"line":368,"column":12},"end":{"line":368,"column":61}},"122":{"start":{"line":369,"column":12},"end":{"line":369,"column":61}},"123":{"start":{"line":370,"column":12},"end":{"line":370,"column":66}},"124":{"start":{"line":375,"column":8},"end":{"line":377,"column":9}},"125":{"start":{"line":376,"column":12},"end":{"line":376,"column":19}},"126":{"start":{"line":379,"column":8},"end":{"line":392,"column":9}},"127":{"start":{"line":381,"column":16},"end":{"line":381,"column":42}},"128":{"start":{"line":382,"column":16},"end":{"line":382,"column":22}},"129":{"start":{"line":384,"column":16},"end":{"line":384,"column":47}},"130":{"start":{"line":385,"column":16},"end":{"line":385,"column":22}},"131":{"start":{"line":387,"column":16},"end":{"line":387,"column":46}},"132":{"start":{"line":388,"column":16},"end":{"line":388,"column":22}},"133":{"start":{"line":390,"column":16},"end":{"line":390,"column":38}},"134":{"start":{"line":391,"column":16},"end":{"line":391,"column":22}},"135":{"start":{"line":396,"column":8},"end":{"line":396,"column":47}},"136":{"start":{"line":397,"column":8},"end":{"line":397,"column":45}},"137":{"start":{"line":399,"column":8},"end":{"line":403,"column":15}},"138":{"start":{"line":400,"column":29},"end":{"line":400,"column":61}},"139":{"start":{"line":402,"column":16},"end":{"line":402,"column":55}},"140":{"start":{"line":407,"column":8},"end":{"line":407,"column":49}},"141":{"start":{"line":408,"column":8},"end":{"line":408,"column":47}},"142":{"start":{"line":414,"column":8},"end":{"line":416,"column":9}},"143":{"start":{"line":415,"column":12},"end":{"line":415,"column":92}},"144":{"start":{"line":418,"column":30},"end":{"line":418,"column":44}},"145":{"start":{"line":419,"column":8},"end":{"line":421,"column":9}},"146":{"start":{"line":420,"column":12},"end":{"line":420,"column":28}},"147":{"start":{"line":422,"column":8},"end":{"line":422,"column":50}},"148":{"start":{"line":427,"column":4},"end":{"line":427,"column":49}}},"fnMap":{"0":{"name":"(anonymous_16)","decl":{"start":{"line":22,"column":4},"end":{"line":22,"column":16}},"loc":{"start":{"line":22,"column":48},"end":{"line":75,"column":5}}},"1":{"name":"(anonymous_17)","decl":{"start":{"line":69,"column":57},"end":{"line":69,"column":58}},"loc":{"start":{"line":69,"column":63},"end":{"line":73,"column":13}}},"2":{"name":"(anonymous_18)","decl":{"start":{"line":77,"column":12},"end":{"line":77,"column":29}},"loc":{"start":{"line":77,"column":29},"end":{"line":79,"column":5}}},"3":{"name":"(anonymous_19)","decl":{"start":{"line":81,"column":12},"end":{"line":81,"column":31}},"loc":{"start":{"line":81,"column":57},"end":{"line":94,"column":5}}},"4":{"name":"(anonymous_20)","decl":{"start":{"line":96,"column":18},"end":{"line":96,"column":33}},"loc":{"start":{"line":96,"column":33},"end":{"line":147,"column":null}}},"5":{"name":"(anonymous_22)","decl":{"start":{"line":118,"column":56},"end":{"line":118,"column":57}},"loc":{"start":{"line":118,"column":63},"end":{"line":118,"column":82}}},"6":{"name":"(anonymous_23)","decl":{"start":{"line":125,"column":32},"end":{"line":125,"column":33}},"loc":{"start":{"line":125,"column":40},"end":{"line":132,"column":22}}},"7":{"name":"(anonymous_24)","decl":{"start":{"line":149,"column":12},"end":{"line":149,"column":31}},"loc":{"start":{"line":149,"column":46},"end":{"line":180,"column":5}}},"8":{"name":"(anonymous_25)","decl":{"start":{"line":150,"column":22},"end":{"line":150,"column":23}},"loc":{"start":{"line":150,"column":40},"end":{"line":154,"column":9}}},"9":{"name":"(anonymous_26)","decl":{"start":{"line":175,"column":16},"end":{"line":175,"column":17}},"loc":{"start":{"line":175,"column":29},"end":{"line":177,"column":17}}},"10":{"name":"(anonymous_27)","decl":{"start":{"line":178,"column":16},"end":{"line":178,"column":17}},"loc":{"start":{"line":178,"column":24},"end":{"line":178,"column":27}}},"11":{"name":"(anonymous_28)","decl":{"start":{"line":182,"column":12},"end":{"line":182,"column":35}},"loc":{"start":{"line":182,"column":45},"end":{"line":185,"column":5}}},"12":{"name":"(anonymous_29)","decl":{"start":{"line":187,"column":12},"end":{"line":187,"column":30}},"loc":{"start":{"line":187,"column":30},"end":{"line":189,"column":5}}},"13":{"name":"(anonymous_30)","decl":{"start":{"line":191,"column":12},"end":{"line":191,"column":25}},"loc":{"start":{"line":191,"column":59},"end":{"line":240,"column":5}}},"14":{"name":"validateInput","decl":{"start":{"line":192,"column":17},"end":{"line":192,"column":30}},"loc":{"start":{"line":192,"column":44},"end":{"line":197,"column":9}}},"15":{"name":"(anonymous_32)","decl":{"start":{"line":215,"column":16},"end":{"line":215,"column":17}},"loc":{"start":{"line":215,"column":33},"end":{"line":237,"column":17}}},"16":{"name":"(anonymous_33)","decl":{"start":{"line":224,"column":32},"end":{"line":224,"column":33}},"loc":{"start":{"line":224,"column":48},"end":{"line":231,"column":33}}},"17":{"name":"(anonymous_34)","decl":{"start":{"line":232,"column":32},"end":{"line":232,"column":33}},"loc":{"start":{"line":232,"column":40},"end":{"line":232,"column":43}}},"18":{"name":"(anonymous_35)","decl":{"start":{"line":238,"column":16},"end":{"line":238,"column":17}},"loc":{"start":{"line":238,"column":24},"end":{"line":238,"column":27}}},"19":{"name":"(anonymous_36)","decl":{"start":{"line":242,"column":12},"end":{"line":242,"column":29}},"loc":{"start":{"line":242,"column":61},"end":{"line":257,"column":5}}},"20":{"name":"(anonymous_37)","decl":{"start":{"line":250,"column":16},"end":{"line":250,"column":17}},"loc":{"start":{"line":250,"column":24},"end":{"line":252,"column":17}}},"21":{"name":"(anonymous_38)","decl":{"start":{"line":253,"column":16},"end":{"line":253,"column":17}},"loc":{"start":{"line":253,"column":26},"end":{"line":255,"column":17}}},"22":{"name":"(anonymous_39)","decl":{"start":{"line":259,"column":12},"end":{"line":259,"column":33}},"loc":{"start":{"line":259,"column":43},"end":{"line":270,"column":5}}},"23":{"name":"(anonymous_40)","decl":{"start":{"line":261,"column":12},"end":{"line":261,"column":13}},"loc":{"start":{"line":261,"column":32},"end":{"line":265,"column":13}}},"24":{"name":"(anonymous_41)","decl":{"start":{"line":266,"column":12},"end":{"line":266,"column":13}},"loc":{"start":{"line":266,"column":27},"end":{"line":268,"column":13}}},"25":{"name":"(anonymous_42)","decl":{"start":{"line":272,"column":12},"end":{"line":272,"column":35}},"loc":{"start":{"line":272,"column":45},"end":{"line":284,"column":5}}},"26":{"name":"(anonymous_43)","decl":{"start":{"line":277,"column":12},"end":{"line":277,"column":13}},"loc":{"start":{"line":277,"column":32},"end":{"line":281,"column":13}}},"27":{"name":"(anonymous_44)","decl":{"start":{"line":282,"column":12},"end":{"line":282,"column":13}},"loc":{"start":{"line":282,"column":27},"end":{"line":282,"column":30}}},"28":{"name":"(anonymous_45)","decl":{"start":{"line":286,"column":12},"end":{"line":286,"column":32}},"loc":{"start":{"line":286,"column":42},"end":{"line":291,"column":5}}},"29":{"name":"(anonymous_46)","decl":{"start":{"line":293,"column":18},"end":{"line":293,"column":38}},"loc":{"start":{"line":293,"column":48},"end":{"line":302,"column":null}}},"30":{"name":"(anonymous_48)","decl":{"start":{"line":304,"column":12},"end":{"line":304,"column":33}},"loc":{"start":{"line":304,"column":43},"end":{"line":308,"column":5}}},"31":{"name":"(anonymous_49)","decl":{"start":{"line":310,"column":12},"end":{"line":310,"column":30}},"loc":{"start":{"line":310,"column":40},"end":{"line":315,"column":5}}},"32":{"name":"(anonymous_50)","decl":{"start":{"line":317,"column":18},"end":{"line":317,"column":36}},"loc":{"start":{"line":317,"column":46},"end":{"line":326,"column":null}}},"33":{"name":"(anonymous_52)","decl":{"start":{"line":328,"column":12},"end":{"line":328,"column":31}},"loc":{"start":{"line":328,"column":60},"end":{"line":350,"column":5}}},"34":{"name":"(anonymous_53)","decl":{"start":{"line":332,"column":16},"end":{"line":332,"column":17}},"loc":{"start":{"line":332,"column":30},"end":{"line":344,"column":17}}},"35":{"name":"(anonymous_54)","decl":{"start":{"line":345,"column":16},"end":{"line":345,"column":17}},"loc":{"start":{"line":345,"column":31},"end":{"line":347,"column":17}}},"36":{"name":"(anonymous_55)","decl":{"start":{"line":352,"column":12},"end":{"line":352,"column":34}},"loc":{"start":{"line":352,"column":63},"end":{"line":372,"column":5}}},"37":{"name":"(anonymous_56)","decl":{"start":{"line":374,"column":12},"end":{"line":374,"column":31}},"loc":{"start":{"line":374,"column":65},"end":{"line":393,"column":5}}},"38":{"name":"(anonymous_57)","decl":{"start":{"line":395,"column":12},"end":{"line":395,"column":29}},"loc":{"start":{"line":395,"column":63},"end":{"line":404,"column":5}}},"39":{"name":"(anonymous_58)","decl":{"start":{"line":400,"column":20},"end":{"line":400,"column":21}},"loc":{"start":{"line":400,"column":29},"end":{"line":400,"column":61}}},"40":{"name":"(anonymous_59)","decl":{"start":{"line":401,"column":21},"end":{"line":401,"column":22}},"loc":{"start":{"line":401,"column":29},"end":{"line":403,"column":13}}},"41":{"name":"(anonymous_60)","decl":{"start":{"line":406,"column":12},"end":{"line":406,"column":34}},"loc":{"start":{"line":406,"column":68},"end":{"line":409,"column":5}}},"42":{"name":"(anonymous_61)","decl":{"start":{"line":411,"column":12},"end":{"line":411,"column":25}},"loc":{"start":{"line":411,"column":59},"end":{"line":411,"column":69}}},"43":{"name":"(anonymous_62)","decl":{"start":{"line":413,"column":12},"end":{"line":413,"column":33}},"loc":{"start":{"line":413,"column":67},"end":{"line":423,"column":5}}},"44":{"name":"activate","decl":{"start":{"line":426,"column":16},"end":{"line":426,"column":24}},"loc":{"start":{"line":426,"column":57},"end":{"line":428,"column":1}}},"45":{"name":"deactivate","decl":{"start":{"line":430,"column":16},"end":{"line":430,"column":26}},"loc":{"start":{"line":430,"column":26},"end":{"line":430,"column":37}}}},"branchMap":{"0":{"loc":{"start":{"line":70,"column":16},"end":{"line":72,"column":17}},"type":"if","locations":[{"start":{"line":70,"column":16},"end":{"line":72,"column":17}},{"start":{},"end":{}}]},"1":{"loc":{"start":{"line":70,"column":20},"end":{"line":70,"column":75}},"type":"binary-expr","locations":[{"start":{"line":70,"column":20},"end":{"line":70,"column":21}},{"start":{"line":70,"column":25},"end":{"line":70,"column":75}}]},"2":{"loc":{"start":{"line":78,"column":15},"end":{"line":78,"column":109}},"type":"binary-expr","locations":[{"start":{"line":78,"column":15},"end":{"line":78,"column":46}},{"start":{"line":78,"column":50},"end":{"line":78,"column":109}}]},"3":{"loc":{"start":{"line":82,"column":8},"end":{"line":84,"column":9}},"type":"if","locations":[{"start":{"line":82,"column":8},"end":{"line":84,"column":9}},{"start":{},"end":{}}]},"4":{"loc":{"start":{"line":82,"column":12},"end":{"line":82,"column":48}},"type":"binary-expr","locations":[{"start":{"line":82,"column":12},"end":{"line":82,"column":19}},{"start":{"line":82,"column":23},"end":{"line":82,"column":48}}]},"5":{"loc":{"start":{"line":87,"column":8},"end":{"line":93,"column":9}},"type":"if","locations":[{"start":{"line":87,"column":8},"end":{"line":93,"column":9}},{"start":{"line":89,"column":15},"end":{"line":93,"column":9}}]},"6":{"loc":{"start":{"line":89,"column":15},"end":{"line":93,"column":9}},"type":"if","locations":[{"start":{"line":89,"column":15},"end":{"line":93,"column":9}},{"start":{},"end":{}}]},"7":{"loc":{"start":{"line":97,"column":8},"end":{"line":100,"column":9}},"type":"if","locations":[{"start":{"line":97,"column":8},"end":{"line":100,"column":9}},{"start":{},"end":{}}]},"8":{"loc":{"start":{"line":102,"column":8},"end":{"line":109,"column":9}},"type":"if","locations":[{"start":{"line":102,"column":8},"end":{"line":109,"column":9}},{"start":{},"end":{}}]},"9":{"loc":{"start":{"line":121,"column":12},"end":{"line":139,"column":13}},"type":"if","locations":[{"start":{"line":121,"column":12},"end":{"line":139,"column":13}},{"start":{"line":123,"column":19},"end":{"line":139,"column":13}}]},"10":{"loc":{"start":{"line":123,"column":19},"end":{"line":139,"column":13}},"type":"if","locations":[{"start":{"line":123,"column":19},"end":{"line":139,"column":13}},{"start":{"line":136,"column":19},"end":{"line":139,"column":13}}]},"11":{"loc":{"start":{"line":131,"column":28},"end":{"line":131,"column":99}},"type":"cond-expr","locations":[{"start":{"line":131,"column":61},"end":{"line":131,"column":75}},{"start":{"line":131,"column":78},"end":{"line":131,"column":99}}]},"12":{"loc":{"start":{"line":141,"column":12},"end":{"line":143,"column":13}},"type":"if","locations":[{"start":{"line":141,"column":12},"end":{"line":143,"column":13}},{"start":{},"end":{}}]},"13":{"loc":{"start":{"line":156,"column":8},"end":{"line":158,"column":9}},"type":"if","locations":[{"start":{"line":156,"column":8},"end":{"line":158,"column":9}},{"start":{},"end":{}}]},"14":{"loc":{"start":{"line":193,"column":12},"end":{"line":195,"column":13}},"type":"if","locations":[{"start":{"line":193,"column":12},"end":{"line":195,"column":13}},{"start":{},"end":{}}]},"15":{"loc":{"start":{"line":193,"column":16},"end":{"line":193,"column":75}},"type":"binary-expr","locations":[{"start":{"line":193,"column":16},"end":{"line":193,"column":48}},{"start":{"line":193,"column":52},"end":{"line":193,"column":75}}]},"16":{"loc":{"start":{"line":199,"column":8},"end":{"line":202,"column":9}},"type":"if","locations":[{"start":{"line":199,"column":8},"end":{"line":202,"column":9}},{"start":{},"end":{}}]},"17":{"loc":{"start":{"line":204,"column":8},"end":{"line":206,"column":9}},"type":"if","locations":[{"start":{"line":204,"column":8},"end":{"line":206,"column":9}},{"start":{},"end":{}}]},"18":{"loc":{"start":{"line":204,"column":12},"end":{"line":204,"column":29}},"type":"binary-expr","locations":[{"start":{"line":204,"column":12},"end":{"line":204,"column":19}},{"start":{"line":204,"column":23},"end":{"line":204,"column":29}}]},"19":{"loc":{"start":{"line":216,"column":20},"end":{"line":236,"column":21}},"type":"if","locations":[{"start":{"line":216,"column":20},"end":{"line":236,"column":21}},{"start":{"line":234,"column":27},"end":{"line":236,"column":21}}]},"20":{"loc":{"start":{"line":225,"column":36},"end":{"line":230,"column":37}},"type":"if","locations":[{"start":{"line":225,"column":36},"end":{"line":230,"column":37}},{"start":{"line":228,"column":43},"end":{"line":230,"column":37}}]},"21":{"loc":{"start":{"line":262,"column":16},"end":{"line":264,"column":17}},"type":"if","locations":[{"start":{"line":262,"column":16},"end":{"line":264,"column":17}},{"start":{},"end":{}}]},"22":{"loc":{"start":{"line":273,"column":8},"end":{"line":275,"column":9}},"type":"if","locations":[{"start":{"line":273,"column":8},"end":{"line":275,"column":9}},{"start":{},"end":{}}]},"23":{"loc":{"start":{"line":278,"column":16},"end":{"line":280,"column":17}},"type":"if","locations":[{"start":{"line":278,"column":16},"end":{"line":280,"column":17}},{"start":{},"end":{}}]},"24":{"loc":{"start":{"line":288,"column":8},"end":{"line":290,"column":9}},"type":"if","locations":[{"start":{"line":288,"column":8},"end":{"line":290,"column":9}},{"start":{},"end":{}}]},"25":{"loc":{"start":{"line":305,"column":8},"end":{"line":307,"column":9}},"type":"if","locations":[{"start":{"line":305,"column":8},"end":{"line":307,"column":9}},{"start":{},"end":{}}]},"26":{"loc":{"start":{"line":312,"column":8},"end":{"line":314,"column":9}},"type":"if","locations":[{"start":{"line":312,"column":8},"end":{"line":314,"column":9}},{"start":{},"end":{}}]},"27":{"loc":{"start":{"line":329,"column":8},"end":{"line":349,"column":9}},"type":"if","locations":[{"start":{"line":329,"column":8},"end":{"line":349,"column":9}},{"start":{},"end":{}}]},"28":{"loc":{"start":{"line":353,"column":8},"end":{"line":371,"column":9}},"type":"if","locations":[{"start":{"line":353,"column":8},"end":{"line":371,"column":9}},{"start":{},"end":{}}]},"29":{"loc":{"start":{"line":375,"column":8},"end":{"line":377,"column":9}},"type":"if","locations":[{"start":{"line":375,"column":8},"end":{"line":377,"column":9}},{"start":{},"end":{}}]},"30":{"loc":{"start":{"line":379,"column":8},"end":{"line":392,"column":9}},"type":"switch","locations":[{"start":{"line":380,"column":12},"end":{"line":382,"column":22}},{"start":{"line":383,"column":12},"end":{"line":385,"column":22}},{"start":{"line":386,"column":12},"end":{"line":388,"column":22}},{"start":{"line":389,"column":12},"end":{"line":391,"column":22}}]},"31":{"loc":{"start":{"line":414,"column":8},"end":{"line":416,"column":9}},"type":"if","locations":[{"start":{"line":414,"column":8},"end":{"line":416,"column":9}},{"start":{},"end":{}}]},"32":{"loc":{"start":{"line":419,"column":8},"end":{"line":421,"column":9}},"type":"if","locations":[{"start":{"line":419,"column":8},"end":{"line":421,"column":9}},{"start":{},"end":{}}]}},"s":{"0":0,"1":0,"2":0,"3":0,"4":0,"5":0,"6":0,"7":0,"8":0,"9":0,"10":0,"11":0,"12":0,"13":0,"14":0,"15":0,"16":0,"17":0,"18":0,"19":0,"20":0,"21":0,"22":0,"23":0,"24":0,"25":0,"26":0,"27":0,"28":0,"29":0,"30":0,"31":0,"32":0,"33":0,"34":0,"35":0,"36":0,"37":0,"38":0,"39":0,"40":0,"41":0,"42":0,"43":0,"44":0,"45":0,"46":0,"47":0,"48":0,"49":0,"50":0,"51":0,"52":0,"53":0,"54":0,"55":0,"56":0,"57":0,"58":0,"59":0,"60":0,"61":0,"62":0,"63":0,"64":0,"65":0,"66":0,"67":0,"68":0,"69":0,"70":0,"71":0,"72":0,"73":0,"74":0,"75":0,"76":0,"77":0,"78":0,"79":0,"80":0,"81":0,"82":0,"83":0,"84":0,"85":0,"86":0,"87":0,"88":0,"89":0,"90":0,"91":0,"92":0,"93":0,"94":0,"95":0,"96":0,"97":0,"98":0,"99":0,"100":0,"101":0,"102":0,"103":0,"104":0,"105":0,"106":0,"107":0,"108":0,"109":0,"110":0,"111":0,"112":0,"113":0,"114":0,"115":0,"116":0,"117":0,"118":0,"119":0,"120":0,"121":0,"122":0,"123":0,"124":0,"125":0,"126":0,"127":0,"128":0,"129":0,"130":0,"131":0,"132":0,"133":0,"134":0,"135":0,"136":0,"137":0,"138":0,"139":0,"140":0,"141":0,"142":0,"143":0,"144":0,"145":0,"146":0,"147":0,"148":0},"f":{"0":0,"1":0,"2":0,"3":0,"4":0,"5":0,"6":0,"7":0,"8":0,"9":0,"10":0,"11":0,"12":0,"13":0,"14":0,"15":0,"16":0,"17":0,"18":0,"19":0,"20":0,"21":0,"22":0,"23":0,"24":0,"25":0,"26":0,"27":0,"28":0,"29":0,"30":0,"31":0,"32":0,"33":0,"34":0,"35":0,"36":0,"37":0,"38":0,"39":0,"40":0,"41":0,"42":0,"43":0,"44":0,"45":0},"b":{"0":[0,0],"1":[0,0],"2":[0,0],"3":[0,0],"4":[0,0],"5":[0,0],"6":[0,0],"7":[0,0],"8":[0,0],"9":[0,0],"10":[0,0],"11":[0,0],"12":[0,0],"13":[0,0],"14":[0,0],"15":[0,0],"16":[0,0],"17":[0,0],"18":[0,0],"19":[0,0],"20":[0,0],"21":[0,0],"22":[0,0],"23":[0,0],"24":[0,0],"25":[0,0],"26":[0,0],"27":[0,0],"28":[0,0],"29":[0,0],"30":[0,0,0,0],"31":[0,0],"32":[0,0]}}
,"/home/jailuser/git/src/utils.ts": {"path":"/home/jailuser/git/src/utils.ts","statementMap":{"0":{"start":{"line":1,"column":0},"end":{"line":1,"column":16}},"1":{"start":{"line":9,"column":0},"end":{"line":9,"column":16}},"2":{"start":{"line":33,"column":0},"end":{"line":33,"column":16}},"3":{"start":{"line":42,"column":0},"end":{"line":42,"column":16}},"4":{"start":{"line":46,"column":0},"end":{"line":46,"column":16}},"5":{"start":{"line":56,"column":0},"end":{"line":56,"column":16}},"6":{"start":{"line":2,"column":17},"end":{"line":2,"column":35}},"7":{"start":{"line":3,"column":4},"end":{"line":5,"column":5}},"8":{"start":{"line":4,"column":8},"end":{"line":4,"column":30}},"9":{"start":{"line":6,"column":4},"end":{"line":6,"column":50}},"10":{"start":{"line":15,"column":17},"end":{"line":15,"column":42}},"11":{"start":{"line":16,"column":4},"end":{"line":18,"column":5}},"12":{"start":{"line":17,"column":8},"end":{"line":17,"column":30}},"13":{"start":{"line":20,"column":4},"end":{"line":28,"column":5}},"14":{"start":{"line":21,"column":27},"end":{"line":21,"column":50}},"15":{"start":{"line":22,"column":8},"end":{"line":24,"column":9}},"16":{"start":{"line":22,"column":21},"end":{"line":22,"column":22}},"17":{"start":{"line":23,"column":12},"end":{"line":23,"column":34}},"18":{"start":{"line":25,"column":23},"end":{"line":25,"column":47}},"19":{"start":{"line":26,"column":8},"end":{"line":26,"column":34}},"20":{"start":{"line":27,"column":8},"end":{"line":27,"column":46}},"21":{"start":{"line":30,"column":4},"end":{"line":30,"column":50}},"22":{"start":{"line":34,"column":15},"end":{"line":34,"column":16}},"23":{"start":{"line":35,"column":16},"end":{"line":35,"column":34}},"24":{"start":{"line":36,"column":4},"end":{"line":38,"column":5}},"25":{"start":{"line":36,"column":17},"end":{"line":36,"column":23}},"26":{"start":{"line":37,"column":8},"end":{"line":37,"column":39}},"27":{"start":{"line":39,"column":4},"end":{"line":39,"column":16}},"28":{"start":{"line":43,"column":4},"end":{"line":43,"column":66}},"29":{"start":{"line":47,"column":46},"end":{"line":47,"column":48}},"30":{"start":{"line":48,"column":18},"end":{"line":48,"column":91}},"31":{"start":{"line":49,"column":4},"end":{"line":52,"column":5}},"32":{"start":{"line":50,"column":22},"end":{"line":50,"column":37}},"33":{"start":{"line":51,"column":8},"end":{"line":51,"column":82}},"34":{"start":{"line":53,"column":4},"end":{"line":53,"column":18}},"35":{"start":{"line":57,"column":14},"end":{"line":57,"column":31}},"36":{"start":{"line":58,"column":4},"end":{"line":60,"column":5}},"37":{"start":{"line":59,"column":8},"end":{"line":59,"column":26}},"38":{"start":{"line":61,"column":4},"end":{"line":61,"column":60}},"39":{"start":{"line":62,"column":4},"end":{"line":62,"column":15}}},"fnMap":{"0":{"name":"hexFormat","decl":{"start":{"line":1,"column":16},"end":{"line":1,"column":25}},"loc":{"start":{"line":1,"column":91},"end":{"line":7,"column":1}}},"1":{"name":"binaryFormat","decl":{"start":{"line":9,"column":16},"end":{"line":9,"column":28}},"loc":{"start":{"line":13,"column":34},"end":{"line":31,"column":1}}},"2":{"name":"createMask","decl":{"start":{"line":33,"column":16},"end":{"line":33,"column":26}},"loc":{"start":{"line":33,"column":56},"end":{"line":40,"column":1}}},"3":{"name":"extractBits","decl":{"start":{"line":42,"column":16},"end":{"line":42,"column":27}},"loc":{"start":{"line":42,"column":72},"end":{"line":44,"column":1}}},"4":{"name":"parseQuery","decl":{"start":{"line":46,"column":16},"end":{"line":46,"column":26}},"loc":{"start":{"line":46,"column":46},"end":{"line":54,"column":1}}},"5":{"name":"encodeDisassembly","decl":{"start":{"line":56,"column":16},"end":{"line":56,"column":33}},"loc":{"start":{"line":56,"column":60},"end":{"line":63,"column":1}}}},"branchMap":{"0":{"loc":{"start":{"line":1,"column":41},"end":{"line":1,"column":60}},"type":"default-arg","locations":[{"start":{"line":1,"column":59},"end":{"line":1,"column":60}}]},"1":{"loc":{"start":{"line":1,"column":62},"end":{"line":1,"column":91}},"type":"default-arg","locations":[{"start":{"line":1,"column":87},"end":{"line":1,"column":91}}]},"2":{"loc":{"start":{"line":6,"column":11},"end":{"line":6,"column":49}},"type":"cond-expr","locations":[{"start":{"line":6,"column":27},"end":{"line":6,"column":40}},{"start":{"line":6,"column":43},"end":{"line":6,"column":49}}]},"3":{"loc":{"start":{"line":11,"column":4},"end":{"line":11,"column":23}},"type":"default-arg","locations":[{"start":{"line":11,"column":22},"end":{"line":11,"column":23}}]},"4":{"loc":{"start":{"line":12,"column":4},"end":{"line":12,"column":33}},"type":"default-arg","locations":[{"start":{"line":12,"column":29},"end":{"line":12,"column":33}}]},"5":{"loc":{"start":{"line":13,"column":4},"end":{"line":13,"column":34}},"type":"default-arg","locations":[{"start":{"line":13,"column":29},"end":{"line":13,"column":34}}]},"6":{"loc":{"start":{"line":20,"column":4},"end":{"line":28,"column":5}},"type":"if","locations":[{"start":{"line":20,"column":4},"end":{"line":28,"column":5}},{"start":{},"end":{}}]},"7":{"loc":{"start":{"line":30,"column":11},"end":{"line":30,"column":49}},"type":"cond-expr","locations":[{"start":{"line":30,"column":27},"end":{"line":30,"column":40}},{"start":{"line":30,"column":43},"end":{"line":30,"column":49}}]},"8":{"loc":{"start":{"line":48,"column":19},"end":{"line":48,"column":79}},"type":"cond-expr","locations":[{"start":{"line":48,"column":44},"end":{"line":48,"column":65}},{"start":{"line":48,"column":68},"end":{"line":48,"column":79}}]},"9":{"loc":{"start":{"line":51,"column":66},"end":{"line":51,"column":80}},"type":"binary-expr","locations":[{"start":{"line":51,"column":66},"end":{"line":51,"column":74}},{"start":{"line":51,"column":78},"end":{"line":51,"column":80}}]},"10":{"loc":{"start":{"line":58,"column":4},"end":{"line":60,"column":5}},"type":"if","locations":[{"start":{"line":58,"column":4},"end":{"line":60,"column":5}},{"start":{},"end":{}}]},"11":{"loc":{"start":{"line":61,"column":47},"end":{"line":61,"column":57}},"type":"binary-expr","locations":[{"start":{"line":61,"column":47},"end":{"line":61,"column":51}},{"start":{"line":61,"column":55},"end":{"line":61,"column":57}}]}},"s":{"0":0,"1":0,"2":0,"3":0,"4":0,"5":0,"6":0,"7":0,"8":0,"9":0,"10":0,"11":0,"12":0,"13":0,"14":0,"15":0,"16":0,"17":0,"18":0,"19":0,"20":0,"21":0,"22":0,"23":0,"24":0,"25":0,"26":0,"27":0,"28":0,"29":0,"30":0,"31":0,"32":0,"33":0,"34":0,"35":0,"36":0,"37":0,"38":0,"39":0},"f":{"0":0,"1":0,"2":0,"3":0,"4":0,"5":0},"b":{"0":[0],"1":[0],"2":[0,0],"3":[0],"4":[0],"5":[0],"6":[0,0],"7":[0,0],"8":[0,0],"9":[0,0],"10":[0,0],"11":[0,0]}}
,"/home/jailuser/git/src/backend/adapter.ts": {"path":"/home/jailuser/git/src/backend/adapter.ts","statementMap":{"0":{"start":{"line":1,"column":0},"end":{"line":1,"column":33}},"1":{"start":{"line":2,"column":0},"end":{"line":2,"column":25}},"2":{"start":{"line":3,"column":0},"end":{"line":3,"column":36}},"3":{"start":{"line":4,"column":0},"end":{"line":4,"column":null}},"4":{"start":{"line":18,"column":0},"end":{"line":18,"column":61}},"5":{"start":{"line":19,"column":0},"end":{"line":19,"column":68}},"6":{"start":{"line":20,"column":0},"end":{"line":20,"column":54}},"7":{"start":{"line":21,"column":0},"end":{"line":21,"column":45}},"8":{"start":{"line":22,"column":0},"end":{"line":22,"column":32}},"9":{"start":{"line":23,"column":0},"end":{"line":23,"column":36}},"10":{"start":{"line":24,"column":0},"end":{"line":24,"column":40}},"11":{"start":{"line":28,"column":15},"end":{"line":28,"column":27}},"12":{"start":{"line":29,"column":15},"end":{"line":29,"column":27}},"13":{"start":{"line":33,"column":29},"end":{"line":33,"column":34}},"14":{"start":{"line":34,"column":27},"end":{"line":34,"column":33}},"15":{"start":{"line":38,"column":8},"end":{"line":38,"column":51}},"16":{"start":{"line":44,"column":8},"end":{"line":44,"column":60}},"17":{"start":{"line":68,"column":8},"end":{"line":68,"column":47}},"18":{"start":{"line":49,"column":12},"end":{"line":49,"column":94}},"19":{"start":{"line":50,"column":12},"end":{"line":50,"column":68}},"20":{"start":{"line":51,"column":12},"end":{"line":51,"column":46}},"21":{"start":{"line":52,"column":12},"end":{"line":52,"column":51}},"22":{"start":{"line":53,"column":12},"end":{"line":53,"column":40}},"23":{"start":{"line":54,"column":12},"end":{"line":54,"column":37}},"24":{"start":{"line":55,"column":12},"end":{"line":55,"column":39}},"25":{"start":{"line":56,"column":12},"end":{"line":56,"column":58}},"26":{"start":{"line":57,"column":12},"end":{"line":57,"column":62}},"27":{"start":{"line":72,"column":8},"end":{"line":72,"column":71}},"28":{"start":{"line":73,"column":8},"end":{"line":73,"column":62}},"29":{"start":{"line":74,"column":8},"end":{"line":74,"column":73}},"30":{"start":{"line":75,"column":8},"end":{"line":75,"column":65}},"31":{"start":{"line":76,"column":8},"end":{"line":76,"column":61}},"32":{"start":{"line":77,"column":8},"end":{"line":77,"column":75}},"33":{"start":{"line":78,"column":8},"end":{"line":78,"column":68}},"34":{"start":{"line":79,"column":8},"end":{"line":79,"column":72}},"35":{"start":{"line":80,"column":8},"end":{"line":80,"column":71}},"36":{"start":{"line":81,"column":8},"end":{"line":81,"column":69}},"37":{"start":{"line":82,"column":8},"end":{"line":82,"column":82}},"38":{"start":{"line":83,"column":8},"end":{"line":83,"column":80}},"39":{"start":{"line":84,"column":8},"end":{"line":84,"column":84}},"40":{"start":{"line":85,"column":8},"end":{"line":85,"column":47}},"41":{"start":{"line":89,"column":8},"end":{"line":89,"column":60}},"42":{"start":{"line":90,"column":8},"end":{"line":90,"column":62}},"43":{"start":{"line":91,"column":8},"end":{"line":91,"column":55}},"44":{"start":{"line":92,"column":8},"end":{"line":92,"column":57}},"45":{"start":{"line":93,"column":8},"end":{"line":93,"column":63}},"46":{"start":{"line":94,"column":8},"end":{"line":94,"column":52}},"47":{"start":{"line":95,"column":8},"end":{"line":95,"column":49}},"48":{"start":{"line":96,"column":8},"end":{"line":96,"column":54}},"49":{"start":{"line":97,"column":8},"end":{"line":97,"column":60}},"50":{"start":{"line":98,"column":8},"end":{"line":98,"column":36}},"51":{"start":{"line":102,"column":8},"end":{"line":102,"column":25}},"52":{"start":{"line":103,"column":8},"end":{"line":103,"column":57}},"53":{"start":{"line":107,"column":8},"end":{"line":107,"column":25}},"54":{"start":{"line":108,"column":8},"end":{"line":108,"column":56}},"55":{"start":{"line":112,"column":8},"end":{"line":112,"column":26}},"56":{"start":{"line":113,"column":8},"end":{"line":113,"column":30}},"57":{"start":{"line":114,"column":8},"end":{"line":114,"column":29}},"58":{"start":{"line":115,"column":8},"end":{"line":115,"column":29}},"59":{"start":{"line":116,"column":8},"end":{"line":116,"column":32}},"60":{"start":{"line":117,"column":8},"end":{"line":117,"column":29}},"61":{"start":{"line":118,"column":8},"end":{"line":118,"column":39}},"62":{"start":{"line":119,"column":8},"end":{"line":119,"column":41}},"63":{"start":{"line":121,"column":24},"end":{"line":121,"column":33}},"64":{"start":{"line":122,"column":8},"end":{"line":124,"column":9}},"65":{"start":{"line":123,"column":12},"end":{"line":123,"column":57}},"66":{"start":{"line":125,"column":8},"end":{"line":127,"column":9}},"67":{"start":{"line":126,"column":12},"end":{"line":126,"column":60}},"68":{"start":{"line":128,"column":8},"end":{"line":128,"column":70}},"69":{"start":{"line":130,"column":8},"end":{"line":130,"column":57}},"70":{"start":{"line":131,"column":8},"end":{"line":131,"column":28}},"71":{"start":{"line":132,"column":8},"end":{"line":132,"column":68}},"72":{"start":{"line":133,"column":8},"end":{"line":133,"column":69}},"73":{"start":{"line":135,"column":8},"end":{"line":141,"column":11}},"74":{"start":{"line":136,"column":12},"end":{"line":136,"column":35}},"75":{"start":{"line":137,"column":12},"end":{"line":137,"column":32}},"76":{"start":{"line":138,"column":12},"end":{"line":138,"column":41}},"77":{"start":{"line":139,"column":12},"end":{"line":139,"column":82}},"78":{"start":{"line":140,"column":12},"end":{"line":140,"column":79}},"79":{"start":{"line":143,"column":8},"end":{"line":168,"column":14}},"80":{"start":{"line":150,"column":20},"end":{"line":150,"column":104}},"81":{"start":{"line":151,"column":20},"end":{"line":163,"column":21}},"82":{"start":{"line":152,"column":24},"end":{"line":152,"column":55}},"83":{"start":{"line":153,"column":24},"end":{"line":153,"column":44}},"84":{"start":{"line":154,"column":24},"end":{"line":154,"column":52}},"85":{"start":{"line":156,"column":24},"end":{"line":162,"column":25}},"86":{"start":{"line":157,"column":28},"end":{"line":161,"column":30}},"87":{"start":{"line":166,"column":20},"end":{"line":166,"column":101}},"88":{"start":{"line":172,"column":8},"end":{"line":238,"column":9}},"89":{"start":{"line":174,"column":16},"end":{"line":174,"column":50}},"90":{"start":{"line":175,"column":16},"end":{"line":175,"column":51}},"91":{"start":{"line":176,"column":16},"end":{"line":180,"column":17}},"92":{"start":{"line":177,"column":20},"end":{"line":177,"column":49}},"93":{"start":{"line":178,"column":20},"end":{"line":178,"column":83}},"94":{"start":{"line":179,"column":20},"end":{"line":179,"column":101}},"95":{"start":{"line":181,"column":16},"end":{"line":181,"column":44}},"96":{"start":{"line":182,"column":16},"end":{"line":182,"column":22}},"97":{"start":{"line":185,"column":16},"end":{"line":185,"column":91}},"98":{"start":{"line":186,"column":16},"end":{"line":186,"column":44}},"99":{"start":{"line":187,"column":16},"end":{"line":187,"column":22}},"100":{"start":{"line":190,"column":16},"end":{"line":190,"column":50}},"101":{"start":{"line":191,"column":16},"end":{"line":191,"column":35}},"102":{"start":{"line":192,"column":16},"end":{"line":192,"column":44}},"103":{"start":{"line":193,"column":16},"end":{"line":193,"column":22}},"104":{"start":{"line":196,"column":16},"end":{"line":196,"column":42}},"105":{"start":{"line":197,"column":16},"end":{"line":197,"column":44}},"106":{"start":{"line":198,"column":16},"end":{"line":198,"column":22}},"107":{"start":{"line":201,"column":16},"end":{"line":201,"column":82}},"108":{"start":{"line":202,"column":16},"end":{"line":202,"column":22}},"109":{"start":{"line":205,"column":16},"end":{"line":205,"column":81}},"110":{"start":{"line":206,"column":16},"end":{"line":206,"column":22}},"111":{"start":{"line":209,"column":16},"end":{"line":209,"column":58}},"112":{"start":{"line":210,"column":16},"end":{"line":210,"column":22}},"113":{"start":{"line":213,"column":16},"end":{"line":213,"column":61}},"114":{"start":{"line":214,"column":16},"end":{"line":214,"column":22}},"115":{"start":{"line":217,"column":16},"end":{"line":217,"column":56}},"116":{"start":{"line":218,"column":16},"end":{"line":218,"column":22}},"117":{"start":{"line":221,"column":34},"end":{"line":221,"column":46}},"118":{"start":{"line":222,"column":16},"end":{"line":222,"column":99}},"119":{"start":{"line":223,"column":16},"end":{"line":232,"column":18}},"120":{"start":{"line":225,"column":24},"end":{"line":225,"column":61}},"121":{"start":{"line":226,"column":24},"end":{"line":226,"column":52}},"122":{"start":{"line":229,"column":24},"end":{"line":229,"column":44}},"123":{"start":{"line":230,"column":24},"end":{"line":230,"column":91}},"124":{"start":{"line":233,"column":16},"end":{"line":233,"column":22}},"125":{"start":{"line":236,"column":16},"end":{"line":236,"column":62}},"126":{"start":{"line":237,"column":16},"end":{"line":237,"column":44}},"127":{"start":{"line":242,"column":8},"end":{"line":282,"column":9}},"128":{"start":{"line":243,"column":12},"end":{"line":255,"column":13}},"129":{"start":{"line":244,"column":31},"end":{"line":244,"column":93}},"130":{"start":{"line":245,"column":16},"end":{"line":251,"column":18}},"131":{"start":{"line":252,"column":16},"end":{"line":252,"column":44}},"132":{"start":{"line":254,"column":16},"end":{"line":254,"column":96}},"133":{"start":{"line":256,"column":15},"end":{"line":282,"column":9}},"134":{"start":{"line":257,"column":12},"end":{"line":279,"column":13}},"135":{"start":{"line":258,"column":27},"end":{"line":258,"column":83}},"136":{"start":{"line":259,"column":16},"end":{"line":276,"column":17}},"137":{"start":{"line":260,"column":20},"end":{"line":260,"column":86}},"138":{"start":{"line":261,"column":20},"end":{"line":267,"column":22}},"139":{"start":{"line":268,"column":20},"end":{"line":268,"column":48}},"140":{"start":{"line":270,"column":41},"end":{"line":272,"column":null}},"141":{"start":{"line":274,"column":20},"end":{"line":274,"column":53}},"142":{"start":{"line":275,"column":20},"end":{"line":275,"column":48}},"143":{"start":{"line":278,"column":16},"end":{"line":278,"column":96}},"144":{"start":{"line":281,"column":12},"end":{"line":281,"column":94}},"145":{"start":{"line":286,"column":21},"end":{"line":286,"column":75}},"146":{"start":{"line":287,"column":8},"end":{"line":289,"column":9}},"147":{"start":{"line":288,"column":12},"end":{"line":288,"column":82}},"148":{"start":{"line":290,"column":8},"end":{"line":292,"column":9}},"149":{"start":{"line":291,"column":12},"end":{"line":291,"column":24}},"150":{"start":{"line":294,"column":29},"end":{"line":294,"column":41}},"151":{"start":{"line":295,"column":27},"end":{"line":295,"column":53}},"152":{"start":{"line":296,"column":23},"end":{"line":297,"column":null}},"153":{"start":{"line":300,"column":29},"end":{"line":306,"column":11}},"154":{"start":{"line":300,"column":77},"end":{"line":306,"column":10}},"155":{"start":{"line":308,"column":8},"end":{"line":308,"column":41}},"156":{"start":{"line":309,"column":8},"end":{"line":309,"column":20}},"157":{"start":{"line":313,"column":27},"end":{"line":313,"column":48}},"158":{"start":{"line":314,"column":23},"end":{"line":315,"column":null}},"159":{"start":{"line":318,"column":8},"end":{"line":324,"column":12}},"160":{"start":{"line":318,"column":63},"end":{"line":324,"column":10}},"161":{"start":{"line":328,"column":8},"end":{"line":342,"column":10}},"162":{"start":{"line":330,"column":30},"end":{"line":330,"column":96}},"163":{"start":{"line":330,"column":78},"end":{"line":330,"column":95}},"164":{"start":{"line":331,"column":16},"end":{"line":335,"column":18}},"165":{"start":{"line":336,"column":16},"end":{"line":336,"column":44}},"166":{"start":{"line":339,"column":16},"end":{"line":339,"column":47}},"167":{"start":{"line":340,"column":16},"end":{"line":340,"column":98}},"168":{"start":{"line":346,"column":24},"end":{"line":346,"column":45}},"169":{"start":{"line":347,"column":8},"end":{"line":355,"column":10}},"170":{"start":{"line":349,"column":16},"end":{"line":349,"column":44}},"171":{"start":{"line":352,"column":16},"end":{"line":352,"column":47}},"172":{"start":{"line":353,"column":16},"end":{"line":353,"column":99}},"173":{"start":{"line":359,"column":8},"end":{"line":379,"column":10}},"174":{"start":{"line":361,"column":16},"end":{"line":372,"column":17}},"175":{"start":{"line":362,"column":38},"end":{"line":362,"column":72}},"176":{"start":{"line":363,"column":20},"end":{"line":369,"column":23}},"177":{"start":{"line":364,"column":41},"end":{"line":364,"column":43}},"178":{"start":{"line":365,"column":24},"end":{"line":367,"column":27}},"179":{"start":{"line":366,"column":28},"end":{"line":366,"column":51}},"180":{"start":{"line":368,"column":24},"end":{"line":368,"column":35}},"181":{"start":{"line":371,"column":20},"end":{"line":371,"column":74}},"182":{"start":{"line":373,"column":16},"end":{"line":373,"column":44}},"183":{"start":{"line":376,"column":16},"end":{"line":376,"column":47}},"184":{"start":{"line":377,"column":16},"end":{"line":377,"column":101}},"185":{"start":{"line":383,"column":8},"end":{"line":402,"column":10}},"186":{"start":{"line":385,"column":16},"end":{"line":395,"column":17}},"187":{"start":{"line":387,"column":20},"end":{"line":391,"column":23}},"188":{"start":{"line":388,"column":24},"end":{"line":390,"column":25}},"189":{"start":{"line":389,"column":28},"end":{"line":389,"column":45}},"190":{"start":{"line":392,"column":20},"end":{"line":392,"column":42}},"191":{"start":{"line":394,"column":20},"end":{"line":394,"column":76}},"192":{"start":{"line":396,"column":16},"end":{"line":396,"column":44}},"193":{"start":{"line":399,"column":16},"end":{"line":399,"column":47}},"194":{"start":{"line":400,"column":16},"end":{"line":400,"column":105}},"195":{"start":{"line":406,"column":8},"end":{"line":412,"column":9}},"196":{"start":{"line":407,"column":12},"end":{"line":411,"column":13}},"197":{"start":{"line":408,"column":16},"end":{"line":408,"column":41}},"198":{"start":{"line":410,"column":16},"end":{"line":410,"column":43}},"199":{"start":{"line":413,"column":8},"end":{"line":413,"column":36}},"200":{"start":{"line":417,"column":8},"end":{"line":419,"column":9}},"201":{"start":{"line":418,"column":12},"end":{"line":418,"column":35}},"202":{"start":{"line":420,"column":8},"end":{"line":420,"column":36}},"203":{"start":{"line":424,"column":26},"end":{"line":441,"column":9}},"204":{"start":{"line":425,"column":12},"end":{"line":440,"column":18}},"205":{"start":{"line":429,"column":24},"end":{"line":429,"column":52}},"206":{"start":{"line":430,"column":24},"end":{"line":435,"column":31}},"207":{"start":{"line":431,"column":28},"end":{"line":431,"column":48}},"208":{"start":{"line":432,"column":28},"end":{"line":432,"column":59}},"209":{"start":{"line":433,"column":28},"end":{"line":433,"column":91}},"210":{"start":{"line":434,"column":28},"end":{"line":434,"column":100}},"211":{"start":{"line":438,"column":24},"end":{"line":438,"column":89}},"212":{"start":{"line":443,"column":8},"end":{"line":448,"column":9}},"213":{"start":{"line":444,"column":12},"end":{"line":444,"column":24}},"214":{"start":{"line":446,"column":12},"end":{"line":446,"column":63}},"215":{"start":{"line":447,"column":12},"end":{"line":447,"column":58}},"216":{"start":{"line":452,"column":8},"end":{"line":452,"column":60}},"217":{"start":{"line":456,"column":8},"end":{"line":458,"column":9}},"218":{"start":{"line":457,"column":12},"end":{"line":457,"column":28}},"219":{"start":{"line":459,"column":8},"end":{"line":461,"column":9}},"220":{"start":{"line":460,"column":12},"end":{"line":460,"column":28}},"221":{"start":{"line":462,"column":8},"end":{"line":462,"column":55}},"222":{"start":{"line":466,"column":8},"end":{"line":466,"column":29}},"223":{"start":{"line":467,"column":8},"end":{"line":467,"column":71}},"224":{"start":{"line":468,"column":8},"end":{"line":468,"column":77}},"225":{"start":{"line":472,"column":25},"end":{"line":472,"column":83}},"226":{"start":{"line":473,"column":8},"end":{"line":473,"column":28}},"227":{"start":{"line":474,"column":8},"end":{"line":474,"column":42}},"228":{"start":{"line":475,"column":8},"end":{"line":475,"column":71}},"229":{"start":{"line":476,"column":8},"end":{"line":476,"column":68}},"230":{"start":{"line":480,"column":8},"end":{"line":480,"column":28}},"231":{"start":{"line":481,"column":8},"end":{"line":481,"column":36}},"232":{"start":{"line":482,"column":8},"end":{"line":482,"column":77}},"233":{"start":{"line":483,"column":8},"end":{"line":483,"column":74}},"234":{"start":{"line":487,"column":8},"end":{"line":487,"column":28}},"235":{"start":{"line":488,"column":8},"end":{"line":488,"column":44}},"236":{"start":{"line":489,"column":8},"end":{"line":489,"column":85}},"237":{"start":{"line":490,"column":8},"end":{"line":490,"column":82}},"238":{"start":{"line":494,"column":8},"end":{"line":494,"column":66}},"239":{"start":{"line":498,"column":8},"end":{"line":498,"column":65}},"240":{"start":{"line":502,"column":8},"end":{"line":502,"column":45}},"241":{"start":{"line":503,"column":8},"end":{"line":503,"column":67}},"242":{"start":{"line":507,"column":8},"end":{"line":509,"column":9}},"243":{"start":{"line":508,"column":12},"end":{"line":508,"column":32}},"244":{"start":{"line":510,"column":8},"end":{"line":515,"column":9}},"245":{"start":{"line":511,"column":12},"end":{"line":511,"column":32}},"246":{"start":{"line":512,"column":12},"end":{"line":512,"column":45}},"247":{"start":{"line":513,"column":12},"end":{"line":513,"column":86}},"248":{"start":{"line":514,"column":12},"end":{"line":514,"column":83}},"249":{"start":{"line":519,"column":8},"end":{"line":519,"column":25}},"250":{"start":{"line":520,"column":8},"end":{"line":520,"column":46}},"251":{"start":{"line":524,"column":8},"end":{"line":524,"column":91}},"252":{"start":{"line":525,"column":8},"end":{"line":525,"column":25}},"253":{"start":{"line":529,"column":8},"end":{"line":531,"column":9}},"254":{"start":{"line":530,"column":12},"end":{"line":530,"column":19}},"255":{"start":{"line":533,"column":31},"end":{"line":562,"column":10}},"256":{"start":{"line":533,"column":65},"end":{"line":562,"column":10}},"257":{"start":{"line":534,"column":45},"end":{"line":534,"column":47}},"258":{"start":{"line":535,"column":12},"end":{"line":543,"column":15}},"259":{"start":{"line":536,"column":16},"end":{"line":542,"column":18}},"260":{"start":{"line":545,"column":12},"end":{"line":557,"column":13}},"261":{"start":{"line":546,"column":32},"end":{"line":546,"column":59}},"262":{"start":{"line":547,"column":43},"end":{"line":547,"column":45}},"263":{"start":{"line":548,"column":16},"end":{"line":552,"column":19}},"264":{"start":{"line":549,"column":20},"end":{"line":551,"column":21}},"265":{"start":{"line":550,"column":24},"end":{"line":550,"column":67}},"266":{"start":{"line":553,"column":16},"end":{"line":553,"column":48}},"267":{"start":{"line":554,"column":16},"end":{"line":554,"column":44}},"268":{"start":{"line":556,"column":16},"end":{"line":556,"column":69}},"269":{"start":{"line":559,"column":12},"end":{"line":561,"column":13}},"270":{"start":{"line":560,"column":16},"end":{"line":560,"column":67}},"271":{"start":{"line":564,"column":22},"end":{"line":573,"column":10}},"272":{"start":{"line":564,"column":33},"end":{"line":573,"column":10}},"273":{"start":{"line":565,"column":12},"end":{"line":572,"column":13}},"274":{"start":{"line":566,"column":16},"end":{"line":566,"column":44}},"275":{"start":{"line":568,"column":16},"end":{"line":568,"column":62}},"276":{"start":{"line":569,"column":16},"end":{"line":571,"column":19}},"277":{"start":{"line":570,"column":20},"end":{"line":570,"column":41}},"278":{"start":{"line":575,"column":8},"end":{"line":579,"column":9}},"279":{"start":{"line":576,"column":12},"end":{"line":576,"column":20}},"280":{"start":{"line":578,"column":12},"end":{"line":578,"column":55}},"281":{"start":{"line":583,"column":31},"end":{"line":643,"column":10}},"282":{"start":{"line":583,"column":65},"end":{"line":643,"column":10}},"283":{"start":{"line":584,"column":12},"end":{"line":584,"column":35}},"284":{"start":{"line":585,"column":40},"end":{"line":586,"column":null}},"285":{"start":{"line":586,"column":29},"end":{"line":586,"column":38}},"286":{"start":{"line":589,"column":12},"end":{"line":638,"column":13}},"287":{"start":{"line":590,"column":16},"end":{"line":590,"column":77}},"288":{"start":{"line":591,"column":16},"end":{"line":591,"column":61}},"289":{"start":{"line":593,"column":49},"end":{"line":593,"column":51}},"290":{"start":{"line":594,"column":36},"end":{"line":594,"column":72}},"291":{"start":{"line":596,"column":16},"end":{"line":624,"column":17}},"292":{"start":{"line":597,"column":35},"end":{"line":597,"column":91}},"293":{"start":{"line":598,"column":33},"end":{"line":598,"column":95}},"294":{"start":{"line":599,"column":20},"end":{"line":612,"column":23}},"295":{"start":{"line":600,"column":24},"end":{"line":611,"column":25}},"296":{"start":{"line":601,"column":48},"end":{"line":601,"column":78}},"297":{"start":{"line":602,"column":28},"end":{"line":610,"column":30}},"298":{"start":{"line":614,"column":20},"end":{"line":623,"column":23}},"299":{"start":{"line":615,"column":24},"end":{"line":622,"column":26}},"300":{"start":{"line":626,"column":32},"end":{"line":626,"column":87}},"301":{"start":{"line":626,"column":76},"end":{"line":626,"column":86}},"302":{"start":{"line":627,"column":16},"end":{"line":633,"column":18}},"303":{"start":{"line":628,"column":59},"end":{"line":632,"column":22}},"304":{"start":{"line":634,"column":16},"end":{"line":634,"column":66}},"305":{"start":{"line":635,"column":16},"end":{"line":635,"column":44}},"306":{"start":{"line":637,"column":16},"end":{"line":637,"column":68}},"307":{"start":{"line":640,"column":12},"end":{"line":642,"column":13}},"308":{"start":{"line":641,"column":16},"end":{"line":641,"column":67}},"309":{"start":{"line":645,"column":22},"end":{"line":654,"column":10}},"310":{"start":{"line":645,"column":33},"end":{"line":654,"column":10}},"311":{"start":{"line":646,"column":12},"end":{"line":653,"column":13}},"312":{"start":{"line":647,"column":16},"end":{"line":647,"column":44}},"313":{"start":{"line":649,"column":16},"end":{"line":649,"column":68}},"314":{"start":{"line":650,"column":16},"end":{"line":652,"column":19}},"315":{"start":{"line":651,"column":20},"end":{"line":651,"column":41}},"316":{"start":{"line":656,"column":8},"end":{"line":660,"column":9}},"317":{"start":{"line":657,"column":12},"end":{"line":657,"column":20}},"318":{"start":{"line":659,"column":12},"end":{"line":659,"column":55}},"319":{"start":{"line":664,"column":8},"end":{"line":668,"column":9}},"320":{"start":{"line":665,"column":12},"end":{"line":665,"column":44}},"321":{"start":{"line":666,"column":12},"end":{"line":666,"column":40}},"322":{"start":{"line":667,"column":12},"end":{"line":667,"column":19}},"323":{"start":{"line":670,"column":8},"end":{"line":704,"column":9}},"324":{"start":{"line":671,"column":27},"end":{"line":671,"column":79}},"325":{"start":{"line":672,"column":40},"end":{"line":672,"column":99}},"326":{"start":{"line":672,"column":84},"end":{"line":672,"column":98}},"327":{"start":{"line":673,"column":36},"end":{"line":673,"column":70}},"328":{"start":{"line":675,"column":12},"end":{"line":680,"column":13}},"329":{"start":{"line":676,"column":16},"end":{"line":676,"column":65}},"330":{"start":{"line":678,"column":16},"end":{"line":678,"column":83}},"331":{"start":{"line":679,"column":16},"end":{"line":679,"column":52}},"332":{"start":{"line":682,"column":38},"end":{"line":683,"column":null}},"333":{"start":{"line":683,"column":38},"end":{"line":683,"column":86}},"334":{"start":{"line":686,"column":28},"end":{"line":698,"column":42}},"335":{"start":{"line":688,"column":33},"end":{"line":688,"column":55}},"336":{"start":{"line":689,"column":20},"end":{"line":695,"column":21}},"337":{"start":{"line":690,"column":24},"end":{"line":690,"column":43}},"338":{"start":{"line":691,"column":35},"end":{"line":691,"column":73}},"339":{"start":{"line":692,"column":41},"end":{"line":692,"column":76}},"340":{"start":{"line":693,"column":40},"end":{"line":693,"column":73}},"341":{"start":{"line":694,"column":24},"end":{"line":694,"column":67}},"342":{"start":{"line":696,"column":20},"end":{"line":696,"column":32}},"343":{"start":{"line":698,"column":31},"end":{"line":698,"column":41}},"344":{"start":{"line":700,"column":12},"end":{"line":700,"column":40}},"345":{"start":{"line":701,"column":12},"end":{"line":701,"column":40}},"346":{"start":{"line":703,"column":12},"end":{"line":703,"column":92}},"347":{"start":{"line":708,"column":8},"end":{"line":795,"column":9}},"348":{"start":{"line":709,"column":26},"end":{"line":709,"column":101}},"349":{"start":{"line":710,"column":41},"end":{"line":710,"column":43}},"350":{"start":{"line":712,"column":12},"end":{"line":789,"column":13}},"351":{"start":{"line":713,"column":35},"end":{"line":713,"column":89}},"352":{"start":{"line":714,"column":33},"end":{"line":714,"column":43}},"353":{"start":{"line":715,"column":37},"end":{"line":715,"column":71}},"354":{"start":{"line":717,"column":16},"end":{"line":719,"column":17}},"355":{"start":{"line":718,"column":20},"end":{"line":718,"column":77}},"356":{"start":{"line":721,"column":16},"end":{"line":730,"column":17}},"357":{"start":{"line":726,"column":33},"end":{"line":726,"column":99}},"358":{"start":{"line":727,"column":20},"end":{"line":729,"column":21}},"359":{"start":{"line":728,"column":24},"end":{"line":728,"column":46}},"360":{"start":{"line":732,"column":16},"end":{"line":788,"column":17}},"361":{"start":{"line":733,"column":20},"end":{"line":777,"column":21}},"362":{"start":{"line":734,"column":44},"end":{"line":736,"column":null}},"363":{"start":{"line":738,"column":41},"end":{"line":738,"column":43}},"364":{"start":{"line":739,"column":24},"end":{"line":743,"column":27}},"365":{"start":{"line":740,"column":28},"end":{"line":742,"column":29}},"366":{"start":{"line":741,"column":32},"end":{"line":741,"column":55}},"367":{"start":{"line":745,"column":24},"end":{"line":766,"column":25}},"368":{"start":{"line":746,"column":40},"end":{"line":746,"column":93}},"369":{"start":{"line":747,"column":28},"end":{"line":755,"column":30}},"370":{"start":{"line":757,"column":28},"end":{"line":765,"column":30}},"371":{"start":{"line":768,"column":24},"end":{"line":776,"column":26}},"372":{"start":{"line":779,"column":20},"end":{"line":787,"column":22}},"373":{"start":{"line":791,"column":12},"end":{"line":791,"column":52}},"374":{"start":{"line":792,"column":12},"end":{"line":792,"column":40}},"375":{"start":{"line":794,"column":12},"end":{"line":794,"column":97}},"376":{"start":{"line":799,"column":8},"end":{"line":799,"column":36}},"377":{"start":{"line":803,"column":23},"end":{"line":803,"column":41}},"378":{"start":{"line":804,"column":8},"end":{"line":804,"column":71}},"379":{"start":{"line":805,"column":8},"end":{"line":805,"column":53}},"380":{"start":{"line":806,"column":8},"end":{"line":806,"column":95}},"381":{"start":{"line":807,"column":8},"end":{"line":807,"column":35}},"382":{"start":{"line":808,"column":8},"end":{"line":808,"column":36}},"383":{"start":{"line":812,"column":8},"end":{"line":814,"column":9}},"384":{"start":{"line":813,"column":12},"end":{"line":813,"column":94}},"385":{"start":{"line":815,"column":8},"end":{"line":815,"column":56}},"386":{"start":{"line":820,"column":8},"end":{"line":825,"column":9}},"387":{"start":{"line":821,"column":12},"end":{"line":821,"column":60}},"388":{"start":{"line":823,"column":12},"end":{"line":823,"column":47}},"389":{"start":{"line":824,"column":12},"end":{"line":824,"column":60}},"390":{"start":{"line":826,"column":8},"end":{"line":826,"column":46}},"391":{"start":{"line":832,"column":8},"end":{"line":849,"column":9}},"392":{"start":{"line":833,"column":33},"end":{"line":833,"column":70}},"393":{"start":{"line":834,"column":12},"end":{"line":838,"column":15}},"394":{"start":{"line":835,"column":35},"end":{"line":835,"column":65}},"395":{"start":{"line":836,"column":31},"end":{"line":836,"column":70}},"396":{"start":{"line":837,"column":17},"end":{"line":837,"column":90}},"397":{"start":{"line":839,"column":27},"end":{"line":839,"column":60}},"398":{"start":{"line":840,"column":12},"end":{"line":840,"column":72}},"399":{"start":{"line":842,"column":12},"end":{"line":844,"column":13}},"400":{"start":{"line":843,"column":16},"end":{"line":843,"column":26}},"401":{"start":{"line":845,"column":12},"end":{"line":845,"column":71}},"402":{"start":{"line":846,"column":23},"end":{"line":846,"column":56}},"403":{"start":{"line":847,"column":12},"end":{"line":847,"column":36}},"404":{"start":{"line":848,"column":12},"end":{"line":848,"column":27}},"405":{"start":{"line":851,"column":8},"end":{"line":851,"column":22}},"406":{"start":{"line":860,"column":33},"end":{"line":860,"column":35}},"407":{"start":{"line":861,"column":8},"end":{"line":880,"column":9}},"408":{"start":{"line":862,"column":30},"end":{"line":862,"column":91}},"409":{"start":{"line":863,"column":12},"end":{"line":875,"column":13}},"410":{"start":{"line":864,"column":16},"end":{"line":874,"column":17}},"411":{"start":{"line":865,"column":36},"end":{"line":865,"column":64}},"412":{"start":{"line":866,"column":35},"end":{"line":866,"column":85}},"413":{"start":{"line":867,"column":20},"end":{"line":867,"column":64}},"414":{"start":{"line":869,"column":20},"end":{"line":873,"column":23}},"415":{"start":{"line":876,"column":12},"end":{"line":876,"column":42}},"416":{"start":{"line":877,"column":12},"end":{"line":877,"column":40}},"417":{"start":{"line":879,"column":12},"end":{"line":879,"column":85}},"418":{"start":{"line":884,"column":27},"end":{"line":884,"column":64}},"419":{"start":{"line":885,"column":33},"end":{"line":885,"column":35}},"420":{"start":{"line":887,"column":8},"end":{"line":897,"column":9}},"421":{"start":{"line":888,"column":12},"end":{"line":892,"column":13}},"422":{"start":{"line":889,"column":32},"end":{"line":889,"column":62}},"423":{"start":{"line":890,"column":31},"end":{"line":890,"column":82}},"424":{"start":{"line":891,"column":16},"end":{"line":891,"column":60}},"425":{"start":{"line":893,"column":12},"end":{"line":893,"column":42}},"426":{"start":{"line":894,"column":12},"end":{"line":894,"column":40}},"427":{"start":{"line":896,"column":12},"end":{"line":896,"column":101}},"428":{"start":{"line":906,"column":33},"end":{"line":906,"column":35}},"429":{"start":{"line":907,"column":8},"end":{"line":921,"column":9}},"430":{"start":{"line":908,"column":30},"end":{"line":908,"column":82}},"431":{"start":{"line":909,"column":29},"end":{"line":909,"column":47}},"432":{"start":{"line":910,"column":31},"end":{"line":910,"column":76}},"433":{"start":{"line":912,"column":12},"end":{"line":916,"column":13}},"434":{"start":{"line":913,"column":32},"end":{"line":913,"column":74}},"435":{"start":{"line":914,"column":31},"end":{"line":914,"column":82}},"436":{"start":{"line":915,"column":16},"end":{"line":915,"column":60}},"437":{"start":{"line":917,"column":12},"end":{"line":917,"column":42}},"438":{"start":{"line":918,"column":12},"end":{"line":918,"column":40}},"439":{"start":{"line":920,"column":12},"end":{"line":920,"column":101}},"440":{"start":{"line":930,"column":8},"end":{"line":969,"column":9}},"441":{"start":{"line":931,"column":12},"end":{"line":931,"column":90}},"442":{"start":{"line":932,"column":12},"end":{"line":966,"column":13}},"443":{"start":{"line":933,"column":36},"end":{"line":937,"column":null}},"444":{"start":{"line":940,"column":16},"end":{"line":963,"column":17}},"445":{"start":{"line":941,"column":20},"end":{"line":958,"column":21}},"446":{"start":{"line":942,"column":44},"end":{"line":950,"column":25}},"447":{"start":{"line":943,"column":28},"end":{"line":948,"column":29}},"448":{"start":{"line":944,"column":32},"end":{"line":946,"column":33}},"449":{"start":{"line":945,"column":36},"end":{"line":945,"column":56}},"450":{"start":{"line":947,"column":32},"end":{"line":947,"column":57}},"451":{"start":{"line":949,"column":28},"end":{"line":949,"column":37}},"452":{"start":{"line":951,"column":24},"end":{"line":957,"column":26}},"453":{"start":{"line":959,"column":20},"end":{"line":959,"column":60}},"454":{"start":{"line":960,"column":20},"end":{"line":960,"column":48}},"455":{"start":{"line":962,"column":20},"end":{"line":962,"column":85}},"456":{"start":{"line":965,"column":16},"end":{"line":965,"column":89}},"457":{"start":{"line":968,"column":12},"end":{"line":968,"column":85}},"458":{"start":{"line":975,"column":8},"end":{"line":977,"column":9}},"459":{"start":{"line":976,"column":12},"end":{"line":976,"column":63}},"460":{"start":{"line":979,"column":8},"end":{"line":983,"column":9}},"461":{"start":{"line":980,"column":31},"end":{"line":980,"column":61}},"462":{"start":{"line":981,"column":29},"end":{"line":981,"column":69}},"463":{"start":{"line":982,"column":12},"end":{"line":982,"column":84}},"464":{"start":{"line":985,"column":8},"end":{"line":992,"column":9}},"465":{"start":{"line":989,"column":31},"end":{"line":989,"column":61}},"466":{"start":{"line":990,"column":29},"end":{"line":990,"column":69}},"467":{"start":{"line":991,"column":12},"end":{"line":991,"column":85}},"468":{"start":{"line":994,"column":8},"end":{"line":994,"column":67}},"469":{"start":{"line":996,"column":8},"end":{"line":998,"column":9}},"470":{"start":{"line":997,"column":12},"end":{"line":997,"column":71}},"471":{"start":{"line":1000,"column":8},"end":{"line":1096,"column":9}},"472":{"start":{"line":1001,"column":12},"end":{"line":1092,"column":13}},"473":{"start":{"line":1002,"column":31},"end":{"line":1002,"column":37}},"474":{"start":{"line":1003,"column":16},"end":{"line":1019,"column":17}},"475":{"start":{"line":1004,"column":37},"end":{"line":1004,"column":87}},"476":{"start":{"line":1005,"column":38},"end":{"line":1014,"column":22}},"477":{"start":{"line":1006,"column":35},"end":{"line":1006,"column":67}},"478":{"start":{"line":1007,"column":24},"end":{"line":1007,"column":38}},"479":{"start":{"line":1008,"column":24},"end":{"line":1012,"column":25}},"480":{"start":{"line":1009,"column":28},"end":{"line":1009,"column":92}},"481":{"start":{"line":1011,"column":28},"end":{"line":1011,"column":91}},"482":{"start":{"line":1013,"column":24},"end":{"line":1013,"column":58}},"483":{"start":{"line":1015,"column":20},"end":{"line":1015,"column":50}},"484":{"start":{"line":1016,"column":20},"end":{"line":1016,"column":48}},"485":{"start":{"line":1018,"column":20},"end":{"line":1018,"column":93}},"486":{"start":{"line":1020,"column":19},"end":{"line":1092,"column":13}},"487":{"start":{"line":1021,"column":31},"end":{"line":1021,"column":37}},"488":{"start":{"line":1022,"column":16},"end":{"line":1088,"column":17}},"489":{"start":{"line":1023,"column":45},"end":{"line":1023,"column":47}},"490":{"start":{"line":1024,"column":36},"end":{"line":1024,"column":40}},"491":{"start":{"line":1025,"column":32},"end":{"line":1025,"column":33}},"492":{"start":{"line":1027,"column":33},"end":{"line":1030,"column":21}},"493":{"start":{"line":1028,"column":24},"end":{"line":1028,"column":54}},"494":{"start":{"line":1029,"column":24},"end":{"line":1029,"column":52}},"495":{"start":{"line":1032,"column":38},"end":{"line":1079,"column":22}},"496":{"start":{"line":1032,"column":49},"end":{"line":1079,"column":22}},"497":{"start":{"line":1033,"column":43},"end":{"line":1034,"column":null}},"498":{"start":{"line":1036,"column":24},"end":{"line":1078,"column":25}},"499":{"start":{"line":1037,"column":45},"end":{"line":1041,"column":null}},"500":{"start":{"line":1044,"column":28},"end":{"line":1075,"column":29}},"501":{"start":{"line":1045,"column":32},"end":{"line":1072,"column":33}},"502":{"start":{"line":1046,"column":36},"end":{"line":1058,"column":37}},"503":{"start":{"line":1047,"column":40},"end":{"line":1049,"column":41}},"504":{"start":{"line":1048,"column":44},"end":{"line":1048,"column":58}},"505":{"start":{"line":1050,"column":40},"end":{"line":1050,"column":58}},"506":{"start":{"line":1051,"column":43},"end":{"line":1058,"column":37}},"507":{"start":{"line":1052,"column":40},"end":{"line":1056,"column":43}},"508":{"start":{"line":1057,"column":40},"end":{"line":1057,"column":54}},"509":{"start":{"line":1059,"column":36},"end":{"line":1063,"column":39}},"510":{"start":{"line":1064,"column":36},"end":{"line":1064,"column":48}},"511":{"start":{"line":1066,"column":36},"end":{"line":1070,"column":39}},"512":{"start":{"line":1071,"column":36},"end":{"line":1071,"column":43}},"513":{"start":{"line":1074,"column":32},"end":{"line":1074,"column":98}},"514":{"start":{"line":1077,"column":28},"end":{"line":1077,"column":102}},"515":{"start":{"line":1081,"column":20},"end":{"line":1081,"column":32}},"516":{"start":{"line":1083,"column":20},"end":{"line":1087,"column":22}},"517":{"start":{"line":1090,"column":16},"end":{"line":1090,"column":54}},"518":{"start":{"line":1091,"column":16},"end":{"line":1091,"column":44}},"519":{"start":{"line":1094,"column":12},"end":{"line":1094,"column":46}},"520":{"start":{"line":1095,"column":12},"end":{"line":1095,"column":40}},"521":{"start":{"line":1100,"column":8},"end":{"line":1140,"column":9}},"522":{"start":{"line":1101,"column":12},"end":{"line":1115,"column":13}},"523":{"start":{"line":1102,"column":32},"end":{"line":1102,"column":106}},"524":{"start":{"line":1103,"column":31},"end":{"line":1103,"column":83}},"525":{"start":{"line":1104,"column":16},"end":{"line":1107,"column":18}},"526":{"start":{"line":1108,"column":16},"end":{"line":1108,"column":44}},"527":{"start":{"line":1110,"column":16},"end":{"line":1113,"column":18}},"528":{"start":{"line":1114,"column":16},"end":{"line":1114,"column":68}},"529":{"start":{"line":1116,"column":15},"end":{"line":1140,"column":9}},"530":{"start":{"line":1117,"column":12},"end":{"line":1126,"column":13}},"531":{"start":{"line":1118,"column":31},"end":{"line":1118,"column":84}},"532":{"start":{"line":1119,"column":16},"end":{"line":1122,"column":18}},"533":{"start":{"line":1123,"column":16},"end":{"line":1123,"column":44}},"534":{"start":{"line":1125,"column":16},"end":{"line":1125,"column":68}},"535":{"start":{"line":1128,"column":12},"end":{"line":1139,"column":14}},"536":{"start":{"line":1130,"column":20},"end":{"line":1133,"column":88}},"537":{"start":{"line":1134,"column":20},"end":{"line":1134,"column":48}},"538":{"start":{"line":1137,"column":20},"end":{"line":1137,"column":72}},"539":{"start":{"line":1144,"column":8},"end":{"line":1166,"column":9}},"540":{"start":{"line":1145,"column":26},"end":{"line":1145,"column":35}},"541":{"start":{"line":1146,"column":27},"end":{"line":1146,"column":76}},"542":{"start":{"line":1148,"column":12},"end":{"line":1159,"column":13}},"543":{"start":{"line":1149,"column":16},"end":{"line":1149,"column":76}},"544":{"start":{"line":1150,"column":19},"end":{"line":1159,"column":13}},"545":{"start":{"line":1151,"column":16},"end":{"line":1151,"column":52}},"546":{"start":{"line":1152,"column":19},"end":{"line":1159,"column":13}},"547":{"start":{"line":1153,"column":16},"end":{"line":1153,"column":51}},"548":{"start":{"line":1154,"column":19},"end":{"line":1159,"column":13}},"549":{"start":{"line":1158,"column":16},"end":{"line":1158,"column":52}},"550":{"start":{"line":1161,"column":27},"end":{"line":1161,"column":79}},"551":{"start":{"line":1162,"column":12},"end":{"line":1162,"column":62}},"552":{"start":{"line":1163,"column":12},"end":{"line":1163,"column":40}},"553":{"start":{"line":1165,"column":12},"end":{"line":1165,"column":86}},"554":{"start":{"line":1170,"column":8},"end":{"line":1177,"column":10}},"555":{"start":{"line":1172,"column":16},"end":{"line":1172,"column":44}},"556":{"start":{"line":1175,"column":16},"end":{"line":1175,"column":79}},"557":{"start":{"line":1181,"column":8},"end":{"line":1189,"column":10}},"558":{"start":{"line":1183,"column":16},"end":{"line":1183,"column":62}},"559":{"start":{"line":1184,"column":16},"end":{"line":1184,"column":44}},"560":{"start":{"line":1187,"column":16},"end":{"line":1187,"column":82}},"561":{"start":{"line":1193,"column":8},"end":{"line":1213,"column":9}},"562":{"start":{"line":1194,"column":33},"end":{"line":1194,"column":54}},"563":{"start":{"line":1195,"column":12},"end":{"line":1208,"column":13}},"564":{"start":{"line":1196,"column":30},"end":{"line":1196,"column":78}},"565":{"start":{"line":1197,"column":16},"end":{"line":1197,"column":75}},"566":{"start":{"line":1199,"column":16},"end":{"line":1207,"column":17}},"567":{"start":{"line":1203,"column":33},"end":{"line":1203,"column":99}},"568":{"start":{"line":1204,"column":20},"end":{"line":1206,"column":21}},"569":{"start":{"line":1205,"column":24},"end":{"line":1205,"column":46}},"570":{"start":{"line":1209,"column":12},"end":{"line":1209,"column":70}},"571":{"start":{"line":1210,"column":12},"end":{"line":1210,"column":40}},"572":{"start":{"line":1212,"column":12},"end":{"line":1212,"column":79}},"573":{"start":{"line":1217,"column":8},"end":{"line":1224,"column":10}},"574":{"start":{"line":1219,"column":16},"end":{"line":1219,"column":44}},"575":{"start":{"line":1222,"column":16},"end":{"line":1222,"column":82}},"576":{"start":{"line":1228,"column":8},"end":{"line":1248,"column":9}},"577":{"start":{"line":1229,"column":33},"end":{"line":1229,"column":54}},"578":{"start":{"line":1230,"column":12},"end":{"line":1243,"column":13}},"579":{"start":{"line":1231,"column":30},"end":{"line":1231,"column":78}},"580":{"start":{"line":1232,"column":16},"end":{"line":1232,"column":75}},"581":{"start":{"line":1234,"column":16},"end":{"line":1242,"column":17}},"582":{"start":{"line":1238,"column":33},"end":{"line":1238,"column":99}},"583":{"start":{"line":1239,"column":20},"end":{"line":1241,"column":21}},"584":{"start":{"line":1240,"column":24},"end":{"line":1240,"column":46}},"585":{"start":{"line":1244,"column":12},"end":{"line":1244,"column":70}},"586":{"start":{"l
[...]
:{"start":{"line":314,"column":12},"end":{"line":314,"column":61}},"141":{"start":{"line":316,"column":8},"end":{"line":316,"column":23}},"142":{"start":{"line":320,"column":8},"end":{"line":320,"column":33}},"143":{"start":{"line":321,"column":8},"end":{"line":323,"column":9}},"144":{"start":{"line":322,"column":12},"end":{"line":322,"column":22}},"145":{"start":{"line":325,"column":8},"end":{"line":330,"column":9}},"146":{"start":{"line":326,"column":12},"end":{"line":328,"column":13}},"147":{"start":{"line":327,"column":16},"end":{"line":327,"column":86}},"148":{"start":{"line":327,"column":65},"end":{"line":327,"column":84}},"149":{"start":{"line":329,"column":12},"end":{"line":329,"column":66}},"150":{"start":{"line":329,"column":47},"end":{"line":329,"column":64}},"151":{"start":{"line":332,"column":8},"end":{"line":334,"column":9}},"152":{"start":{"line":333,"column":12},"end":{"line":333,"column":61}},"153":{"start":{"line":333,"column":29},"end":{"line":333,"column":53}},"154":{"start":{"line":336,"column":8},"end":{"line":336,"column":99}},"155":{"start":{"line":340,"column":8},"end":{"line":340,"column":28}},"156":{"start":{"line":341,"column":8},"end":{"line":341,"column":28}},"157":{"start":{"line":342,"column":8},"end":{"line":342,"column":30}},"158":{"start":{"line":343,"column":8},"end":{"line":343,"column":23}},"159":{"start":{"line":347,"column":8},"end":{"line":347,"column":28}},"160":{"start":{"line":348,"column":8},"end":{"line":348,"column":28}},"161":{"start":{"line":349,"column":8},"end":{"line":349,"column":30}},"162":{"start":{"line":350,"column":8},"end":{"line":350,"column":42}},"163":{"start":{"line":354,"column":8},"end":{"line":356,"column":9}},"164":{"start":{"line":355,"column":12},"end":{"line":355,"column":37}},"165":{"start":{"line":217,"column":0},"end":{"line":217,"column":13}}},"fnMap":{"0":{"name":"(anonymous_9)","decl":{"start":{"line":5,"column":0},"end":{"line":5,"column":12}},"loc":{"start":{"line":5,"column":22},"end":{"line":8,"column":1}}},"1":{"name":"(anonymous_10)","decl":{"start":{"line":11,"column":4},"end":{"line":11,"column":null}},"loc":{"start":{"line":15,"column":29},"end":{"line":23,"column":5}}},"2":{"name":"(anonymous_11)","decl":{"start":{"line":30,"column":4},"end":{"line":30,"column":23}},"loc":{"start":{"line":30,"column":45},"end":{"line":30,"column":49}}},"3":{"name":"(anonymous_12)","decl":{"start":{"line":32,"column":4},"end":{"line":32,"column":15}},"loc":{"start":{"line":32,"column":15},"end":{"line":34,"column":5}}},"4":{"name":"(anonymous_13)","decl":{"start":{"line":36,"column":4},"end":{"line":36,"column":15}},"loc":{"start":{"line":36,"column":15},"end":{"line":38,"column":5}}},"5":{"name":"(anonymous_14)","decl":{"start":{"line":40,"column":4},"end":{"line":40,"column":16}},"loc":{"start":{"line":40,"column":16},"end":{"line":42,"column":5}}},"6":{"name":"(anonymous_15)","decl":{"start":{"line":44,"column":4},"end":{"line":44,"column":13}},"loc":{"start":{"line":44,"column":34},"end":{"line":46,"column":5}}},"7":{"name":"(anonymous_16)","decl":{"start":{"line":55,"column":4},"end":{"line":55,"column":16}},"loc":{"start":{"line":55,"column":43},"end":{"line":82,"column":5}}},"8":{"name":"(anonymous_17)","decl":{"start":{"line":84,"column":4},"end":{"line":84,"column":15}},"loc":{"start":{"line":84,"column":45},"end":{"line":86,"column":5}}},"9":{"name":"(anonymous_18)","decl":{"start":{"line":88,"column":4},"end":{"line":88,"column":15}},"loc":{"start":{"line":88,"column":15},"end":{"line":111,"column":5}}},"10":{"name":"(anonymous_19)","decl":{"start":{"line":113,"column":4},"end":{"line":113,"column":15}},"loc":{"start":{"line":113,"column":15},"end":{"line":115,"column":5}}},"11":{"name":"(anonymous_20)","decl":{"start":{"line":117,"column":4},"end":{"line":117,"column":12}},"loc":{"start":{"line":117,"column":26},"end":{"line":119,"column":5}}},"12":{"name":"(anonymous_21)","decl":{"start":{"line":121,"column":4},"end":{"line":121,"column":16}},"loc":{"start":{"line":121,"column":16},"end":{"line":130,"column":5}}},"13":{"name":"(anonymous_22)","decl":{"start":{"line":132,"column":4},"end":{"line":132,"column":13}},"loc":{"start":{"line":132,"column":13},"end":{"line":134,"column":5}}},"14":{"name":"(anonymous_23)","decl":{"start":{"line":136,"column":4},"end":{"line":136,"column":16}},"loc":{"start":{"line":136,"column":16},"end":{"line":151,"column":5}}},"15":{"name":"(anonymous_24)","decl":{"start":{"line":147,"column":35},"end":{"line":147,"column":36}},"loc":{"start":{"line":147,"column":46},"end":{"line":147,"column":66}}},"16":{"name":"(anonymous_25)","decl":{"start":{"line":147,"column":75},"end":{"line":147,"column":76}},"loc":{"start":{"line":147,"column":82},"end":{"line":147,"column":92}}},"17":{"name":"(anonymous_26)","decl":{"start":{"line":155,"column":4},"end":{"line":155,"column":null}},"loc":{"start":{"line":159,"column":37},"end":{"line":162,"column":5}}},"18":{"name":"(anonymous_27)","decl":{"start":{"line":164,"column":4},"end":{"line":164,"column":15}},"loc":{"start":{"line":164,"column":15},"end":{"line":187,"column":5}}},"19":{"name":"(anonymous_28)","decl":{"start":{"line":189,"column":4},"end":{"line":189,"column":16}},"loc":{"start":{"line":189,"column":16},"end":{"line":203,"column":5}}},"20":{"name":"(anonymous_29)","decl":{"start":{"line":205,"column":4},"end":{"line":205,"column":13}},"loc":{"start":{"line":205,"column":13},"end":{"line":207,"column":5}}},"21":{"name":"(anonymous_30)","decl":{"start":{"line":209,"column":4},"end":{"line":209,"column":16}},"loc":{"start":{"line":209,"column":16},"end":{"line":214,"column":5}}},"22":{"name":"(anonymous_31)","decl":{"start":{"line":217,"column":0},"end":{"line":217,"column":13}},"loc":{"start":{"line":217,"column":0},"end":{"line":360,"column":1}}},"23":{"name":"(anonymous_32)","decl":{"start":{"line":226,"column":4},"end":{"line":226,"column":11}},"loc":{"start":{"line":226,"column":11},"end":{"line":228,"column":5}}},"24":{"name":"(anonymous_33)","decl":{"start":{"line":230,"column":4},"end":{"line":230,"column":16}},"loc":{"start":{"line":230,"column":16},"end":{"line":236,"column":5}}},"25":{"name":"(anonymous_34)","decl":{"start":{"line":232,"column":31},"end":{"line":232,"column":32}},"loc":{"start":{"line":232,"column":39},"end":{"line":234,"column":9}}},"26":{"name":"(anonymous_35)","decl":{"start":{"line":238,"column":4},"end":{"line":238,"column":21}},"loc":{"start":{"line":238,"column":21},"end":{"line":252,"column":5}}},"27":{"name":"(anonymous_36)","decl":{"start":{"line":246,"column":85},"end":{"line":246,"column":86}},"loc":{"start":{"line":246,"column":100},"end":{"line":250,"column":13}}},"28":{"name":"(anonymous_37)","decl":{"start":{"line":254,"column":12},"end":{"line":254,"column":32}},"loc":{"start":{"line":254,"column":32},"end":{"line":266,"column":5}}},"29":{"name":"(anonymous_38)","decl":{"start":{"line":255,"column":77},"end":{"line":255,"column":78}},"loc":{"start":{"line":255,"column":96},"end":{"line":265,"column":9}}},"30":{"name":"(anonymous_39)","decl":{"start":{"line":256,"column":30},"end":{"line":256,"column":31}},"loc":{"start":{"line":256,"column":43},"end":{"line":263,"column":13}}},"31":{"name":"(anonymous_40)","decl":{"start":{"line":268,"column":4},"end":{"line":268,"column":15}},"loc":{"start":{"line":268,"column":33},"end":{"line":270,"column":5}}},"32":{"name":"(anonymous_41)","decl":{"start":{"line":272,"column":12},"end":{"line":272,"column":27}},"loc":{"start":{"line":272,"column":43},"end":{"line":310,"column":5}}},"33":{"name":"(anonymous_42)","decl":{"start":{"line":276,"column":22},"end":{"line":276,"column":23}},"loc":{"start":{"line":276,"column":38},"end":{"line":282,"column":9}}},"34":{"name":"(anonymous_43)","decl":{"start":{"line":285,"column":41},"end":{"line":285,"column":42}},"loc":{"start":{"line":285,"column":53},"end":{"line":306,"column":13}}},"35":{"name":"(anonymous_44)","decl":{"start":{"line":287,"column":52},"end":{"line":287,"column":53}},"loc":{"start":{"line":287,"column":59},"end":{"line":287,"column":82}}},"36":{"name":"(anonymous_45)","decl":{"start":{"line":298,"column":52},"end":{"line":298,"column":53}},"loc":{"start":{"line":298,"column":59},"end":{"line":298,"column":77}}},"37":{"name":"(anonymous_46)","decl":{"start":{"line":300,"column":61},"end":{"line":300,"column":62}},"loc":{"start":{"line":300,"column":73},"end":{"line":300,"column":93}}},"38":{"name":"(anonymous_47)","decl":{"start":{"line":312,"column":4},"end":{"line":312,"column":24}},"loc":{"start":{"line":312,"column":38},"end":{"line":317,"column":5}}},"39":{"name":"(anonymous_48)","decl":{"start":{"line":313,"column":23},"end":{"line":313,"column":24}},"loc":{"start":{"line":313,"column":31},"end":{"line":315,"column":9}}},"40":{"name":"(anonymous_49)","decl":{"start":{"line":319,"column":4},"end":{"line":319,"column":15}},"loc":{"start":{"line":319,"column":34},"end":{"line":337,"column":5}}},"41":{"name":"(anonymous_50)","decl":{"start":{"line":327,"column":54},"end":{"line":327,"column":55}},"loc":{"start":{"line":327,"column":65},"end":{"line":327,"column":84}}},"42":{"name":"(anonymous_51)","decl":{"start":{"line":329,"column":38},"end":{"line":329,"column":39}},"loc":{"start":{"line":329,"column":47},"end":{"line":329,"column":64}}},"43":{"name":"(anonymous_52)","decl":{"start":{"line":333,"column":23},"end":{"line":333,"column":26}},"loc":{"start":{"line":333,"column":29},"end":{"line":333,"column":53}}},"44":{"name":"(anonymous_53)","decl":{"start":{"line":339,"column":4},"end":{"line":339,"column":26}},"loc":{"start":{"line":339,"column":26},"end":{"line":344,"column":5}}},"45":{"name":"(anonymous_54)","decl":{"start":{"line":346,"column":4},"end":{"line":346,"column":23}},"loc":{"start":{"line":346,"column":41},"end":{"line":351,"column":5}}},"46":{"name":"(anonymous_55)","decl":{"start":{"line":353,"column":4},"end":{"line":353,"column":16}},"loc":{"start":{"line":353,"column":16},"end":{"line":357,"column":5}}},"47":{"name":"(anonymous_56)","decl":{"start":{"line":359,"column":4},"end":{"line":359,"column":18}},"loc":{"start":{"line":359,"column":18},"end":{"line":359,"column":29}}}},"branchMap":{"0":{"loc":{"start":{"line":5,"column":12},"end":{"line":5,"column":null}},"type":"binary-expr","locations":[{"start":{"line":5,"column":12},"end":{"line":5,"column":22}},{"start":{"line":5,"column":22},"end":{"line":5,"column":null}}]},"1":{"loc":{"start":{"line":60,"column":8},"end":{"line":79,"column":9}},"type":"if","locations":[{"start":{"line":60,"column":8},"end":{"line":79,"column":9}},{"start":{"line":73,"column":15},"end":{"line":79,"column":9}}]},"2":{"loc":{"start":{"line":60,"column":12},"end":{"line":60,"column":74}},"type":"binary-expr","locations":[{"start":{"line":60,"column":12},"end":{"line":60,"column":41}},{"start":{"line":60,"column":45},"end":{"line":60,"column":74}}]},"3":{"loc":{"start":{"line":73,"column":15},"end":{"line":79,"column":9}},"type":"if","locations":[{"start":{"line":73,"column":15},"end":{"line":79,"column":9}},{"start":{},"end":{}}]},"4":{"loc":{"start":{"line":90,"column":8},"end":{"line":100,"column":9}},"type":"switch","locations":[{"start":{"line":91,"column":12},"end":{"line":93,"column":22}},{"start":{"line":94,"column":12},"end":{"line":96,"column":22}},{"start":{"line":97,"column":12},"end":{"line":99,"column":22}}]},"5":{"loc":{"start":{"line":102,"column":8},"end":{"line":109,"column":9}},"type":"if","locations":[{"start":{"line":102,"column":8},"end":{"line":109,"column":9}},{"start":{},"end":{}}]},"6":{"loc":{"start":{"line":102,"column":12},"end":{"line":102,"column":49}},"type":"binary-expr","locations":[{"start":{"line":102,"column":12},"end":{"line":102,"column":23}},{"start":{"line":102,"column":27},"end":{"line":102,"column":49}}]},"7":{"loc":{"start":{"line":105,"column":16},"end":{"line":105,"column":116}},"type":"cond-expr","locations":[{"start":{"line":105,"column":32},"end":{"line":105,"column":72}},{"start":{"line":105,"column":75},"end":{"line":105,"column":116}}]},"8":{"loc":{"start":{"line":122,"column":8},"end":{"line":129,"column":9}},"type":"switch","locations":[{"start":{"line":123,"column":12},"end":{"line":124,"column":52}},{"start":{"line":125,"column":12},"end":{"line":126,"column":59}},{"start":{"line":127,"column":12},"end":{"line":128,"column":55}}]},"9":{"loc":{"start":{"line":138,"column":8},"end":{"line":144,"column":9}},"type":"if","locations":[{"start":{"line":138,"column":8},"end":{"line":144,"column":9}},{"start":{},"end":{}}]},"10":{"loc":{"start":{"line":138,"column":12},"end":{"line":138,"column":62}},"type":"binary-expr","locations":[{"start":{"line":138,"column":12},"end":{"line":138,"column":25}},{"start":{"line":138,"column":29},"end":{"line":138,"column":62}}]},"11":{"loc":{"start":{"line":145,"column":8},"end":{"line":149,"column":9}},"type":"if","locations":[{"start":{"line":145,"column":8},"end":{"line":149,"column":9}},{"start":{},"end":{}}]},"12":{"loc":{"start":{"line":168,"column":8},"end":{"line":184,"column":9}},"type":"switch","locations":[{"start":{"line":169,"column":12},"end":{"line":171,"column":22}},{"start":{"line":172,"column":12},"end":{"line":174,"column":22}},{"start":{"line":175,"column":12},"end":{"line":177,"column":22}},{"start":{"line":178,"column":12},"end":{"line":183,"column":22}}]},"13":{"loc":{"start":{"line":180,"column":20},"end":{"line":182,"column":69}},"type":"cond-expr","locations":[{"start":{"line":181,"column":26},"end":{"line":181,"column":74}},{"start":{"line":182,"column":26},"end":{"line":182,"column":69}}]},"14":{"loc":{"start":{"line":191,"column":8},"end":{"line":202,"column":9}},"type":"switch","locations":[{"start":{"line":192,"column":12},"end":{"line":193,"column":40}},{"start":{"line":194,"column":12},"end":{"line":195,"column":54}},{"start":{"line":196,"column":12},"end":{"line":197,"column":72}},{"start":{"line":198,"column":12},"end":{"line":201,"column":53}}]},"15":{"loc":{"start":{"line":199,"column":23},"end":{"line":201,"column":52}},"type":"cond-expr","locations":[{"start":{"line":200,"column":22},"end":{"line":200,"column":70}},{"start":{"line":201,"column":22},"end":{"line":201,"column":52}}]},"16":{"loc":{"start":{"line":206,"column":15},"end":{"line":206,"column":90}},"type":"cond-expr","locations":[{"start":{"line":206,"column":51},"end":{"line":206,"column":76}},{"start":{"line":206,"column":79},"end":{"line":206,"column":90}}]},"17":{"loc":{"start":{"line":210,"column":8},"end":{"line":212,"column":9}},"type":"if","locations":[{"start":{"line":210,"column":8},"end":{"line":212,"column":9}},{"start":{},"end":{}}]},"18":{"loc":{"start":{"line":239,"column":8},"end":{"line":241,"column":9}},"type":"if","locations":[{"start":{"line":239,"column":8},"end":{"line":241,"column":9}},{"start":{},"end":{}}]},"19":{"loc":{"start":{"line":243,"column":8},"end":{"line":251,"column":9}},"type":"if","locations":[{"start":{"line":243,"column":8},"end":{"line":251,"column":9}},{"start":{"line":245,"column":15},"end":{"line":251,"column":9}}]},"20":{"loc":{"start":{"line":260,"column":16},"end":{"line":262,"column":17}},"type":"if","locations":[{"start":{"line":260,"column":16},"end":{"line":262,"column":17}},{"start":{},"end":{}}]},"21":{"loc":{"start":{"line":277,"column":12},"end":{"line":281,"column":13}},"type":"if","locations":[{"start":{"line":277,"column":12},"end":{"line":281,"column":13}},{"start":{},"end":{}}]},"22":{"loc":{"start":{"line":284,"column":8},"end":{"line":307,"column":9}},"type":"if","locations":[{"start":{"line":284,"column":8},"end":{"line":307,"column":9}},{"start":{},"end":{}}]},"23":{"loc":{"start":{"line":286,"column":16},"end":{"line":305,"column":17}},"type":"if","locations":[{"start":{"line":286,"column":16},"end":{"line":305,"column":17}},{"start":{"line":296,"column":23},"end":{"line":305,"column":17}}]},"24":{"loc":{"start":{"line":288,"column":20},"end":{"line":295,"column":21}},"type":"if","locations":[{"start":{"line":288,"column":20},"end":{"line":295,"column":21}},{"start":{},"end":{}}]},"25":{"loc":{"start":{"line":289,"column":24},"end":{"line":291,"column":25}},"type":"if","locations":[{"start":{"line":289,"column":24},"end":{"line":291,"column":25}},{"start":{},"end":{}}]},"26":{"loc":{"start":{"line":292,"column":24},"end":{"line":294,"column":25}},"type":"if","locations":[{"start":{"line":292,"column":24},"end":{"line":294,"column":25}},{"start":{},"end":{}}]},"27":{"loc":{"start":{"line":299,"column":20},"end":{"line":304,"column":21}},"type":"if","locations":[{"start":{"line":299,"column":20},"end":{"line":304,"column":21}},{"start":{},"end":{}}]},"28":{"loc":{"start":{"line":301,"column":24},"end":{"line":303,"column":25}},"type":"if","locations":[{"start":{"line":301,"column":24},"end":{"line":303,"column":25}},{"start":{},"end":{}}]},"29":{"loc":{"start":{"line":301,"column":28},"end":{"line":301,"column":51}},"type":"binary-expr","locations":[{"start":{"line":301,"column":28},"end":{"line":301,"column":33}},{"start":{"line":301,"column":37},"end":{"line":301,"column":51}}]},"30":{"loc":{"start":{"line":321,"column":8},"end":{"line":323,"column":9}},"type":"if","locations":[{"start":{"line":321,"column":8},"end":{"line":323,"column":9}},{"start":{},"end":{}}]},"31":{"loc":{"start":{"line":325,"column":8},"end":{"line":330,"column":9}},"type":"if","locations":[{"start":{"line":325,"column":8},"end":{"line":330,"column":9}},{"start":{},"end":{}}]},"32":{"loc":{"start":{"line":326,"column":12},"end":{"line":328,"column":13}},"type":"if","locations":[{"start":{"line":326,"column":12},"end":{"line":328,"column":13}},{"start":{},"end":{}}]},"33":{"loc":{"start":{"line":332,"column":8},"end":{"line":334,"column":9}},"type":"if","locations":[{"start":{"line":332,"column":8},"end":{"line":334,"column":9}},{"start":{},"end":{}}]},"34":{"loc":{"start":{"line":354,"column":8},"end":{"line":356,"column":9}},"type":"if","locations":[{"start":{"line":354,"column":8},"end":{"line":356,"column":9}},{"start":{},"end":{}}]}},"s":{"0":0,"1":0,"2":0,"3":0,"4":0,"5":0,"6":0,"7":0,"8":0,"9":0,"10":0,"11":0,"12":0,"13":0,"14":0,"15":0,"16":0,"17":0,"18":0,"19":0,"20":0,"21":0,"22":0,"23":0,"24":0,"25":0,"26":0,"27":0,"28":0,"29":0,"30":0,"31":0,"32":0,"33":0,"34":0,"35":0,"36":0,"37":0,"38":0,"39":0,"40":0,"41":0,"42":0,"43":0,"44":0,"45":0,"46":0,"47":0,"48":0,"49":0,"50":0,"51":0,"52":0,"53":0,"54":0,"55":0,"56":0,"57":0,"58":0,"59":0,"60":0,"61":0,"62":0,"63":0,"64":0,"65":0,"66":0,"67":0,"68":0,"69":0,"70":0,"71":0,"72":0,"73":0,"74":0,"75":0,"76":0,"77":0,"78":0,"79":0,"80":0,"81":0,"82":0,"83":0,"84":0,"85":0,"86":0,"87":0,"88":0,"89":0,"90":0,"91":0,"92":0,"93":0,"94":0,"95":0,"96":0,"97":0,"98":0,"99":0,"100":0,"101":0,"102":0,"103":0,"104":0,"105":0,"106":0,"107":0,"108":0,"109":0,"110":0,"111":0,"112":0,"113":0,"114":0,"115":0,"116":0,"117":0,"118":0,"119":0,"120":0,"121":0,"122":0,"123":0,"124":0,"125":0,"126":0,"127":0,"128":0,"129":0,"130":0,"131":0,"132":0,"133":0,"134":0,"135":0,"136":0,"137":0,"138":0,"139":0,"140":0,"141":0,"142":0,"143":0,"144":0,"145":0,"146":0,"147":0,"148":0,"149":0,"150":0,"151":0,"152":0,"153":0,"154":0,"155":0,"156":0,"157":0,"158":0,"159":0,"160":0,"161":0,"162":0,"163":0,"164":0,"165":0},"f":{"0":0,"1":0,"2":0,"3":0,"4":0,"5":0,"6":0,"7":0,"8":0,"9":0,"10":0,"11":0,"12":0,"13":0,"14":0,"15":0,"16":0,"17":0,"18":0,"19":0,"20":0,"21":0,"22":0,"23":0,"24":0,"25":0,"26":0,"27":0,"28":0,"29":0,"30":0,"31":0,"32":0,"33":0,"34":0,"35":0,"36":0,"37":0,"38":0,"39":0,"40":0,"41":0,"42":0,"43":0,"44":0,"45":0,"46":0,"47":0},"b":{"0":[0,0],"1":[0,0],"2":[0,0],"3":[0,0],"4":[0,0,0],"5":[0,0],"6":[0,0],"7":[0,0],"8":[0,0,0],"9":[0,0],"10":[0,0],"11":[0,0],"12":[0,0,0,0],"13":[0,0],"14":[0,0,0,0],"15":[0,0],"16":[0,0],"17":[0,0],"18":[0,0],"19":[0,0],"20":[0,0],"21":[0,0],"22":[0,0],"23":[0,0],"24":[0,0],"25":[0,0],"26":[0,0],"27":[0,0],"28":[0,0],"29":[0,0],"30":[0,0],"31":[0,0],"32":[0,0],"33":[0,0],"34":[0,0]}}
}