TN:
SF:src/common.ts
FN:3,(anonymous_0)
FN:11,(anonymous_1)
FN:17,(anonymous_2)
FN:23,(anonymous_3)
FN:28,(anonymous_4)
FN:35,(anonymous_5)
FNF:6
FNH:0
FNDA:0,(anonymous_0)
FNDA:0,(anonymous_1)
FNDA:0,(anonymous_2)
FNDA:0,(anonymous_3)
FNDA:0,(anonymous_4)
FNDA:0,(anonymous_5)
DA:1,0
DA:3,0
DA:4,0
DA:5,0
DA:6,0
DA:7,0
DA:10,0
DA:12,0
DA:16,0
DA:18,0
DA:22,0
DA:24,0
DA:28,0
DA:29,0
DA:30,0
DA:31,0
DA:32,0
DA:35,0
DA:36,0
DA:37,0
DA:38,0
DA:39,0
LF:22
LH:0
BRDA:3,0,0,0
BRDA:3,0,1,0
BRDA:23,1,0,0
BRDA:28,2,0,0
BRDA:28,2,1,0
BRDA:35,3,0,0
BRDA:35,3,1,0
BRF:7
BRH:0
end_of_record
TN:
SF:src/extension.ts
FN:22,(anonymous_16)
FN:69,(anonymous_17)
FN:77,(anonymous_18)
FN:81,(anonymous_19)
FN:96,(anonymous_20)
FN:118,(anonymous_22)
FN:125,(anonymous_23)
FN:149,(anonymous_24)
FN:150,(anonymous_25)
FN:175,(anonymous_26)
FN:178,(anonymous_27)
FN:182,(anonymous_28)
FN:187,(anonymous_29)
FN:191,(anonymous_30)
FN:192,validateInput
FN:215,(anonymous_32)
FN:224,(anonymous_33)
FN:232,(anonymous_34)
FN:238,(anonymous_35)
FN:242,(anonymous_36)
FN:250,(anonymous_37)
FN:253,(anonymous_38)
FN:259,(anonymous_39)
FN:261,(anonymous_40)
FN:266,(anonymous_41)
FN:272,(anonymous_42)
FN:277,(anonymous_43)
FN:282,(anonymous_44)
FN:286,(anonymous_45)
FN:293,(anonymous_46)
FN:304,(anonymous_48)
FN:310,(anonymous_49)
FN:317,(anonymous_50)
FN:328,(anonymous_52)
FN:332,(anonymous_53)
FN:345,(anonymous_54)
FN:352,(anonymous_55)
FN:374,(anonymous_56)
FN:395,(anonymous_57)
FN:400,(anonymous_58)
FN:401,(anonymous_59)
FN:406,(anonymous_60)
FN:411,(anonymous_61)
FN:413,(anonymous_62)
FN:426,activate
FN:430,deactivate
FNF:46
FNH:0
FNDA:0,(anonymous_16)
FNDA:0,(anonymous_17)
FNDA:0,(anonymous_18)
FNDA:0,(anonymous_19)
FNDA:0,(anonymous_20)
FNDA:0,(anonymous_22)
FNDA:0,(anonymous_23)
FNDA:0,(anonymous_24)
FNDA:0,(anonymous_25)
FNDA:0,(anonymous_26)
FNDA:0,(anonymous_27)
FNDA:0,(anonymous_28)
FNDA:0,(anonymous_29)
FNDA:0,(anonymous_30)
FNDA:0,validateInput
FNDA:0,(anonymous_32)
FNDA:0,(anonymous_33)
FNDA:0,(anonymous_34)
FNDA:0,(anonymous_35)
FNDA:0,(anonymous_36)
FNDA:0,(anonymous_37)
FNDA:0,(anonymous_38)
FNDA:0,(anonymous_39)
FNDA:0,(anonymous_40)
FNDA:0,(anonymous_41)
FNDA:0,(anonymous_42)
FNDA:0,(anonymous_43)
FNDA:0,(anonymous_44)
FNDA:0,(anonymous_45)
FNDA:0,(anonymous_46)
FNDA:0,(anonymous_48)
FNDA:0,(anonymous_49)
FNDA:0,(anonymous_50)
FNDA:0,(anonymous_52)
FNDA:0,(anonymous_53)
FNDA:0,(anonymous_54)
FNDA:0,(anonymous_55)
FNDA:0,(anonymous_56)
FNDA:0,(anonymous_57)
FNDA:0,(anonymous_58)
FNDA:0,(anonymous_59)
FNDA:0,(anonymous_60)
FNDA:0,(anonymous_61)
FNDA:0,(anonymous_62)
FNDA:0,activate
FNDA:0,deactivate
DA:1,0
DA:2,0
DA:3,0
DA:4,0
DA:5,0
DA:6,0
DA:7,0
DA:8,0
DA:9,0
DA:10,0
DA:13,0
DA:14,0
DA:23,0
DA:24,0
DA:25,0
DA:26,0
DA:27,0
DA:28,0
DA:30,0
DA:34,0
DA:70,0
DA:71,0
DA:78,0
DA:82,0
DA:83,0
DA:86,0
DA:87,0
DA:88,0
DA:89,0
DA:90,0
DA:97,0
DA:98,0
DA:99,0
DA:102,0
DA:103,0
DA:104,0
DA:105,0
DA:107,0
DA:111,0
DA:112,0
DA:118,0
DA:121,0
DA:122,0
DA:123,0
DA:124,0
DA:125,0
DA:135,0
DA:137,0
DA:138,0
DA:141,0
DA:142,0
DA:145,0
DA:150,0
DA:151,0
DA:152,0
DA:153,0
DA:156,0
DA:157,0
DA:160,0
DA:176,0
DA:183,0
DA:184,0
DA:188,0
DA:193,0
DA:194,0
DA:196,0
DA:199,0
DA:200,0
DA:201,0
DA:204,0
DA:205,0
DA:208,0
DA:216,0
DA:217,0
DA:225,0
DA:226,0
DA:227,0
DA:229,0
DA:235,0
DA:243,0
DA:251,0
DA:254,0
DA:260,0
DA:262,0
DA:263,0
DA:267,0
DA:273,0
DA:274,0
DA:276,0
DA:278,0
DA:279,0
DA:287,0
DA:288,0
DA:289,0
DA:294,0
DA:300,0
DA:301,0
DA:305,0
DA:306,0
DA:311,0
DA:312,0
DA:313,0
DA:318,0
DA:324,0
DA:325,0
DA:329,0
DA:330,0
DA:331,0
DA:333,0
DA:336,0
DA:340,0
DA:343,0
DA:346,0
DA:353,0
DA:354,0
DA:358,0
DA:362,0
DA:367,0
DA:368,0
DA:369,0
DA:370,0
DA:375,0
DA:376,0
DA:379,0
DA:381,0
DA:382,0
DA:384,0
DA:385,0
DA:387,0
DA:388,0
DA:390,0
DA:391,0
DA:396,0
DA:397,0
DA:399,0
DA:400,0
DA:402,0
DA:407,0
DA:408,0
DA:414,0
DA:415,0
DA:418,0
DA:419,0
DA:420,0
DA:422,0
DA:426,0
DA:427,0
DA:430,0
LF:148
LH:0
BRDA:70,0,0,0
BRDA:70,0,1,0
BRDA:70,1,0,0
BRDA:70,1,1,0
BRDA:78,2,0,0
BRDA:78,2,1,0
BRDA:82,3,0,0
BRDA:82,3,1,0
BRDA:82,4,0,0
BRDA:82,4,1,0
BRDA:87,5,0,0
BRDA:87,5,1,0
BRDA:89,6,0,0
BRDA:89,6,1,0
BRDA:97,7,0,0
BRDA:97,7,1,0
BRDA:102,8,0,0
BRDA:102,8,1,0
BRDA:121,9,0,0
BRDA:121,9,1,0
BRDA:123,10,0,0
BRDA:123,10,1,0
BRDA:131,11,0,0
BRDA:131,11,1,0
BRDA:141,12,0,0
BRDA:141,12,1,0
BRDA:156,13,0,0
BRDA:156,13,1,0
BRDA:193,14,0,0
BRDA:193,14,1,0
BRDA:193,15,0,0
BRDA:193,15,1,0
BRDA:199,16,0,0
BRDA:199,16,1,0
BRDA:204,17,0,0
BRDA:204,17,1,0
BRDA:204,18,0,0
BRDA:204,18,1,0
BRDA:216,19,0,0
BRDA:216,19,1,0
BRDA:225,20,0,0
BRDA:225,20,1,0
BRDA:262,21,0,0
BRDA:262,21,1,0
BRDA:273,22,0,0
BRDA:273,22,1,0
BRDA:278,23,0,0
BRDA:278,23,1,0
BRDA:288,24,0,0
BRDA:288,24,1,0
BRDA:305,25,0,0
BRDA:305,25,1,0
BRDA:312,26,0,0
BRDA:312,26,1,0
BRDA:329,27,0,0
BRDA:329,27,1,0
BRDA:353,28,0,0
BRDA:353,28,1,0
BRDA:375,29,0,0
BRDA:375,29,1,0
BRDA:379,30,0,0
BRDA:379,30,1,0
BRDA:379,30,2,0
BRDA:379,30,3,0
BRDA:414,31,0,0
BRDA:414,31,1,0
BRDA:419,32,0,0
BRDA:419,32,1,0
BRF:68
BRH:0
end_of_record
TN:
SF:src/utils.ts
FN:1,hexFormat
FN:9,binaryFormat
FN:33,createMask
FN:42,extractBits
FN:46,parseQuery
FN:56,encodeDisassembly
FNF:6
FNH:0
FNDA:0,hexFormat
FNDA:0,binaryFormat
FNDA:0,createMask
FNDA:0,extractBits
FNDA:0,parseQuery
FNDA:0,encodeDisassembly
DA:1,0
DA:2,0
DA:3,0
DA:4,0
DA:6,0
DA:9,0
DA:15,0
DA:16,0
DA:17,0
DA:20,0
DA:21,0
DA:22,0
DA:23,0
DA:25,0
DA:26,0
DA:27,0
DA:30,0
DA:33,0
DA:34,0
DA:35,0
DA:36,0
DA:37,0
DA:39,0
DA:42,0
DA:43,0
DA:46,0
DA:47,0
DA:48,0
DA:49,0
DA:50,0
DA:51,0
DA:53,0
DA:56,0
DA:57,0
DA:58,0
DA:59,0
DA:61,0
DA:62,0
LF:38
LH:0
BRDA:1,0,0,0
BRDA:1,1,0,0
BRDA:6,2,0,0
BRDA:6,2,1,0
BRDA:11,3,0,0
BRDA:12,4,0,0
BRDA:13,5,0,0
BRDA:20,6,0,0
BRDA:20,6,1,0
BRDA:30,7,0,0
BRDA:30,7,1,0
BRDA:48,8,0,0
BRDA:48,8,1,0
BRDA:51,9,0,0
BRDA:51,9,1,0
BRDA:58,10,0,0
BRDA:58,10,1,0
BRDA:61,11,0,0
BRDA:61,11,1,0
BRF:19
BRH:0
end_of_record
TN:
SF:src/backend/adapter.ts
FN:27,(anonymous_16)
FN:37,(anonymous_17)
FN:43,(anonymous_18)
FN:67,(anonymous_19)
FN:71,(anonymous_20)
FN:88,(anonymous_21)
FN:101,(anonymous_22)
FN:106,(anonymous_23)
FN:111,(anonymous_24)
FN:135,(anonymous_25)
FN:149,(anonymous_26)
FN:165,(anonymous_27)
FN:171,(anonymous_28)
FN:224,(anonymous_29)
FN:228,(anonymous_30)
FN:241,(anonymous_31)
FN:285,(anonymous_33)
FN:300,(anonymous_35)
FN:312,(anonymous_36)
FN:318,(anonymous_38)
FN:327,(anonymous_39)
FN:329,(anonymous_40)
FN:330,(anonymous_41)
FN:338,(anonymous_42)
FN:345,(anonymous_43)
FN:348,(anonymous_44)
FN:351,(anonymous_45)
FN:358,(anonymous_46)
FN:360,(anonymous_47)
FN:363,(anonymous_48)
FN:365,(anonymous_49)
FN:375,(anonymous_50)
FN:382,(anonymous_51)
FN:384,(anonymous_52)
FN:387,(anonymous_53)
FN:398,(anonymous_54)
FN:405,(anonymous_55)
FN:416,(anonymous_56)
FN:423,(anonymous_57)
FN:424,(anonymous_58)
FN:428,(anonymous_59)
FN:430,(anonymous_60)
FN:437,(anonymous_61)
FN:451,(anonymous_62)
FN:455,(anonymous_63)
FN:465,(anonymous_64)
FN:471,(anonymous_65)
FN:479,(anonymous_66)
FN:486,(anonymous_67)
FN:493,(anonymous_68)
FN:497,(anonymous_69)
FN:501,(anonymous_70)
FN:506,(anonymous_71)
FN:518,(anonymous_72)
FN:523,(anonymous_73)
FN:528,(anonymous_74)
FN:533,(anonymous_75)
FN:533,(anonymous_76)
FN:535,(anonymous_77)
FN:548,(anonymous_78)
FN:564,(anonymous_79)
FN:564,(anonymous_80)
FN:569,(anonymous_81)
FN:582,(anonymous_82)
FN:583,(anonymous_83)
FN:583,(anonymous_84)
FN:586,(anonymous_85)
FN:599,(anonymous_86)
FN:614,(anonymous_87)
FN:626,(anonymous_88)
FN:628,(anonymous_89)
FN:645,(anonymous_90)
FN:645,(anonymous_91)
FN:650,(anonymous_92)
FN:663,(anonymous_93)
FN:672,(anonymous_95)
FN:683,(anonymous_96)
FN:687,(anonymous_97)
FN:698,(anonymous_98)
FN:707,(anonymous_99)
FN:739,(anonymous_101)
FN:798,(anonymous_102)
FN:802,(anonymous_103)
FN:811,(anonymous_104)
FN:818,(anonymous_105)
FN:829,(anonymous_106)
FN:834,(anonymous_108)
FN:854,(anonymous_109)
FN:883,(anonymous_111)
FN:900,(anonymous_113)
FN:924,(anonymous_115)
FN:942,(anonymous_117)
FN:972,(anonymous_118)
FN:1005,(anonymous_120)
FN:1027,(anonymous_121)
FN:1032,(anonymous_122)
FN:1032,(anonymous_123)
FN:1099,(anonymous_124)
FN:1129,(anonymous_126)
FN:1136,(anonymous_127)
FN:1143,(anonymous_128)
FN:1169,(anonymous_130)
FN:1171,(anonymous_131)
FN:1174,(anonymous_132)
FN:1180,(anonymous_133)
FN:1182,(anonymous_134)
FN:1186,(anonymous_135)
FN:1192,(anonymous_136)
FN:1216,(anonymous_138)
FN:1218,(anonymous_139)
FN:1221,(anonymous_140)
FN:1227,(anonymous_141)
FN:1251,(anonymous_143)
FN:1258,(anonymous_144)
FN:1259,(anonymous_145)
FNF:115
FNH:0
FNDA:0,(anonymous_16)
FNDA:0,(anonymous_17)
FNDA:0,(anonymous_18)
FNDA:0,(anonymous_19)
FNDA:0,(anonymous_20)
FNDA:0,(anonymous_21)
FNDA:0,(anonymous_22)
FNDA:0,(anonymous_23)
FNDA:0,(anonymous_24)
FNDA:0,(anonymous_25)
FNDA:0,(anonymous_26)
FNDA:0,(anonymous_27)
FNDA:0,(anonymous_28)
FNDA:0,(anonymous_29)
FNDA:0,(anonymous_30)
FNDA:0,(anonymous_31)
FNDA:0,(anonymous_33)
FNDA:0,(anonymous_35)
FNDA:0,(anonymous_36)
FNDA:0,(anonymous_38)
FNDA:0,(anonymous_39)
FNDA:0,(anonymous_40)
FNDA:0,(anonymous_41)
FNDA:0,(anonymous_42)
FNDA:0,(anonymous_43)
FNDA:0,(anonymous_44)
FNDA:0,(anonymous_45)
FNDA:0,(anonymous_46)
FNDA:0,(anonymous_47)
FNDA:0,(anonymous_48)
FNDA:0,(anonymous_49)
FNDA:0,(anonymous_50)
FNDA:0,(anonymous_51)
FNDA:0,(anonymous_52)
FNDA:0,(anonymous_53)
FNDA:0,(anonymous_54)
FNDA:0,(anonymous_55)
FNDA:0,(anonymous_56)
FNDA:0,(anonymous_57)
FNDA:0,(anonymous_58)
FNDA:0,(anonymous_59)
FNDA:0,(anonymous_60)
FNDA:0,(anonymous_61)
FNDA:0,(anonymous_62)
FNDA:0,(anonymous_63)
FNDA:0,(anonymous_64)
FNDA:0,(anonymous_65)
FNDA:0,(anonymous_66)
FNDA:0,(anonymous_67)
FNDA:0,(anonymous_68)
FNDA:0,(anonymous_69)
FNDA:0,(anonymous_70)
FNDA:0,(anonymous_71)
FNDA:0,(anonymous_72)
FNDA:0,(anonymous_73)
FNDA:0,(anonymous_74)
FNDA:0,(anonymous_75)
FNDA:0,(anonymous_76)
FNDA:0,(anonymous_77)
FNDA:0,(anonymous_78)
FNDA:0,(anonymous_79)
FNDA:0,(anonymous_80)
FNDA:0,(anonymous_81)
FNDA:0,(anonymous_82)
FNDA:0,(anonymous_83)
FNDA:0,(anonymous_84)
FNDA:0,(anonymous_85)
FNDA:0,(anonymous_86)
FNDA:0,(anonymous_87)
FNDA:0,(anonymous_88)
FNDA:0,(anonymous_89)
FNDA:0,(anonymous_90)
FNDA:0,(anonymous_91)
FNDA:0,(anonymous_92)
FNDA:0,(anonymous_93)
FNDA:0,(anonymous_95)
FNDA:0,(anonymous_96)
FNDA:0,(anonymous_97)
FNDA:0,(anonymous_98)
FNDA:0,(anonymous_99)
FNDA:0,(anonymous_101)
FNDA:0,(anonymous_102)
FNDA:0,(anonymous_103)
FNDA:0,(anonymous_104)
FNDA:0,(anonymous_105)
FNDA:0,(anonymous_106)
FNDA:0,(anonymous_108)
FNDA:0,(anonymous_109)
FNDA:0,(anonymous_111)
FNDA:0,(anonymous_113)
FNDA:0,(anonymous_115)
FNDA:0,(anonymous_117)
FNDA:0,(anonymous_118)
FNDA:0,(anonymous_120)
FNDA:0,(anonymous_121)
FNDA:0,(anonymous_122)
FNDA:0,(anonymous_123)
FNDA:0,(anonymous_124)
FNDA:0,(anonymous_126)
FNDA:0,(anonymous_127)
FNDA:0,(anonymous_128)
FNDA:0,(anonymous_130)
FNDA:0,(anonymous_131)
FNDA:0,(anonymous_132)
FNDA:0,(anonymous_133)
FNDA:0,(anonymous_134)
FNDA:0,(anonymous_135)
FNDA:0,(anonymous_136)
FNDA:0,(anonymous_138)
FNDA:0,(anonymous_139)
FNDA:0,(anonymous_140)
FNDA:0,(anonymous_141)
FNDA:0,(anonymous_143)
FNDA:0,(anonymous_144)
FNDA:0,(anonymous_145)
DA:1,0
DA:2,0
DA:3,0
DA:4,0
DA:18,0
DA:19,0
DA:20,0
DA:21,0
DA:22,0
DA:23,0
DA:24,0
DA:28,0
DA:29,0
DA:33,0
DA:34,0
DA:38,0
DA:44,0
DA:48,0
DA:49,0
DA:50,0
DA:51,0
DA:52,0
DA:53,0
DA:54,0
DA:55,0
DA:56,0
DA:57,0
DA:68,0
DA:72,0
DA:73,0
DA:74,0
DA:75,0
DA:76,0
DA:77,0
DA:78,0
DA:79,0
DA:80,0
DA:81,0
DA:82,0
DA:83,0
DA:84,0
DA:85,0
DA:89,0
DA:90,0
DA:91,0
DA:92,0
DA:93,0
DA:94,0
DA:95,0
DA:96,0
DA:97,0
DA:98,0
DA:102,0
DA:103,0
DA:107,0
DA:108,0
DA:112,0
DA:113,0
DA:114,0
DA:115,0
DA:116,0
DA:117,0
DA:118,0
DA:119,0
DA:121,0
DA:122,0
DA:123,0
DA:125,0
DA:126,0
DA:128,0
DA:130,0
DA:131,0
DA:132,0
DA:133,0
DA:135,0
DA:136,0
DA:137,0
DA:138,0
DA:139,0
DA:140,0
DA:143,0
DA:150,0
DA:151,0
DA:152,0
DA:153,0
DA:154,0
DA:156,0
DA:157,0
DA:166,0
DA:172,0
DA:174,0
DA:175,0
DA:176,0
DA:177,0
DA:178,0
DA:179,0
DA:181,0
DA:182,0
DA:185,0
DA:186,0
DA:187,0
DA:190,0
DA:191,0
DA:192,0
DA:193,0
DA:196,0
DA:197,0
DA:198,0
DA:201,0
DA:202,0
DA:205,0
DA:206,0
DA:209,0
DA:210,0
DA:213,0
DA:214,0
DA:217,0
DA:218,0
DA:221,0
DA:222,0
DA:223,0
DA:225,0
DA:226,0
DA:229,0
DA:230,0
DA:233,0
DA:236,0
DA:237,0
DA:242,0
DA:243,0
DA:244,0
DA:245,0
DA:252,0
DA:254,0
DA:256,0
DA:257,0
DA:258,0
DA:259,0
DA:260,0
DA:261,0
DA:268,0
DA:270,0
DA:274,0
DA:275,0
DA:278,0
DA:281,0
DA:286,0
DA:287,0
DA:288,0
DA:290,0
DA:291,0
DA:294,0
DA:295,0
DA:296,0
DA:300,0
DA:308,0
DA:309,0
DA:313,0
DA:314,0
DA:318,0
DA:328,0
DA:330,0
DA:331,0
DA:336,0
DA:339,0
DA:340,0
DA:346,0
DA:347,0
DA:349,0
DA:352,0
DA:353,0
DA:359,0
DA:361,0
DA:362,0
DA:363,0
DA:364,0
DA:365,0
DA:366,0
DA:368,0
DA:371,0
DA:373,0
DA:376,0
DA:377,0
DA:383,0
DA:385,0
DA:387,0
DA:388,0
DA:389,0
DA:392,0
DA:394,0
DA:396,0
DA:399,0
DA:400,0
DA:406,0
DA:407,0
DA:408,0
DA:410,0
DA:413,0
DA:417,0
DA:418,0
DA:420,0
DA:424,0
DA:425,0
DA:429,0
DA:430,0
DA:431,0
DA:432,0
DA:433,0
DA:434,0
DA:438,0
DA:443,0
DA:444,0
DA:446,0
DA:447,0
DA:452,0
DA:456,0
DA:457,0
DA:459,0
DA:460,0
DA:462,0
DA:466,0
DA:467,0
DA:468,0
DA:472,0
DA:473,0
DA:474,0
DA:475,0
DA:476,0
DA:480,0
DA:481,0
DA:482,0
DA:483,0
DA:487,0
DA:488,0
DA:489,0
DA:490,0
DA:494,0
DA:498,0
DA:502,0
DA:503,0
DA:507,0
DA:508,0
DA:510,0
DA:511,0
DA:512,0
DA:513,0
DA:514,0
DA:519,0
DA:520,0
DA:524,0
DA:525,0
DA:529,0
DA:530,0
DA:533,0
DA:534,0
DA:535,0
DA:536,0
DA:545,0
DA:546,0
DA:547,0
DA:548,0
DA:549,0
DA:550,0
DA:553,0
DA:554,0
DA:556,0
DA:559,0
DA:560,0
DA:564,0
DA:565,0
DA:566,0
DA:568,0
DA:569,0
DA:570,0
DA:575,0
DA:576,0
DA:578,0
DA:583,0
DA:584,0
DA:585,0
DA:586,0
DA:589,0
DA:590,0
DA:591,0
DA:593,0
DA:594,0
DA:596,0
DA:597,0
DA:598,0
DA:599,0
DA:600,0
DA:601,0
DA:602,0
DA:614,0
DA:615,0
DA:626,0
DA:627,0
DA:628,0
DA:634,0
DA:635,0
DA:637,0
DA:640,0
DA:641,0
DA:645,0
DA:646,0
DA:647,0
DA:649,0
DA:650,0
DA:651,0
DA:656,0
DA:657,0
DA:659,0
DA:664,0
DA:665,0
DA:666,0
DA:667,0
DA:670,0
DA:671,0
DA:672,0
DA:673,0
DA:675,0
DA:676,0
DA:678,0
DA:679,0
DA:682,0
DA:683,0
DA:686,0
DA:688,0
DA:689,0
DA:690,0
DA:691,0
DA:692,0
DA:693,0
DA:694,0
DA:696,0
DA:698,0
DA:700,0
DA:701,0
DA:703,0
DA:708,0
DA:709,0
DA:710,0
DA:712,0
DA:713,0
DA:714,0
DA:715,0
DA:717,0
DA:718,0
DA:721,0
DA:726,0
DA:727,0
DA:728,0
DA:732,0
DA:733,0
DA:734,0
DA:738,0
DA:739,0
DA:740,0
DA:741,0
DA:745,0
DA:746,0
DA:747,0
DA:757,0
DA:768,0
DA:779,0
DA:791,0
DA:792,0
DA:794,0
DA:799,0
DA:803,0
DA:804,0
DA:805,0
DA:806,0
DA:807,0
DA:808,0
DA:812,0
DA:813,0
DA:815,0
DA:820,0
DA:821,0
DA:823,0
DA:824,0
DA:826,0
DA:832,0
DA:833,0
DA:834,0
DA:835,0
DA:836,0
DA:837,0
DA:839,0
DA:840,0
DA:842,0
DA:843,0
DA:845,0
DA:846,0
DA:847,0
DA:848,0
DA:851,0
DA:860,0
DA:861,0
DA:862,0
DA:863,0
DA:864,0
DA:865,0
DA:866,0
DA:867,0
DA:869,0
DA:876,0
DA:877,0
DA:879,0
DA:884,0
DA:885,0
DA:887,0
DA:888,0
DA:889,0
DA:890,0
DA:891,0
DA:893,0
DA:894,0
DA:896,0
DA:906,0
DA:907,0
DA:908,0
DA:909,0
DA:910,0
DA:912,0
DA:913,0
DA:914,0
DA:915,0
DA:917,0
DA:918,0
DA:920,0
DA:930,0
DA:931,0
DA:932,0
DA:933,0
DA:940,0
DA:941,0
DA:942,0
DA:943,0
DA:944,0
DA:945,0
DA:947,0
DA:949,0
DA:951,0
DA:959,0
DA:960,0
DA:962,0
DA:965,0
DA:968,0
DA:975,0
DA:976,0
DA:979,0
DA:980,0
DA:981,0
DA:982,0
DA:985,0
DA:989,0
DA:990,0
DA:991,0
DA:994,0
DA:996,0
DA:997,0
DA:1000,0
DA:1001,0
DA:1002,0
DA:1003,0
DA:1004,0
DA:1005,0
DA:1006,0
DA:1007,0
DA:1008,0
DA:1009,0
DA:1011,0
DA:1013,0
DA:1015,0
DA:1016,0
DA:1018,0
DA:1020,0
DA:1021,0
DA:1022,0
DA:1023,0
DA:1024,0
DA:1025,0
DA:1027,0
DA:1028,0
DA:1029,0
DA:1032,0
DA:1033,0
DA:1036,0
DA:1037,0
DA:1044,0
DA:1045,0
DA:1046,0
DA:1047,0
DA:1048,0
DA:1050,0
DA:1051,0
DA:1052,0
DA:1057,0
DA:1059,0
DA:1064,0
DA:1066,0
DA:1071,0
DA:1074,0
DA:1077,0
DA:1081,0
DA:1083,0
DA:1090,0
DA:1091,0
DA:1094,0
DA:1095,0
DA:1100,0
DA:1101,0
DA:1102,0
DA:1103,0
DA:1104,0
DA:1108,0
DA:1110,0
DA:1114,0
DA:1116,0
DA:1117,0
DA:1118,0
DA:1119,0
DA:1123,0
DA:1125,0
DA:1128,0
DA:1130,0
DA:1134,0
DA:1137,0
DA:1144,0
DA:1145,0
DA:1146,0
DA:1148,0
DA:1149,0
DA:1150,0
DA:1151,0
DA:1152,0
DA:1153,0
DA:1154,0
DA:1158,0
DA:1161,0
DA:1162,0
DA:1163,0
DA:1165,0
DA:1170,0
DA:1172,0
DA:1175,0
DA:1181,0
DA:1183,0
DA:1184,0
DA:1187,0
DA:1193,0
DA:1194,0
DA:1195,0
DA:1196,0
DA:1197,0
DA:1199,0
DA:1203,0
DA:1204,0
DA:1205,0
DA:1209,0
DA:1210,0
DA:1212,0
DA:1217,0
DA:1219,0
DA:1222,0
DA:1228,0
DA:1229,0
DA:1230,0
DA:1231,0
DA:1232,0
DA:1234,0
DA:1238,0
DA:1239,0
DA:1240,0
DA:1244,0
DA:1245,0
DA:1247,0
DA:1252,0
DA:1253,0
DA:1255,0
DA:1256,0
DA:1258,0
DA:1259,0
DA:1260,0
DA:1261,0
DA:1267,0
LF:588
LH:0
BRDA:43,0,0,0
BRDA:122,1,0,0
BRDA:122,1,1,0
BRDA:125,2,0,0
BRDA:125,2,1,0
BRDA:156,3,0,0
BRDA:156,3,1,0
BRDA:172,4,0,0
BRDA:172,4,1,0
BRDA:172,4,2,0
BRDA:172,4,3,0
BRDA:172,4,4,0
BRDA:172,4,5,0
BRDA:172,4,6,0
BRDA:172,4,7,0
BRDA:172,4,8,0
BRDA:172,4,9,0
BRDA:172,4,10,0
BRDA:176,5,0,0
BRDA:176,5,1,0
BRDA:222,6,0,0
BRDA:222,6,1,0
BRDA:242,7,0,0
BRDA:242,7,1,0
BRDA:256,8,0,0
BRDA:256,8,1,0
BRDA:259,9,0,0
BRDA:259,9,1,0
BRDA:272,10,0,0
BRDA:272,10,1,0
BRDA:287,11,0,0
BRDA:287,11,1,0
BRDA:290,12,0,0
BRDA:290,12,1,0
BRDA:361,13,0,0
BRDA:361,13,1,0
BRDA:385,14,0,0
BRDA:385,14,1,0
BRDA:388,15,0,0
BRDA:388,15,1,0
BRDA:406,16,0,0
BRDA:406,16,1,0
BRDA:407,17,0,0
BRDA:407,17,1,0
BRDA:417,18,0,0
BRDA:417,18,1,0
BRDA:443,19,0,0
BRDA:443,19,1,0
BRDA:456,20,0,0
BRDA:456,20,1,0
BRDA:459,21,0,0
BRDA:459,21,1,0
BRDA:472,22,0,0
BRDA:472,22,1,0
BRDA:507,23,0,0
BRDA:507,23,1,0
BRDA:510,24,0,0
BRDA:510,24,1,0
BRDA:529,25,0,0
BRDA:529,25,1,0
BRDA:529,26,0,0
BRDA:529,26,1,0
BRDA:549,27,0,0
BRDA:549,27,1,0
BRDA:559,28,0,0
BRDA:559,28,1,0
BRDA:565,29,0,0
BRDA:565,29,1,0
BRDA:575,30,0,0
BRDA:575,30,1,0
BRDA:585,31,0,0
BRDA:585,31,1,0
BRDA:596,32,0,0
BRDA:596,32,1,0
BRDA:600,33,0,0
BRDA:600,33,1,0
BRDA:640,34,0,0
BRDA:640,34,1,0
BRDA:646,35,0,0
BRDA:646,35,1,0
BRDA:656,36,0,0
BRDA:656,36,1,0
BRDA:664,37,0,0
BRDA:664,37,1,0
BRDA:675,38,0,0
BRDA:675,38,1,0
BRDA:689,39,0,0
BRDA:689,39,1,0
BRDA:694,40,0,0
BRDA:694,40,1,0
BRDA:715,41,0,0
BRDA:715,41,1,0
BRDA:717,42,0,0
BRDA:717,42,1,0
BRDA:721,43,0,0
BRDA:721,43,1,0
BRDA:722,44,0,0
BRDA:722,44,1,0
BRDA:722,44,2,0
BRDA:727,45,0,0
BRDA:727,45,1,0
BRDA:727,46,0,0
BRDA:727,46,1,0
BRDA:733,47,0,0
BRDA:733,47,1,0
BRDA:740,48,0,0
BRDA:740,48,1,0
BRDA:745,49,0,0
BRDA:745,49,1,0
BRDA:812,50,0,0
BRDA:812,50,1,0
BRDA:820,51,0,0
BRDA:820,51,1,0
BRDA:826,52,0,0
BRDA:826,52,1,0
BRDA:842,53,0,0
BRDA:842,53,1,0
BRDA:842,54,0,0
BRDA:842,54,1,0
BRDA:940,55,0,0
BRDA:940,55,1,0
BRDA:941,56,0,0
BRDA:941,56,1,0
BRDA:943,57,0,0
BRDA:943,57,1,0
BRDA:944,58,0,0
BRDA:944,58,1,0
BRDA:975,59,0,0
BRDA:975,59,1,0
BRDA:979,60,0,0
BRDA:979,60,1,0
BRDA:979,61,0,0
BRDA:979,61,1,0
BRDA:985,62,0,0
BRDA:985,62,1,0
BRDA:986,63,0,0
BRDA:986,63,1,0
BRDA:996,64,0,0
BRDA:996,64,1,0
BRDA:1000,65,0,0
BRDA:1000,65,1,0
BRDA:1001,66,0,0
BRDA:1001,66,1,0
BRDA:1008,67,0,0
BRDA:1008,67,1,0
BRDA:1009,68,0,0
BRDA:1009,68,1,0
BRDA:1011,69,0,0
BRDA:1011,69,1,0
BRDA:1020,70,0,0
BRDA:1020,70,1,0
BRDA:1022,71,0,0
BRDA:1022,71,1,0
BRDA:1044,72,0,0
BRDA:1044,72,1,0
BRDA:1045,73,0,0
BRDA:1045,73,1,0
BRDA:1046,74,0,0
BRDA:1046,74,1,0
BRDA:1047,75,0,0
BRDA:1047,75,1,0
BRDA:1051,76,0,0
BRDA:1051,76,1,0
BRDA:1100,77,0,0
BRDA:1100,77,1,0
BRDA:1116,78,0,0
BRDA:1116,78,1,0
BRDA:1131,79,0,0
BRDA:1131,79,1,0
BRDA:1148,80,0,0
BRDA:1148,80,1,0
BRDA:1150,81,0,0
BRDA:1150,81,1,0
BRDA:1152,82,0,0
BRDA:1152,82,1,0
BRDA:1152,83,0,0
BRDA:1152,83,1,0
BRDA:1154,84,0,0
BRDA:1154,84,1,0
BRDA:1155,85,0,0
BRDA:1155,85,1,0
BRDA:1195,86,0,0
BRDA:1195,86,1,0
BRDA:1199,87,0,0
BRDA:1199,87,1,0
BRDA:1200,88,0,0
BRDA:1200,88,1,0
BRDA:1204,89,0,0
BRDA:1204,89,1,0
BRDA:1230,90,0,0
BRDA:1230,90,1,0
BRDA:1234,91,0,0
BRDA:1234,91,1,0
BRDA:1235,92,0,0
BRDA:1235,92,1,0
BRDA:1239,93,0,0
BRDA:1239,93,1,0
BRDA:1252,94,0,0
BRDA:1252,94,1,0
BRDA:1255,95,0,0
BRDA:1255,95,1,0
BRF:201
BRH:0
end_of_record
TN:
SF:src/backend/expand_value.ts
FN:12,isExpandable
FN:34,expandValue
FN:40,(anonymous_2)
FN:72,(anonymous_3)
FN:76,(anonymous_4)
FN:102,(anonymous_5)
FN:111,(anonymous_6)
FN:177,(anonymous_7)
FN:218,(anonymous_8)
FN:236,(anonymous_9)
FN:266,(anonymous_10)
FN:274,(anonymous_11)
FNF:12
FNH:0
FNDA:0,isExpandable
FNDA:0,expandValue
FNDA:0,(anonymous_2)
FNDA:0,(anonymous_3)
FNDA:0,(anonymous_4)
FNDA:0,(anonymous_5)
FNDA:0,(anonymous_6)
FNDA:0,(anonymous_7)
FNDA:0,(anonymous_8)
FNDA:0,(anonymous_9)
FNDA:0,(anonymous_10)
FNDA:0,(anonymous_11)
DA:1,0
DA:3,0
DA:4,0
DA:5,0
DA:6,0
DA:7,0
DA:8,0
DA:9,0
DA:10,0
DA:12,0
DA:13,0
DA:14,0
DA:15,0
DA:17,0
DA:18,0
DA:20,0
DA:21,0
DA:23,0
DA:24,0
DA:26,0
DA:27,0
DA:30,0
DA:31,0
DA:34,0
DA:40,0
DA:41,0
DA:42,0
DA:43,0
DA:46,0
DA:47,0
DA:48,0
DA:49,0
DA:50,0
DA:52,0
DA:53,0
DA:54,0
DA:55,0
DA:56,0
DA:57,0
DA:58,0
DA:60,0
DA:61,0
DA:64,0
DA:65,0
DA:66,0
DA:69,0
DA:70,0
DA:72,0
DA:73,0
DA:74,0
DA:75,0
DA:76,0
DA:77,0
DA:78,0
DA:80,0
DA:81,0
DA:82,0
DA:83,0
DA:84,0
DA:85,0
DA:87,0
DA:89,0
DA:92,0
DA:93,0
DA:102,0
DA:103,0
DA:105,0
DA:106,0
DA:109,0
DA:111,0
DA:112,0
DA:113,0
DA:114,0
DA:116,0
DA:117,0
DA:118,0
DA:119,0
DA:121,0
DA:122,0
DA:123,0
DA:124,0
DA:125,0
DA:130,0
DA:131,0
DA:132,0
DA:134,0
DA:135,0
DA:136,0
DA:139,0
DA:141,0
DA:142,0
DA:143,0
DA:144,0
DA:145,0
DA:147,0
DA:148,0
DA:149,0
DA:150,0
DA:151,0
DA:152,0
DA:153,0
DA:155,0
DA:156,0
DA:158,0
DA:159,0
DA:163,0
DA:164,0
DA:165,0
DA:166,0
DA:167,0
DA:168,0
DA:170,0
DA:171,0
DA:177,0
DA:178,0
DA:182,0
DA:183,0
DA:184,0
DA:185,0
DA:186,0
DA:187,0
DA:188,0
DA:189,0
DA:190,0
DA:191,0
DA:192,0
DA:193,0
DA:194,0
DA:195,0
DA:196,0
DA:197,0
DA:198,0
DA:199,0
DA:200,0
DA:201,0
DA:202,0
DA:203,0
DA:208,0
DA:209,0
DA:211,0
DA:214,0
DA:218,0
DA:219,0
DA:220,0
DA:221,0
DA:222,0
DA:224,0
DA:225,0
DA:226,0
DA:227,0
DA:229,0
DA:230,0
DA:231,0
DA:233,0
DA:236,0
DA:237,0
DA:239,0
DA:240,0
DA:241,0
DA:244,0
DA:245,0
DA:246,0
DA:247,0
DA:249,0
DA:250,0
DA:254,0
DA:255,0
DA:256,0
DA:259,0
DA:266,0
DA:267,0
DA:268,0
DA:269,0
DA:270,0
DA:274,0
DA:275,0
DA:276,0
DA:277,0
DA:278,0
DA:282,0
DA:283,0
LF:181
LH:0
BRDA:14,0,0,0
BRDA:14,0,1,0
BRDA:17,1,0,0
BRDA:17,1,1,0
BRDA:20,2,0,0
BRDA:20,2,1,0
BRDA:23,3,0,0
BRDA:23,3,1,0
BRDA:23,4,0,0
BRDA:23,4,1,0
BRDA:23,4,2,0
BRDA:23,4,3,0
BRDA:26,5,0,0
BRDA:26,5,1,0
BRDA:30,6,0,0
BRDA:30,6,1,0
BRDA:30,6,2,0
BRDA:30,6,3,0
BRDA:37,7,0,0
BRDA:42,8,0,0
BRDA:42,8,1,0
BRDA:42,9,0,0
BRDA:42,9,1,0
BRDA:53,10,0,0
BRDA:53,10,1,0
BRDA:55,11,0,0
BRDA:55,11,1,0
BRDA:57,12,0,0
BRDA:57,12,1,0
BRDA:78,13,0,0
BRDA:78,13,1,0
BRDA:80,14,0,0
BRDA:80,14,1,0
BRDA:82,15,0,0
BRDA:82,15,1,0
BRDA:105,16,0,0
BRDA:105,16,1,0
BRDA:109,17,0,0
BRDA:109,17,1,0
BRDA:113,18,0,0
BRDA:113,18,1,0
BRDA:117,19,0,0
BRDA:117,19,1,0
BRDA:121,20,0,0
BRDA:121,20,1,0
BRDA:123,21,0,0
BRDA:123,21,1,0
BRDA:135,22,0,0
BRDA:135,22,1,0
BRDA:135,23,0,0
BRDA:135,23,1,0
BRDA:139,24,0,0
BRDA:139,24,1,0
BRDA:139,25,0,0
BRDA:139,25,1,0
BRDA:139,25,2,0
BRDA:151,26,0,0
BRDA:151,26,1,0
BRDA:164,27,0,0
BRDA:164,27,1,0
BRDA:182,28,0,0
BRDA:182,28,1,0
BRDA:184,29,0,0
BRDA:184,29,1,0
BRDA:187,30,0,0
BRDA:187,30,1,0
BRDA:190,31,0,0
BRDA:190,31,1,0
BRDA:193,32,0,0
BRDA:193,32,1,0
BRDA:196,33,0,0
BRDA:196,33,1,0
BRDA:199,34,0,0
BRDA:199,34,1,0
BRDA:203,35,0,0
BRDA:203,35,1,0
BRDA:204,36,0,0
BRDA:204,36,1,0
BRDA:204,36,2,0
BRDA:218,37,0,0
BRDA:221,38,0,0
BRDA:221,38,1,0
BRDA:226,39,0,0
BRDA:226,39,1,0
BRDA:230,40,0,0
BRDA:230,40,1,0
BRDA:239,41,0,0
BRDA:239,41,1,0
BRDA:244,42,0,0
BRDA:244,42,1,0
BRDA:244,43,0,0
BRDA:244,43,1,0
BRDA:245,44,0,0
BRDA:245,44,1,0
BRDA:245,45,0,0
BRDA:245,45,1,0
BRDA:254,46,0,0
BRDA:254,46,1,0
BRDA:254,47,0,0
BRDA:254,47,1,0
BRDA:268,48,0,0
BRDA:268,48,1,0
BRDA:274,49,0,0
BRDA:276,50,0,0
BRDA:276,50,1,0
BRF:105
BRH:0
end_of_record
TN:
SF:src/backend/mi_parse.ts
FN:8,(anonymous_0)
FN:14,(anonymous_1)
FN:73,(anonymous_2)
FN:79,(anonymous_3)
FN:92,parseString
FN:124,parseCString
FN:177,parseMI
FN:199,(anonymous_7)
FN:241,(anonymous_8)
FN:249,(anonymous_9)
FN:256,(anonymous_10)
FNF:11
FNH:0
FNDA:0,(anonymous_0)
FNDA:0,(anonymous_1)
FNDA:0,(anonymous_2)
FNDA:0,(anonymous_3)
FNDA:0,parseString
FNDA:0,parseCString
FNDA:0,parseMI
FNDA:0,(anonymous_7)
FNDA:0,(anonymous_8)
FNDA:0,(anonymous_9)
FNDA:0,(anonymous_10)
DA:1,0
DA:3,0
DA:9,0
DA:10,0
DA:11,0
DA:15,0
DA:16,0
DA:19,0
DA:20,0
DA:22,0
DA:23,0
DA:24,0
DA:27,0
DA:29,0
DA:30,0
DA:31,0
DA:32,0
DA:33,0
DA:34,0
DA:36,0
DA:37,0
DA:38,0
DA:39,0
DA:42,0
DA:43,0
DA:44,0
DA:45,0
DA:47,0
DA:50,0
DA:51,0
DA:52,0
DA:54,0
DA:55,0
DA:56,0
DA:58,0
DA:59,0
DA:60,0
DA:61,0
DA:62,0
DA:63,0
DA:67,0
DA:70,0
DA:74,0
DA:75,0
DA:80,0
DA:81,0
DA:86,0
DA:87,0
DA:88,0
DA:89,0
DA:90,0
DA:93,0
DA:94,0
DA:97,0
DA:98,0
DA:99,0
DA:100,0
DA:102,0
DA:103,0
DA:104,0
DA:105,0
DA:106,0
DA:107,0
DA:108,0
DA:110,0
DA:111,0
DA:115,0
DA:116,0
DA:118,0
DA:121,0
DA:125,0
DA:126,0
DA:128,0
DA:129,0
DA:131,0
DA:133,0
DA:134,0
DA:135,0
DA:137,0
DA:138,0
DA:139,0
DA:140,0
DA:141,0
DA:142,0
DA:143,0
DA:144,0
DA:145,0
DA:146,0
DA:147,0
DA:148,0
DA:149,0
DA:150,0
DA:151,0
DA:152,0
DA:153,0
DA:154,0
DA:155,0
DA:156,0
DA:157,0
DA:158,0
DA:159,0
DA:161,0
DA:163,0
DA:164,0
DA:165,0
DA:167,0
DA:168,0
DA:170,0
DA:174,0
DA:177,0
DA:179,0
DA:182,0
DA:188,0
DA:199,0
DA:200,0
DA:201,0
DA:202,0
DA:203,0
DA:204,0
DA:205,0
DA:206,0
DA:207,0
DA:208,0
DA:209,0
DA:212,0
DA:213,0
DA:214,0
DA:215,0
DA:216,0
DA:217,0
DA:218,0
DA:220,0
DA:221,0
DA:225,0
DA:226,0
DA:227,0
DA:228,0
DA:229,0
DA:230,0
DA:232,0
DA:233,0
DA:236,0
DA:238,0
DA:241,0
DA:242,0
DA:243,0
DA:244,0
DA:245,0
DA:249,0
DA:250,0
DA:251,0
DA:252,0
DA:256,0
DA:257,0
DA:258,0
DA:259,0
DA:265,0
DA:266,0
DA:268,0
DA:269,0
DA:272,0
DA:273,0
DA:274,0
DA:275,0
DA:282,0
DA:283,0
DA:285,0
DA:286,0
DA:287,0
DA:288,0
DA:289,0
DA:294,0
DA:297,0
DA:300,0
DA:301,0
DA:302,0
DA:303,0
DA:305,0
DA:310,0
DA:311,0
DA:313,0
DA:316,0
LF:182
LH:0
BRDA:15,0,0,0
BRDA:15,0,1,0
BRDA:23,1,0,0
BRDA:23,1,1,0
BRDA:31,2,0,0
BRDA:31,2,1,0
BRDA:33,3,0,0
BRDA:33,3,1,0
BRDA:33,4,0,0
BRDA:33,4,1,0
BRDA:38,5,0,0
BRDA:38,5,1,0
BRDA:42,6,0,0
BRDA:42,6,1,0
BRDA:44,7,0,0
BRDA:44,7,1,0
BRDA:50,8,0,0
BRDA:50,8,1,0
BRDA:55,9,0,0
BRDA:55,9,1,0
BRDA:60,10,0,0
BRDA:60,10,1,0
BRDA:60,11,0,0
BRDA:60,11,1,0
BRDA:60,11,2,0
BRDA:60,11,3,0
BRDA:62,12,0,0
BRDA:62,12,1,0
BRDA:74,13,0,0
BRDA:74,13,1,0
BRDA:80,14,0,0
BRDA:80,14,1,0
BRDA:93,15,0,0
BRDA:93,15,1,0
BRDA:103,16,0,0
BRDA:103,16,1,0
BRDA:105,17,0,0
BRDA:105,17,1,0
BRDA:107,18,0,0
BRDA:107,18,1,0
BRDA:128,19,0,0
BRDA:128,19,1,0
BRDA:128,20,0,0
BRDA:128,20,1,0
BRDA:135,21,0,0
BRDA:135,21,1,0
BRDA:137,22,0,0
BRDA:137,22,1,0
BRDA:139,23,0,0
BRDA:139,23,1,0
BRDA:141,24,0,0
BRDA:141,24,1,0
BRDA:143,25,0,0
BRDA:143,25,1,0
BRDA:145,26,0,0
BRDA:145,26,1,0
BRDA:147,27,0,0
BRDA:147,27,1,0
BRDA:149,28,0,0
BRDA:149,28,1,0
BRDA:151,29,0,0
BRDA:151,29,1,0
BRDA:153,30,0,0
BRDA:153,30,1,0
BRDA:155,31,0,0
BRDA:155,31,1,0
BRDA:157,32,0,0
BRDA:157,32,1,0
BRDA:164,33,0,0
BRDA:164,33,1,0
BRDA:167,34,0,0
BRDA:167,34,1,0
BRDA:200,35,0,0
BRDA:200,35,1,0
BRDA:204,36,0,0
BRDA:204,36,1,0
BRDA:204,37,0,0
BRDA:204,37,1,0
BRDA:207,38,0,0
BRDA:207,38,1,0
BRDA:207,39,0,0
BRDA:207,39,1,0
BRDA:212,40,0,0
BRDA:212,40,1,0
BRDA:214,41,0,0
BRDA:214,41,1,0
BRDA:226,42,0,0
BRDA:226,42,1,0
BRDA:236,43,0,0
BRDA:236,43,1,0
BRDA:243,44,0,0
BRDA:243,44,1,0
BRDA:250,45,0,0
BRDA:250,45,1,0
BRDA:257,46,0,0
BRDA:257,46,1,0
BRDA:268,47,0,0
BRDA:268,47,1,0
BRDA:268,48,0,0
BRDA:268,48,1,0
BRDA:268,48,2,0
BRDA:272,49,0,0
BRDA:272,49,1,0
BRDA:286,50,0,0
BRDA:286,50,1,0
BRDA:300,51,0,0
BRDA:300,51,1,0
BRDA:302,52,0,0
BRDA:302,52,1,0
BRDA:302,53,0,0
BRDA:302,53,1,0
BRDA:316,54,0,0
BRDA:316,54,1,0
BRF:113
BRH:0
end_of_record
TN:
SF:src/backend/symbols.ts
FN:38,(anonymous_9)
FN:43,(anonymous_10)
FN:45,(anonymous_11)
FN:112,(anonymous_12)
FN:114,(anonymous_13)
FN:124,(anonymous_14)
FN:125,(anonymous_15)
FN:128,(anonymous_16)
FN:130,(anonymous_17)
FN:134,(anonymous_18)
FN:136,(anonymous_19)
FN:143,(anonymous_20)
FN:145,(anonymous_21)
FN:156,(anonymous_22)
FNF:14
FNH:0
FNDA:0,(anonymous_9)
FNDA:0,(anonymous_10)
FNDA:0,(anonymous_11)
FNDA:0,(anonymous_12)
FNDA:0,(anonymous_13)
FNDA:0,(anonymous_14)
FNDA:0,(anonymous_15)
FNDA:0,(anonymous_16)
FNDA:0,(anonymous_17)
FNDA:0,(anonymous_18)
FNDA:0,(anonymous_19)
FNDA:0,(anonymous_20)
FNDA:0,(anonymous_21)
FNDA:0,(anonymous_22)
DA:1,0
DA:2,0
DA:3,0
DA:4,0
DA:6,0
DA:7,0
DA:9,0
DA:16,0
DA:35,0
DA:36,0
DA:39,0
DA:40,0
DA:44,0
DA:45,0
DA:46,0
DA:47,0
DA:51,0
DA:52,0
DA:55,0
DA:60,0
DA:62,0
DA:63,0
DA:64,0
DA:65,0
DA:68,0
DA:69,0
DA:70,0
DA:71,0
DA:73,0
DA:74,0
DA:76,0
DA:77,0
DA:78,0
DA:81,0
DA:82,0
DA:83,0
DA:84,0
DA:86,0
DA:87,0
DA:89,0
DA:90,0
DA:91,0
DA:92,0
DA:97,0
DA:113,0
DA:115,0
DA:119,0
DA:120,0
DA:125,0
DA:129,0
DA:130,0
DA:135,0
DA:137,0
DA:144,0
DA:146,0
DA:151,0
DA:152,0
DA:155,0
DA:157,0
DA:161,0
DA:162,0
DA:165,0
LF:62
LH:0
BRDA:46,0,0,0
BRDA:46,0,1,0
BRDA:46,1,0,0
BRDA:46,1,1,0
BRDA:51,2,0,0
BRDA:51,2,1,0
BRDA:64,3,0,0
BRDA:64,3,1,0
BRDA:73,4,0,0
BRDA:73,4,1,0
BRDA:73,5,0,0
BRDA:73,5,1,0
BRDA:76,6,0,0
BRDA:76,6,1,0
BRDA:82,7,0,0
BRDA:82,7,1,0
BRDA:83,8,0,0
BRDA:83,8,1,0
BRDA:89,9,0,0
BRDA:89,9,1,0
BRDA:91,10,0,0
BRDA:91,10,1,0
BRDA:104,11,0,0
BRDA:104,11,1,0
BRDA:115,12,0,0
BRDA:115,12,1,0
BRDA:115,12,2,0
BRDA:119,13,0,0
BRDA:119,13,1,0
BRDA:119,14,0,0
BRDA:119,14,1,0
BRDA:130,15,0,0
BRDA:130,15,1,0
BRDA:137,16,0,0
BRDA:137,16,1,0
BRDA:137,16,2,0
BRDA:146,17,0,0
BRDA:146,17,1,0
BRDA:146,17,2,0
BRDA:146,17,3,0
BRDA:151,18,0,0
BRDA:151,18,1,0
BRDA:157,19,0,0
BRDA:157,19,1,0
BRDA:157,19,2,0
BRDA:161,20,0,0
BRDA:161,20,1,0
BRF:47
BRH:0
end_of_record
TN:
SF:src/backend/mi2/mi2.ts
FN:6,escape
FN:14,isPlainOutput
FN:29,(anonymous_18)
FN:36,(anonymous_19)
FN:37,(anonymous_20)
FN:53,(anonymous_21)
FN:56,(anonymous_22)
FN:62,(anonymous_23)
FN:64,(anonymous_24)
FN:70,(anonymous_25)
FN:84,(anonymous_26)
FN:97,(anonymous_27)
FN:99,(anonymous_28)
FN:104,(anonymous_29)
FN:112,(anonymous_30)
FN:114,(anonymous_31)
FN:138,(anonymous_32)
FN:141,(anonymous_33)
FN:145,(anonymous_34)
FN:211,(anonymous_35)
FN:214,(anonymous_36)
FN:217,(anonymous_37)
FN:224,(anonymous_38)
FN:226,(anonymous_39)
FN:229,(anonymous_40)
FN:235,(anonymous_41)
FN:236,(anonymous_42)
FN:238,(anonymous_43)
FN:246,(anonymous_44)
FN:247,(anonymous_45)
FN:249,(anonymous_46)
FN:257,(anonymous_47)
FN:258,(anonymous_48)
FN:261,(anonymous_49)
FN:269,(anonymous_50)
FN:270,(anonymous_51)
FN:273,(anonymous_52)
FN:281,(anonymous_53)
FN:282,(anonymous_54)
FN:284,(anonymous_55)
FN:292,(anonymous_56)
FN:296,(anonymous_57)
FN:297,(anonymous_58)
FN:298,(anonymous_59)
FN:305,(anonymous_60)
FN:315,(anonymous_61)
FN:319,(anonymous_62)
FN:323,(anonymous_63)
FN:324,(anonymous_64)
FN:353,(anonymous_65)
FN:359,(anonymous_66)
FN:380,(anonymous_67)
FN:381,(anonymous_68)
FN:387,(anonymous_69)
FN:396,(anonymous_70)
FN:397,(anonymous_71)
FN:400,(anonymous_72)
FN:426,(anonymous_73)
FN:427,(anonymous_74)
FN:429,(anonymous_75)
FN:432,(anonymous_76)
FN:460,(anonymous_77)
FN:475,(anonymous_79)
FN:490,(anonymous_81)
FN:491,(anonymous_82)
FN:493,(anonymous_83)
FN:501,(anonymous_84)
FN:501,(anonymous_85)
FN:506,(anonymous_86)
FN:510,(anonymous_88)
FN:512,(anonymous_90)
FN:515,(anonymous_91)
FN:515,(anonymous_92)
FN:519,(anonymous_93)
FN:523,(anonymous_95)
FN:527,(anonymous_96)
FN:531,(anonymous_97)
FN:538,(anonymous_98)
FN:545,(anonymous_99)
FN:547,(anonymous_100)
FN:548,(anonymous_101)
FN:564,(anonymous_102)
FNF:82
FNH:0
FNDA:0,escape
FNDA:0,isPlainOutput
FNDA:0,(anonymous_18)
FNDA:0,(anonymous_19)
FNDA:0,(anonymous_20)
FNDA:0,(anonymous_21)
FNDA:0,(anonymous_22)
FNDA:0,(anonymous_23)
FNDA:0,(anonymous_24)
FNDA:0,(anonymous_25)
FNDA:0,(anonymous_26)
FNDA:0,(anonymous_27)
FNDA:0,(anonymous_28)
FNDA:0,(anonymous_29)
FNDA:0,(anonymous_30)
FNDA:0,(anonymous_31)
FNDA:0,(anonymous_32)
FNDA:0,(anonymous_33)
FNDA:0,(anonymous_34)
FNDA:0,(anonymous_35)
FNDA:0,(anonymous_36)
FNDA:0,(anonymous_37)
FNDA:0,(anonymous_38)
FNDA:0,(anonymous_39)
FNDA:0,(anonymous_40)
FNDA:0,(anonymous_41)
FNDA:0,(anonymous_42)
FNDA:0,(anonymous_43)
FNDA:0,(anonymous_44)
FNDA:0,(anonymous_45)
FNDA:0,(anonymous_46)
FNDA:0,(anonymous_47)
FNDA:0,(anonymous_48)
FNDA:0,(anonymous_49)
FNDA:0,(anonymous_50)
FNDA:0,(anonymous_51)
FNDA:0,(anonymous_52)
FNDA:0,(anonymous_53)
FNDA:0,(anonymous_54)
FNDA:0,(anonymous_55)
FNDA:0,(anonymous_56)
FNDA:0,(anonymous_57)
FNDA:0,(anonymous_58)
FNDA:0,(anonymous_59)
FNDA:0,(anonymous_60)
FNDA:0,(anonymous_61)
FNDA:0,(anonymous_62)
FNDA:0,(anonymous_63)
FNDA:0,(anonymous_64)
FNDA:0,(anonymous_65)
FNDA:0,(anonymous_66)
FNDA:0,(anonymous_67)
FNDA:0,(anonymous_68)
FNDA:0,(anonymous_69)
FNDA:0,(anonymous_70)
FNDA:0,(anonymous_71)
FNDA:0,(anonymous_72)
FNDA:0,(anonymous_73)
FNDA:0,(anonymous_74)
FNDA:0,(anonymous_75)
FNDA:0,(anonymous_76)
FNDA:0,(anonymous_77)
FNDA:0,(anonymous_79)
FNDA:0,(anonymous_81)
FNDA:0,(anonymous_82)
FNDA:0,(anonymous_83)
FNDA:0,(anonymous_84)
FNDA:0,(anonymous_85)
FNDA:0,(anonymous_86)
FNDA:0,(anonymous_88)
FNDA:0,(anonymous_90)
FNDA:0,(anonymous_91)
FNDA:0,(anonymous_92)
FNDA:0,(anonymous_93)
FNDA:0,(anonymous_95)
FNDA:0,(anonymous_96)
FNDA:0,(anonymous_97)
FNDA:0,(anonymous_98)
FNDA:0,(anonymous_99)
FNDA:0,(anonymous_100)
FNDA:0,(anonymous_101)
FNDA:0,(anonymous_102)
DA:1,0
DA:2,0
DA:3,0
DA:4,0
DA:6,0
DA:7,0
DA:10,0
DA:11,0
DA:12,0
DA:15,0
DA:18,0
DA:20,0
DA:21,0
DA:24,0
DA:30,0
DA:31,0
DA:33,0
DA:37,0
DA:38,0
DA:39,0
DA:40,0
DA:41,0
DA:42,0
DA:45,0
DA:51,0
DA:52,0
DA:53,0
DA:54,0
DA:56,0
DA:57,0
DA:60,0
DA:62,0
DA:64,0
DA:65,0
DA:71,0
DA:72,0
DA:73,0
DA:74,0
DA:75,0
DA:77,0
DA:78,0
DA:79,0
DA:85,0
DA:86,0
DA:87,0
DA:88,0
DA:89,0
DA:91,0
DA:92,0
DA:93,0
DA:98,0
DA:99,0
DA:100,0
DA:105,0
DA:106,0
DA:107,0
DA:109,0
DA:113,0
DA:114,0
DA:115,0
DA:116,0
DA:117,0
DA:120,0
DA:121,0
DA:122,0
DA:125,0
DA:127,0
DA:128,0
DA:129,0
DA:130,0
DA:133,0
DA:134,0
DA:137,0
DA:138,0
DA:139,0
DA:140,0
DA:141,0
DA:142,0
DA:143,0
DA:145,0
DA:146,0
DA:147,0
DA:148,0
DA:152,0
DA:153,0
DA:154,0
DA:155,0
DA:156,0
DA:157,0
DA:158,0
DA:159,0
DA:160,0
DA:161,0
DA:162,0
DA:163,0
DA:164,0
DA:165,0
DA:166,0
DA:167,0
DA:168,0
DA:169,0
DA:170,0
DA:171,0
DA:173,0
DA:174,0
DA:176,0
DA:178,0
DA:180,0
DA:182,0
DA:183,0
DA:184,0
DA:185,0
DA:186,0
DA:187,0
DA:188,0
DA:189,0
DA:190,0
DA:191,0
DA:192,0
DA:193,0
DA:197,0
DA:200,0
DA:201,0
DA:204,0
DA:205,0
DA:212,0
DA:213,0
DA:214,0
DA:215,0
DA:217,0
DA:218,0
DA:221,0
DA:225,0
DA:226,0
DA:227,0
DA:229,0
DA:230,0
DA:232,0
DA:236,0
DA:237,0
DA:239,0
DA:247,0
DA:248,0
DA:250,0
DA:258,0
DA:259,0
DA:260,0
DA:262,0
DA:270,0
DA:271,0
DA:272,0
DA:274,0
DA:282,0
DA:283,0
DA:285,0
DA:293,0
DA:297,0
DA:298,0
DA:299,0
DA:300,0
DA:301,0
DA:303,0
DA:304,0
DA:306,0
DA:311,0
DA:316,0
DA:320,0
DA:324,0
DA:325,0
DA:327,0
DA:328,0
DA:329,0
DA:331,0
DA:332,0
DA:333,0
DA:339,0
DA:340,0
DA:341,0
DA:346,0
DA:347,0
DA:349,0
DA:352,0
DA:354,0
DA:355,0
DA:356,0
DA:357,0
DA:358,0
DA:360,0
DA:361,0
DA:363,0
DA:369,0
DA:372,0
DA:381,0
DA:382,0
DA:383,0
DA:385,0
DA:386,0
DA:388,0
DA:397,0
DA:398,0
DA:399,0
DA:401,0
DA:402,0
DA:403,0
DA:404,0
DA:405,0
DA:406,0
DA:407,0
DA:408,0
DA:409,0
DA:410,0
DA:412,0
DA:427,0
DA:428,0
DA:430,0
DA:431,0
DA:432,0
DA:433,0
DA:434,0
DA:435,0
DA:436,0
DA:437,0
DA:438,0
DA:439,0
DA:440,0
DA:441,0
DA:443,0
DA:444,0
DA:453,0
DA:461,0
DA:464,0
DA:465,0
DA:466,0
DA:467,0
DA:468,0
DA:469,0
DA:470,0
DA:472,0
DA:476,0
DA:477,0
DA:478,0
DA:479,0
DA:480,0
DA:483,0
DA:484,0
DA:485,0
DA:487,0
DA:491,0
DA:492,0
DA:494,0
DA:501,0
DA:502,0
DA:503,0
DA:507,0
DA:511,0
DA:512,0
DA:515,0
DA:516,0
DA:520,0
DA:524,0
DA:528,0
DA:532,0
DA:533,0
DA:535,0
DA:539,0
DA:540,0
DA:542,0
DA:546,0
DA:547,0
DA:548,0
DA:549,0
DA:550,0
DA:551,0
DA:552,0
DA:554,0
DA:557,0
DA:560,0
DA:565,0
LF:278
LH:0
BRDA:40,0,0,0
BRDA:40,0,1,0
BRDA:71,1,0,0
BRDA:71,1,1,0
BRDA:73,2,0,0
BRDA:73,2,1,0
BRDA:77,3,0,0
BRDA:77,3,1,0
BRDA:78,4,0,0
BRDA:78,4,1,0
BRDA:85,5,0,0
BRDA:85,5,1,0
BRDA:87,6,0,0
BRDA:87,6,1,0
BRDA:91,7,0,0
BRDA:91,7,1,0
BRDA:105,8,0,0
BRDA:105,8,1,0
BRDA:115,9,0,0
BRDA:115,9,1,0
BRDA:116,10,0,0
BRDA:116,10,1,0
BRDA:121,11,0,0
BRDA:121,11,1,0
BRDA:127,12,0,0
BRDA:127,12,1,0
BRDA:127,13,0,0
BRDA:127,13,1,0
BRDA:133,14,0,0
BRDA:133,14,1,0
BRDA:133,15,0,0
BRDA:133,15,1,0
BRDA:133,15,2,0
BRDA:134,16,0,0
BRDA:134,16,1,0
BRDA:137,17,0,0
BRDA:137,17,1,0
BRDA:139,18,0,0
BRDA:139,18,1,0
BRDA:140,19,0,0
BRDA:140,19,1,0
BRDA:146,20,0,0
BRDA:146,20,1,0
BRDA:153,21,0,0
BRDA:153,21,1,0
BRDA:155,22,0,0
BRDA:155,22,1,0
BRDA:157,23,0,0
BRDA:157,23,1,0
BRDA:159,24,0,0
BRDA:159,24,1,0
BRDA:161,25,0,0
BRDA:161,25,1,0
BRDA:163,26,0,0
BRDA:163,26,1,0
BRDA:165,27,0,0
BRDA:165,27,1,0
BRDA:167,28,0,0
BRDA:167,28,1,0
BRDA:169,29,0,0
BRDA:169,29,1,0
BRDA:173,30,0,0
BRDA:173,30,1,0
BRDA:182,31,0,0
BRDA:182,31,1,0
BRDA:183,32,0,0
BRDA:183,32,1,0
BRDA:187,33,0,0
BRDA:187,33,1,0
BRDA:191,34,0,0
BRDA:191,34,1,0
BRDA:200,35,0,0
BRDA:200,35,1,0
BRDA:200,36,0,0
BRDA:200,36,1,0
BRDA:200,36,2,0
BRDA:204,37,0,0
BRDA:204,37,1,0
BRDA:211,38,0,0
BRDA:212,39,0,0
BRDA:212,39,1,0
BRDA:259,40,0,0
BRDA:259,40,1,0
BRDA:271,41,0,0
BRDA:271,41,1,0
BRDA:299,42,0,0
BRDA:299,42,1,0
BRDA:327,43,0,0
BRDA:327,43,1,0
BRDA:328,44,0,0
BRDA:328,44,1,0
BRDA:332,45,0,0
BRDA:332,45,1,0
BRDA:340,46,0,0
BRDA:340,46,1,0
BRDA:346,47,0,0
BRDA:346,47,1,0
BRDA:354,48,0,0
BRDA:354,48,1,0
BRDA:357,49,0,0
BRDA:357,49,1,0
BRDA:360,50,0,0
BRDA:360,50,1,0
BRDA:382,51,0,0
BRDA:382,51,1,0
BRDA:409,52,0,0
BRDA:409,52,1,0
BRDA:440,53,0,0
BRDA:440,53,1,0
BRDA:448,54,0,0
BRDA:448,54,1,0
BRDA:479,55,0,0
BRDA:479,55,1,0
BRDA:501,56,0,0
BRDA:512,57,0,0
BRDA:512,57,1,0
BRDA:515,58,0,0
BRDA:528,59,0,0
BRDA:528,59,1,0
BRDA:532,60,0,0
BRDA:532,60,1,0
BRDA:539,61,0,0
BRDA:539,61,1,0
BRDA:545,62,0,0
BRDA:549,63,0,0
BRDA:549,63,1,0
BRDA:549,64,0,0
BRDA:549,64,1,0
BRDA:549,64,2,0
BRDA:550,65,0,0
BRDA:550,65,1,0
BRDA:554,66,0,0
BRDA:554,66,1,0
BRF:133
BRH:0
end_of_record
TN:
SF:src/backend/mi2/types.ts
FN:17,(anonymous_0)
FN:30,(anonymous_1)
FN:40,(anonymous_2)
FN:48,(anonymous_3)
FN:64,(anonymous_4)
FN:66,(anonymous_5)
FN:69,(anonymous_6)
FN:72,(anonymous_7)
FN:77,(anonymous_8)
FNF:9
FNH:0
FNDA:0,(anonymous_0)
FNDA:0,(anonymous_1)
FNDA:0,(anonymous_2)
FNDA:0,(anonymous_3)
FNDA:0,(anonymous_4)
FNDA:0,(anonymous_5)
FNDA:0,(anonymous_6)
FNDA:0,(anonymous_7)
FNDA:0,(anonymous_8)
DA:1,0
DA:3,0
DA:18,0
DA:19,0
DA:20,0
DA:21,0
DA:22,0
DA:23,0
DA:24,0
DA:25,0
DA:26,0
DA:27,0
DA:31,0
DA:32,0
DA:33,0
DA:35,0
DA:36,0
DA:37,0
DA:41,0
DA:49,0
DA:60,0
DA:65,0
DA:66,0
DA:68,0
DA:69,0
DA:71,0
DA:72,0
DA:74,0
DA:78,0
DA:82,0
DA:83,0
LF:31
LH:0
BRDA:32,0,0,0
BRDA:32,0,1,0
BRDA:42,1,0,0
BRDA:42,1,1,0
BRDA:42,1,2,0
BRDA:42,1,3,0
BRDA:42,1,4,0
BRDA:51,2,0,0
BRDA:51,2,1,0
BRDA:52,3,0,0
BRDA:52,3,1,0
BRF:11
BRH:0
end_of_record
TN:
SF:src/frontend/configprovider.ts
FN:4,(anonymous_16)
FN:6,(anonymous_17)
FNF:2
FNH:0
FNDA:0,(anonymous_16)
FNDA:0,(anonymous_17)
DA:1,0
DA:3,0
DA:11,0
DA:12,0
LF:4
LH:0
BRDA:11,0,0,0
BRDA:11,0,1,0
BRF:2
BRH:0
end_of_record
TN:
SF:src/frontend/disassembly_content_provider.ts
FN:5,(anonymous_9)
FN:6,(anonymous_10)
FN:11,(anonymous_11)
FN:14,(anonymous_12)
FN:19,(anonymous_13)
FN:27,(anonymous_14)
FNF:6
FNH:0
FNDA:0,(anonymous_9)
FNDA:0,(anonymous_10)
FNDA:0,(anonymous_11)
FNDA:0,(anonymous_12)
FNDA:0,(anonymous_13)
FNDA:0,(anonymous_14)
DA:1,0
DA:2,0
DA:4,0
DA:6,0
DA:7,0
DA:8,0
DA:12,0
DA:13,0
DA:14,0
DA:15,0
DA:17,0
DA:20,0
DA:21,0
DA:28,0
DA:29,0
DA:31,0
LF:16
LH:0
BRF:0
BRH:0
end_of_record
TN:
SF:src/frontend/disassembly_tree_provider.ts
FN:3,(anonymous_9)
FN:8,(anonymous_10)
FN:12,(anonymous_11)
FN:34,(anonymous_12)
FN:38,(anonymous_13)
FN:43,(anonymous_14)
FN:47,(anonymous_15)
FNF:7
FNH:0
FNDA:0,(anonymous_9)
FNDA:0,(anonymous_10)
FNDA:0,(anonymous_11)
FNDA:0,(anonymous_12)
FNDA:0,(anonymous_13)
FNDA:0,(anonymous_14)
FNDA:0,(anonymous_15)
DA:1,0
DA:3,0
DA:4,0
DA:5,0
DA:6,0
DA:9,0
DA:13,0
DA:14,0
DA:17,0
DA:18,0
DA:23,0
DA:24,0
DA:25,0
DA:31,0
DA:35,0
DA:39,0
DA:40,0
DA:44,0
DA:48,0
LF:19
LH:0
BRDA:13,0,0,0
BRDA:13,0,1,0
BRDA:23,1,0,0
BRDA:23,1,1,0
BRDA:28,2,0,0
BRDA:28,2,1,0
BRF:6
BRH:0
end_of_record
TN:
SF:src/frontend/memory_content_provider.ts
FN:4,(anonymous_9)
FN:22,(anonymous_10)
FN:23,(anonymous_11)
FN:35,(anonymous_12)
FN:76,(anonymous_13)
FN:86,(anonymous_14)
FN:90,(anonymous_15)
FN:107,(anonymous_16)
FN:118,(anonymous_17)
FN:136,(anonymous_18)
FNF:10
FNH:0
FNDA:0,(anonymous_9)
FNDA:0,(anonymous_10)
FNDA:0,(anonymous_11)
FNDA:0,(anonymous_12)
FNDA:0,(anonymous_13)
FNDA:0,(anonymous_14)
FNDA:0,(anonymous_15)
FNDA:0,(anonymous_16)
FNDA:0,(anonymous_17)
FNDA:0,(anonymous_18)
DA:1,0
DA:2,0
DA:4,0
DA:5,0
DA:6,0
DA:8,0
DA:9,0
DA:10,0
DA:11,0
DA:13,0
DA:23,0
DA:24,0
DA:25,0
DA:28,0
DA:32,0
DA:36,0
DA:37,0
DA:38,0
DA:39,0
DA:41,0
DA:42,0
DA:44,0
DA:45,0
DA:46,0
DA:47,0
DA:50,0
DA:51,0
DA:52,0
DA:53,0
DA:58,0
DA:59,0
DA:60,0
DA:61,0
DA:62,0
DA:63,0
DA:67,0
DA:68,0
DA:69,0
DA:71,0
DA:72,0
DA:74,0
DA:77,0
DA:80,0
DA:87,0
DA:91,0
DA:92,0
DA:95,0
DA:96,0
DA:98,0
DA:99,0
DA:100,0
DA:101,0
DA:104,0
DA:108,0
DA:109,0
DA:110,0
DA:111,0
DA:113,0
DA:115,0
DA:119,0
DA:120,0
DA:121,0
DA:123,0
DA:124,0
DA:125,0
DA:127,0
DA:128,0
DA:129,0
DA:130,0
DA:133,0
DA:137,0
DA:138,0
DA:142,0
DA:143,0
DA:146,0
DA:147,0
DA:149,0
DA:150,0
DA:151,0
DA:154,0
DA:155,0
DA:156,0
LF:82
LH:0
BRDA:25,0,0,0
BRDA:25,0,1,0
BRDA:28,1,0,0
BRDA:28,1,1,0
BRDA:33,2,0,0
BRDA:33,2,1,0
BRDA:54,3,0,0
BRDA:54,3,1,0
BRDA:54,4,0,0
BRDA:54,4,1,0
BRDA:54,4,2,0
BRDA:58,5,0,0
BRDA:58,5,1,0
BRDA:58,6,0,0
BRDA:58,6,1,0
BRDA:91,7,0,0
BRDA:91,7,1,0
BRDA:91,8,0,0
BRDA:91,8,1,0
BRDA:98,9,0,0
BRDA:98,9,1,0
BRDA:98,10,0,0
BRDA:98,10,1,0
BRDA:100,11,0,0
BRDA:100,11,1,0
BRDA:107,12,0,0
BRDA:110,13,0,0
BRDA:110,13,1,0
BRDA:121,14,0,0
BRDA:121,14,1,0
BRDA:124,15,0,0
BRDA:124,15,1,0
BRDA:125,16,0,0
BRDA:125,16,1,0
BRDA:128,17,0,0
BRDA:128,17,1,0
BRDA:129,18,0,0
BRDA:129,18,1,0
BRDA:138,19,0,0
BRDA:138,19,1,0
BRDA:139,20,0,0
BRDA:139,20,1,0
BRDA:149,21,0,0
BRDA:149,21,1,0
BRDA:149,22,0,0
BRDA:149,22,1,0
BRF:46
BRH:0
end_of_record
TN:
SF:src/frontend/memory_tree_provider.ts
FN:3,(anonymous_9)
FN:8,(anonymous_10)
FN:12,(anonymous_11)
FN:16,(anonymous_12)
FN:33,(anonymous_13)
FN:34,(anonymous_14)
FN:45,(anonymous_15)
FN:49,(anonymous_16)
FN:57,(anonymous_17)
FN:60,(anonymous_18)
FN:65,(anonymous_19)
FN:70,(anonymous_20)
FN:75,(anonymous_21)
FNF:13
FNH:0
FNDA:0,(anonymous_9)
FNDA:0,(anonymous_10)
FNDA:0,(anonymous_11)
FNDA:0,(anonymous_12)
FNDA:0,(anonymous_13)
FNDA:0,(anonymous_14)
FNDA:0,(anonymous_15)
FNDA:0,(anonymous_16)
FNDA:0,(anonymous_17)
FNDA:0,(anonymous_18)
FNDA:0,(anonymous_19)
FNDA:0,(anonymous_20)
FNDA:0,(anonymous_21)
DA:1,0
DA:3,0
DA:4,0
DA:5,0
DA:6,0
DA:9,0
DA:13,0
DA:17,0
DA:18,0
DA:21,0
DA:22,0
DA:25,0
DA:26,0
DA:30,0
DA:34,0
DA:35,0
DA:36,0
DA:41,0
DA:46,0
DA:50,0
DA:51,0
DA:52,0
DA:53,0
DA:58,0
DA:59,0
DA:60,0
DA:61,0
DA:66,0
DA:67,0
DA:71,0
DA:72,0
DA:76,0
DA:77,0
LF:33
LH:0
BRDA:17,0,0,0
BRDA:17,0,1,0
BRDA:21,1,0,0
BRDA:21,1,1,0
BRDA:51,2,0,0
BRDA:51,2,1,0
BRDA:59,3,0,0
BRDA:59,3,1,0
BRDA:71,4,0,0
BRDA:71,4,1,0
BRF:10
BRH:0
end_of_record
TN:
SF:src/frontend/peripheral.ts
FN:12,(anonymous_16)
FN:19,(anonymous_17)
FN:34,(anonymous_18)
FN:55,(anonymous_19)
FN:57,(anonymous_20)
FN:61,(anonymous_21)
FN:65,(anonymous_22)
FN:69,(anonymous_23)
FN:73,(anonymous_24)
FN:77,(anonymous_25)
FN:81,(anonymous_26)
FN:86,parseInteger
FN:102,parseDimIndex
FN:104,(anonymous_29)
FN:112,(anonymous_30)
FN:140,(anonymous_31)
FN:162,(anonymous_32)
FN:173,(anonymous_33)
FN:183,(anonymous_34)
FN:187,(anonymous_35)
FN:189,(anonymous_36)
FN:192,(anonymous_37)
FN:194,(anonymous_38)
FN:197,(anonymous_39)
FN:205,(anonymous_40)
FN:209,(anonymous_41)
FN:213,(anonymous_42)
FN:214,(anonymous_43)
FN:222,(anonymous_44)
FN:224,(anonymous_45)
FN:227,(anonymous_46)
FN:237,(anonymous_47)
FN:241,(anonymous_48)
FN:250,(anonymous_49)
FN:256,(anonymous_50)
FN:260,(anonymous_51)
FN:278,(anonymous_52)
FN:289,(anonymous_53)
FN:299,(anonymous_54)
FN:303,(anonymous_55)
FN:305,(anonymous_56)
FN:308,(anonymous_57)
FN:310,(anonymous_58)
FN:313,(anonymous_59)
FN:317,(anonymous_60)
FN:321,(anonymous_61)
FN:325,(anonymous_62)
FN:329,(anonymous_63)
FN:338,(anonymous_64)
FN:344,(anonymous_65)
FN:348,(anonymous_66)
FN:371,(anonymous_67)
FN:388,(anonymous_68)
FN:392,(anonymous_69)
FN:396,(anonymous_70)
FN:397,(anonymous_71)
FN:411,(anonymous_72)
FN:446,(anonymous_73)
FN:450,(anonymous_74)
FN:452,(anonymous_75)
FN:455,(anonymous_76)
FN:457,(anonymous_77)
FN:460,(anonymous_78)
FN:464,(anonymous_79)
FN:475,(anonymous_80)
FN:476,(anonymous_81)
FN:479,(anonymous_82)
FN:500,(anonymous_83)
FN:515,(anonymous_84)
FN:519,(anonymous_85)
FN:521,(anonymous_86)
FN:522,(anonymous_87)
FN:531,(anonymous_88)
FN:552,(anonymous_89)
FN:556,(anonymous_90)
FN:565,(anonymous_91)
FN:571,(anonymous_92)
FN:576,(anonymous_93)
FN:596,(anonymous_94)
FN:629,(anonymous_95)
FN:677,(anonymous_96)
FN:678,(anonymous_97)
FN:681,(anonymous_98)
FN:692,(anonymous_99)
FN:703,(anonymous_100)
FN:719,(anonymous_101)
FN:723,(anonymous_102)
FN:730,(anonymous_103)
FN:739,(anonymous_104)
FN:748,(anonymous_105)
FN:752,(anonymous_106)
FN:754,(anonymous_107)
FN:760,(anonymous_108)
FN:762,(anonymous_109)
FN:792,(anonymous_110)
FN:845,(anonymous_111)
FN:847,(anonymous_112)
FN:904,(anonymous_113)
FN:908,(anonymous_114)
FN:913,(anonymous_115)
FN:973,(anonymous_116)
FN:1007,(anonymous_117)
FN:1008,(anonymous_118)
FN:1009,(anonymous_119)
FN:1013,(anonymous_120)
FN:1035,(anonymous_121)
FN:1054,(anonymous_122)
FN:1075,(anonymous_123)
FN:1077,(anonymous_124)
FN:1081,(anonymous_125)
FN:1085,(anonymous_126)
FN:1093,(anonymous_127)
FN:1095,(anonymous_128)
FN:1112,(anonymous_129)
FN:1116,(anonymous_131)
FN:1117,(anonymous_132)
FN:1117,(anonymous_133)
FN:1121,(anonymous_134)
FN:1139,(anonymous_135)
FN:1145,(anonymous_137)
FN:1153,(anonymous_138)
FN:1159,(anonymous_139)
FN:1163,(anonymous_140)
FN:1170,(anonymous_141)
FN:1176,(anonymous_142)
FN:1180,(anonymous_143)
FNF:126
FNH:0
FNDA:0,(anonymous_16)
FNDA:0,(anonymous_17)
FNDA:0,(anonymous_18)
FNDA:0,(anonymous_19)
FNDA:0,(anonymous_20)
FNDA:0,(anonymous_21)
FNDA:0,(anonymous_22)
FNDA:0,(anonymous_23)
FNDA:0,(anonymous_24)
FNDA:0,(anonymous_25)
FNDA:0,(anonymous_26)
FNDA:0,parseInteger
FNDA:0,parseDimIndex
FNDA:0,(anonymous_29)
FNDA:0,(anonymous_30)
FNDA:0,(anonymous_31)
FNDA:0,(anonymous_32)
FNDA:0,(anonymous_33)
FNDA:0,(anonymous_34)
FNDA:0,(anonymous_35)
FNDA:0,(anonymous_36)
FNDA:0,(anonymous_37)
FNDA:0,(anonymous_38)
FNDA:0,(anonymous_39)
FNDA:0,(anonymous_40)
FNDA:0,(anonymous_41)
FNDA:0,(anonymous_42)
FNDA:0,(anonymous_43)
FNDA:0,(anonymous_44)
FNDA:0,(anonymous_45)
FNDA:0,(anonymous_46)
FNDA:0,(anonymous_47)
FNDA:0,(anonymous_48)
FNDA:0,(anonymous_49)
FNDA:0,(anonymous_50)
FNDA:0,(anonymous_51)
FNDA:0,(anonymous_52)
FNDA:0,(anonymous_53)
FNDA:0,(anonymous_54)
FNDA:0,(anonymous_55)
FNDA:0,(anonymous_56)
FNDA:0,(anonymous_57)
FNDA:0,(anonymous_58)
FNDA:0,(anonymous_59)
FNDA:0,(anonymous_60)
FNDA:0,(anonymous_61)
FNDA:0,(anonymous_62)
FNDA:0,(anonymous_63)
FNDA:0,(anonymous_64)
FNDA:0,(anonymous_65)
FNDA:0,(anonymous_66)
FNDA:0,(anonymous_67)
FNDA:0,(anonymous_68)
FNDA:0,(anonymous_69)
FNDA:0,(anonymous_70)
FNDA:0,(anonymous_71)
FNDA:0,(anonymous_72)
FNDA:0,(anonymous_73)
FNDA:0,(anonymous_74)
FNDA:0,(anonymous_75)
FNDA:0,(anonymous_76)
FNDA:0,(anonymous_77)
FNDA:0,(anonymous_78)
FNDA:0,(anonymous_79)
FNDA:0,(anonymous_80)
FNDA:0,(anonymous_81)
FNDA:0,(anonymous_82)
FNDA:0,(anonymous_83)
FNDA:0,(anonymous_84)
FNDA:0,(anonymous_85)
FNDA:0,(anonymous_86)
FNDA:0,(anonymous_87)
FNDA:0,(anonymous_88)
FNDA:0,(anonymous_89)
FNDA:0,(anonymous_90)
FNDA:0,(anonymous_91)
FNDA:0,(anonymous_92)
FNDA:0,(anonymous_93)
FNDA:0,(anonymous_94)
FNDA:0,(anonymous_95)
FNDA:0,(anonymous_96)
FNDA:0,(anonymous_97)
FNDA:0,(anonymous_98)
FNDA:0,(anonymous_99)
FNDA:0,(anonymous_100)
FNDA:0,(anonymous_101)
FNDA:0,(anonymous_102)
FNDA:0,(anonymous_103)
FNDA:0,(anonymous_104)
FNDA:0,(anonymous_105)
FNDA:0,(anonymous_106)
FNDA:0,(anonymous_107)
FNDA:0,(anonymous_108)
FNDA:0,(anonymous_109)
FNDA:0,(anonymous_110)
FNDA:0,(anonymous_111)
FNDA:0,(anonymous_112)
FNDA:0,(anonymous_113)
FNDA:0,(anonymous_114)
FNDA:0,(anonymous_115)
FNDA:0,(anonymous_116)
FNDA:0,(anonymous_117)
FNDA:0,(anonymous_118)
FNDA:0,(anonymous_119)
FNDA:0,(anonymous_120)
FNDA:0,(anonymous_121)
FNDA:0,(anonymous_122)
FNDA:0,(anonymous_123)
FNDA:0,(anonymous_124)
FNDA:0,(anonymous_125)
FNDA:0,(anonymous_126)
FNDA:0,(anonymous_127)
FNDA:0,(anonymous_128)
FNDA:0,(anonymous_129)
FNDA:0,(anonymous_131)
FNDA:0,(anonymous_132)
FNDA:0,(anonymous_133)
FNDA:0,(anonymous_134)
FNDA:0,(anonymous_135)
FNDA:0,(anonymous_137)
FNDA:0,(anonymous_138)
FNDA:0,(anonymous_139)
FNDA:0,(anonymous_140)
FNDA:0,(anonymous_141)
FNDA:0,(anonymous_142)
FNDA:0,(anonymous_143)
DA:1,0
DA:2,0
DA:3,0
DA:4,0
DA:5,0
DA:12,0
DA:13,0
DA:14,0
DA:15,0
DA:16,0
DA:19,0
DA:20,0
DA:21,0
DA:22,0
DA:25,0
DA:33,0
DA:35,0
DA:36,0
DA:37,0
DA:38,0
DA:40,0
DA:41,0
DA:46,0
DA:50,0
DA:51,0
DA:52,0
DA:55,0
DA:58,0
DA:62,0
DA:66,0
DA:70,0
DA:74,0
DA:78,0
DA:82,0
DA:87,0
DA:88,0
DA:90,0
DA:91,0
DA:93,0
DA:94,0
DA:96,0
DA:97,0
DA:99,0
DA:103,0
DA:104,0
DA:105,0
DA:106,0
DA:108,0
DA:111,0
DA:112,0
DA:113,0
DA:114,0
DA:115,0
DA:117,0
DA:118,0
DA:119,0
DA:121,0
DA:124,0
DA:125,0
DA:126,0
DA:127,0
DA:129,0
DA:130,0
DA:131,0
DA:133,0
DA:136,0
DA:141,0
DA:142,0
DA:143,0
DA:151,0
DA:159,0
DA:163,0
DA:164,0
DA:165,0
DA:166,0
DA:167,0
DA:168,0
DA:169,0
DA:170,0
DA:174,0
DA:175,0
DA:184,0
DA:188,0
DA:189,0
DA:193,0
DA:194,0
DA:198,0
DA:199,0
DA:201,0
DA:206,0
DA:210,0
DA:214,0
DA:215,0
DA:216,0
DA:223,0
DA:224,0
DA:225,0
DA:228,0
DA:232,0
DA:238,0
DA:242,0
DA:243,0
DA:244,0
DA:250,0
DA:251,0
DA:253,0
DA:257,0
DA:258,0
DA:260,0
DA:261,0
DA:269,0
DA:276,0
DA:278,0
DA:279,0
DA:280,0
DA:281,0
DA:282,0
DA:283,0
DA:284,0
DA:285,0
DA:286,0
DA:290,0
DA:291,0
DA:300,0
DA:304,0
DA:305,0
DA:309,0
DA:310,0
DA:314,0
DA:318,0
DA:322,0
DA:326,0
DA:330,0
DA:331,0
DA:332,0
DA:338,0
DA:339,0
DA:341,0
DA:345,0
DA:346,0
DA:348,0
DA:349,0
DA:357,0
DA:369,0
DA:371,0
DA:372,0
DA:373,0
DA:374,0
DA:375,0
DA:376,0
DA:377,0
DA:378,0
DA:379,0
DA:380,0
DA:381,0
DA:382,0
DA:383,0
DA:384,0
DA:385,0
DA:389,0
DA:393,0
DA:397,0
DA:398,0
DA:399,0
DA:400,0
DA:404,0
DA:405,0
DA:406,0
DA:407,0
DA:412,0
DA:413,0
DA:414,0
DA:415,0
DA:416,0
DA:419,0
DA:420,0
DA:421,0
DA:423,0
DA:425,0
DA:426,0
DA:428,0
DA:429,0
DA:431,0
DA:432,0
DA:437,0
DA:443,0
DA:447,0
DA:451,0
DA:452,0
DA:456,0
DA:457,0
DA:461,0
DA:465,0
DA:467,0
DA:469,0
DA:471,0
DA:476,0
DA:477,0
DA:481,0
DA:482,0
DA:483,0
DA:484,0
DA:485,0
DA:486,0
DA:487,0
DA:488,0
DA:493,0
DA:495,0
DA:501,0
DA:502,0
DA:503,0
DA:505,0
DA:506,0
DA:507,0
DA:508,0
DA:509,0
DA:510,0
DA:512,0
DA:515,0
DA:516,0
DA:520,0
DA:524,0
DA:532,0
DA:533,0
DA:534,0
DA:536,0
DA:538,0
DA:539,0
DA:541,0
DA:542,0
DA:544,0
DA:545,0
DA:547,0
DA:552,0
DA:553,0
DA:557,0
DA:558,0
DA:559,0
DA:565,0
DA:566,0
DA:568,0
DA:572,0
DA:573,0
DA:575,0
DA:576,0
DA:578,0
DA:586,0
DA:596,0
DA:597,0
DA:598,0
DA:599,0
DA:600,0
DA:601,0
DA:603,0
DA:604,0
DA:605,0
DA:606,0
DA:607,0
DA:609,0
DA:612,0
DA:615,0
DA:616,0
DA:617,0
DA:618,0
DA:619,0
DA:620,0
DA:621,0
DA:622,0
DA:626,0
DA:630,0
DA:631,0
DA:632,0
DA:633,0
DA:634,0
DA:636,0
DA:638,0
DA:639,0
DA:640,0
DA:641,0
DA:643,0
DA:644,0
DA:646,0
DA:647,0
DA:649,0
DA:650,0
DA:652,0
DA:653,0
DA:655,0
DA:659,0
DA:662,0
DA:663,0
DA:664,0
DA:666,0
DA:670,0
DA:671,0
DA:674,0
DA:678,0
DA:679,0
DA:680,0
DA:682,0
DA:683,0
DA:685,0
DA:686,0
DA:690,0
DA:693,0
DA:694,0
DA:695,0
DA:697,0
DA:704,0
DA:705,0
DA:707,0
DA:709,0
DA:711,0
DA:713,0
DA:720,0
DA:724,0
DA:725,0
DA:727,0
DA:731,0
DA:739,0
DA:740,0
DA:741,0
DA:742,0
DA:743,0
DA:744,0
DA:749,0
DA:753,0
DA:754,0
DA:755,0
DA:757,0
DA:761,0
DA:762,0
DA:765,0
DA:767,0
DA:768,0
DA:769,0
DA:770,0
DA:771,0
DA:772,0
DA:773,0
DA:774,0
DA:775,0
DA:776,0
DA:777,0
DA:778,0
DA:779,0
DA:780,0
DA:781,0
DA:782,0
DA:784,0
DA:789,0
DA:790,0
DA:791,0
DA:792,0
DA:793,0
DA:794,0
DA:795,0
DA:796,0
DA:797,0
DA:802,0
DA:810,0
DA:811,0
DA:812,0
DA:816,0
DA:817,0
DA:818,0
DA:819,0
DA:820,0
DA:822,0
DA:823,0
DA:826,0
DA:827,0
DA:828,0
DA:829,0
DA:830,0
DA:839,0
DA:842,0
DA:846,0
DA:847,0
DA:848,0
DA:849,0
DA:850,0
DA:852,0
DA:853,0
DA:855,0
DA:856,0
DA:858,0
DA:859,0
DA:862,0
DA:863,0
DA:864,0
DA:868,0
DA:869,0
DA:870,0
DA:871,0
DA:872,0
DA:874,0
DA:875,0
DA:878,0
DA:879,0
DA:880,0
DA:881,0
DA:882,0
DA:887,0
DA:888,0
DA:890,0
DA:893,0
DA:898,0
DA:899,0
DA:901,0
DA:904,0
DA:905,0
DA:909,0
DA:910,0
DA:911,0
DA:913,0
DA:914,0
DA:915,0
DA:916,0
DA:918,0
DA:919,0
DA:921,0
DA:922,0
DA:924,0
DA:925,0
DA:928,0
DA:929,0
DA:930,0
DA:934,0
DA:935,0
DA:936,0
DA:937,0
DA:938,0
DA:940,0
DA:941,0
DA:944,0
DA:945,0
DA:946,0
DA:947,0
DA:948,0
DA:953,0
DA:954,0
DA:956,0
DA:959,0
DA:964,0
DA:965,0
DA:966,0
DA:970,0
DA:974,0
DA:975,0
DA:982,0
DA:983,0
DA:985,0
DA:986,0
DA:988,0
DA:989,0
DA:991,0
DA:992,0
DA:995,0
DA:997,0
DA:998,0
DA:1000,0
DA:1001,0
DA:1004,0
DA:1008,0
DA:1009,0
DA:1010,0
DA:1011,0
DA:1013,0
DA:1014,0
DA:1015,0
DA:1017,0
DA:1018,0
DA:1019,0
DA:1025,0
DA:1026,0
DA:1028,0
DA:1029,0
DA:1031,0
DA:1032,0
DA:1035,0
DA:1036,0
DA:1037,0
DA:1041,0
DA:1042,0
DA:1043,0
DA:1044,0
DA:1045,0
DA:1049,0
DA:1050,0
DA:1051,0
DA:1054,0
DA:1055,0
DA:1066,0
DA:1068,0
DA:1076,0
DA:1077,0
DA:1078,0
DA:1082,0
DA:1086,0
DA:1087,0
DA:1088,0
DA:1091,0
DA:1092,0
DA:1093,0
DA:1095,0
DA:1098,0
DA:1099,0
DA:1102,0
DA:1113,0
DA:1114,0
DA:1115,0
DA:1116,0
DA:1117,0
DA:1118,0
DA:1119,0
DA:1120,0
DA:1121,0
DA:1122,0
DA:1123,0
DA:1124,0
DA:1125,0
DA:1130,0
DA:1131,0
DA:1133,0
DA:1140,0
DA:1141,0
DA:1142,0
DA:1144,0
DA:1145,0
DA:1149,0
DA:1154,0
DA:1155,0
DA:1156,0
DA:1160,0
DA:1164,0
DA:1165,0
DA:1166,0
DA:1167,0
DA:1171,0
DA:1172,0
DA:1173,0
DA:1177,0
LF:543
LH:0
BRDA:12,0,0,0
BRDA:12,0,1,0
BRDA:19,1,0,0
BRDA:19,1,1,0
BRDA:46,2,0,0
BRDA:46,2,1,0
BRDA:46,3,0,0
BRDA:46,3,1,0
BRDA:87,4,0,0
BRDA:87,4,1,0
BRDA:90,5,0,0
BRDA:90,5,1,0
BRDA:93,6,0,0
BRDA:93,6,1,0
BRDA:96,7,0,0
BRDA:96,7,1,0
BRDA:103,8,0,0
BRDA:103,8,1,0
BRDA:105,9,0,0
BRDA:105,9,1,0
BRDA:111,10,0,0
BRDA:111,10,1,0
BRDA:114,11,0,0
BRDA:114,11,1,0
BRDA:124,12,0,0
BRDA:124,12,1,0
BRDA:126,13,0,0
BRDA:126,13,1,0
BRDA:168,14,0,0
BRDA:168,14,1,0
BRDA:169,15,0,0
BRDA:169,15,1,0
BRDA:170,16,0,0
BRDA:170,16,1,0
BRDA:177,17,0,0
BRDA:177,17,1,0
BRDA:189,18,0,0
BRDA:189,18,1,0
BRDA:194,19,0,0
BRDA:194,19,1,0
BRDA:215,20,0,0
BRDA:215,20,1,0
BRDA:219,21,0,0
BRDA:219,21,1,0
BRDA:243,22,0,0
BRDA:243,22,1,0
BRDA:243,23,0,0
BRDA:243,23,1,0
BRDA:257,24,0,0
BRDA:257,24,1,0
BRDA:261,25,0,0
BRDA:261,25,1,0
BRDA:283,26,0,0
BRDA:283,26,1,0
BRDA:284,27,0,0
BRDA:284,27,1,0
BRDA:285,28,0,0
BRDA:285,28,1,0
BRDA:293,29,0,0
BRDA:293,29,1,0
BRDA:305,30,0,0
BRDA:305,30,1,0
BRDA:310,31,0,0
BRDA:310,31,1,0
BRDA:322,32,0,0
BRDA:322,32,1,0
BRDA:331,33,0,0
BRDA:331,33,1,0
BRDA:331,34,0,0
BRDA:331,34,1,0
BRDA:345,35,0,0
BRDA:345,35,1,0
BRDA:349,36,0,0
BRDA:349,36,1,0
BRDA:376,37,0,0
BRDA:376,37,1,0
BRDA:377,38,0,0
BRDA:377,38,1,0
BRDA:378,39,0,0
BRDA:378,39,1,0
BRDA:399,40,0,0
BRDA:399,40,1,0
BRDA:413,41,0,0
BRDA:413,41,1,0
BRDA:415,42,0,0
BRDA:415,42,1,0
BRDA:420,43,0,0
BRDA:420,43,1,0
BRDA:423,44,0,0
BRDA:423,44,1,0
BRDA:423,44,2,0
BRDA:437,45,0,0
BRDA:437,45,1,0
BRDA:437,46,0,0
BRDA:437,46,1,0
BRDA:438,47,0,0
BRDA:438,47,1,0
BRDA:447,48,0,0
BRDA:447,48,1,0
BRDA:452,49,0,0
BRDA:452,49,1,0
BRDA:457,50,0,0
BRDA:457,50,1,0
BRDA:461,51,0,0
BRDA:461,51,1,0
BRDA:465,52,0,0
BRDA:465,52,1,0
BRDA:465,52,2,0
BRDA:481,53,0,0
BRDA:481,53,1,0
BRDA:483,54,0,0
BRDA:483,54,1,0
BRDA:485,55,0,0
BRDA:485,55,1,0
BRDA:487,56,0,0
BRDA:487,56,1,0
BRDA:509,57,0,0
BRDA:509,57,1,0
BRDA:536,58,0,0
BRDA:536,58,1,0
BRDA:536,58,2,0
BRDA:536,58,3,0
BRDA:558,59,0,0
BRDA:558,59,1,0
BRDA:558,60,0,0
BRDA:558,60,1,0
BRDA:572,61,0,0
BRDA:572,61,1,0
BRDA:575,62,0,0
BRDA:575,62,1,0
BRDA:603,63,0,0
BRDA:603,63,1,0
BRDA:604,64,0,0
BRDA:604,64,1,0
BRDA:604,65,0,0
BRDA:604,65,1,0
BRDA:606,66,0,0
BRDA:606,66,1,0
BRDA:606,67,0,0
BRDA:606,67,1,0
BRDA:615,68,0,0
BRDA:615,68,1,0
BRDA:638,69,0,0
BRDA:638,69,1,0
BRDA:640,70,0,0
BRDA:640,70,1,0
BRDA:644,71,0,0
BRDA:644,71,1,0
BRDA:644,71,2,0
BRDA:644,71,3,0
BRDA:656,72,0,0
BRDA:656,72,1,0
BRDA:662,73,0,0
BRDA:662,73,1,0
BRDA:662,74,0,0
BRDA:662,74,1,0
BRDA:670,75,0,0
BRDA:670,75,1,0
BRDA:679,76,0,0
BRDA:679,76,1,0
BRDA:682,77,0,0
BRDA:682,77,1,0
BRDA:694,78,0,0
BRDA:694,78,1,0
BRDA:705,79,0,0
BRDA:705,79,1,0
BRDA:705,79,2,0
BRDA:705,79,3,0
BRDA:713,80,0,0
BRDA:713,80,1,0
BRDA:720,81,0,0
BRDA:720,81,1,0
BRDA:724,82,0,0
BRDA:724,82,1,0
BRDA:731,83,0,0
BRDA:731,83,1,0
BRDA:765,84,0,0
BRDA:765,84,1,0
BRDA:767,85,0,0
BRDA:767,85,1,0
BRDA:767,86,0,0
BRDA:767,86,1,0
BRDA:770,87,0,0
BRDA:770,87,1,0
BRDA:778,88,0,0
BRDA:778,88,1,0
BRDA:778,89,0,0
BRDA:778,89,1,0
BRDA:790,90,0,0
BRDA:790,90,1,0
BRDA:793,91,0,0
BRDA:793,91,1,0
BRDA:793,92,0,0
BRDA:793,92,1,0
BRDA:795,93,0,0
BRDA:795,93,1,0
BRDA:810,94,0,0
BRDA:810,94,1,0
BRDA:811,95,0,0
BRDA:811,95,1,0
BRDA:819,96,0,0
BRDA:819,96,1,0
BRDA:849,97,0,0
BRDA:849,97,1,0
BRDA:852,98,0,0
BRDA:852,98,1,0
BRDA:855,99,0,0
BRDA:855,99,1,0
BRDA:858,100,0,0
BRDA:858,100,1,0
BRDA:862,101,0,0
BRDA:862,101,1,0
BRDA:863,102,0,0
BRDA:863,102,1,0
BRDA:871,103,0,0
BRDA:871,103,1,0
BRDA:887,104,0,0
BRDA:887,104,1,0
BRDA:887,105,0,0
BRDA:887,105,1,0
BRDA:898,106,0,0
BRDA:898,106,1,0
BRDA:898,107,0,0
BRDA:898,107,1,0
BRDA:904,108,0,0
BRDA:904,108,1,0
BRDA:904,109,0,0
BRDA:904,109,1,0
BRDA:910,110,0,0
BRDA:910,110,1,0
BRDA:915,111,0,0
BRDA:915,111,1,0
BRDA:918,112,0,0
BRDA:918,112,1,0
BRDA:921,113,0,0
BRDA:921,113,1,0
BRDA:924,114,0,0
BRDA:924,114,1,0
BRDA:928,115,0,0
BRDA:928,115,1,0
BRDA:929,116,0,0
BRDA:929,116,1,0
BRDA:937,117,0,0
BRDA:937,117,1,0
BRDA:953,118,0,0
BRDA:953,118,1,0
BRDA:964,119,0,0
BRDA:964,119,1,0
BRDA:982,120,0,0
BRDA:982,120,1,0
BRDA:985,121,0,0
BRDA:985,121,1,0
BRDA:988,122,0,0
BRDA:988,122,1,0
BRDA:991,123,0,0
BRDA:991,123,1,0
BRDA:997,124,0,0
BRDA:997,124,1,0
BRDA:1000,125,0,0
BRDA:1000,125,1,0
BRDA:1010,126,0,0
BRDA:1010,126,1,0
BRDA:1014,127,0,0
BRDA:1014,127,1,0
BRDA:1025,128,0,0
BRDA:1025,128,1,0
BRDA:1028,129,0,0
BRDA:1028,129,1,0
BRDA:1031,130,0,0
BRDA:1031,130,1,0
BRDA:1043,131,0,0
BRDA:1043,131,1,0
BRDA:1043,132,0,0
BRDA:1043,132,1,0
BRDA:1055,133,0,0
BRDA:1055,133,1,0
BRDA:1057,134,0,0
BRDA:1057,134,1,0
BRDA:1059,135,0,0
BRDA:1059,135,1,0
BRDA:1061,136,0,0
BRDA:1061,136,1,0
BRDA:1078,137,0,0
BRDA:1078,137,1,0
BRDA:1087,138,0,0
BRDA:1087,138,1,0
BRDA:1091,139,0,0
BRDA:1091,139,1,0
BRDA:1092,140,0,0
BRDA:1092,140,1,0
BRDA:1098,141,0,0
BRDA:1098,141,1,0
BRDA:1104,142,0,0
BRDA:1104,142,1,0
BRDA:1113,143,0,0
BRDA:1113,143,1,0
BRDA:1120,144,0,0
BRDA:1120,144,1,0
BRDA:1123,145,0,0
BRDA:1123,145,1,0
BRDA:1124,146,0,0
BRDA:1124,146,1,0
BRDA:1140,147,0,0
BRDA:1140,147,1,0
BRDA:1141,148,0,0
BRDA:1141,148,1,0
BRF:306
BRH:0
end_of_record
TN:
SF:src/frontend/registers.ts
FN:5,(anonymous_9)
FN:11,(anonymous_10)
FN:30,(anonymous_11)
FN:32,(anonymous_12)
FN:36,(anonymous_13)
FN:40,(anonymous_14)
FN:44,(anonymous_15)
FN:55,(anonymous_16)
FN:84,(anonymous_17)
FN:88,(anonymous_18)
FN:113,(anonymous_19)
FN:117,(anonymous_20)
FN:121,(anonymous_21)
FN:132,(anonymous_22)
FN:136,(anonymous_23)
FN:147,(anonymous_24)
FN:147,(anonymous_25)
FN:155,(anonymous_26)
FN:164,(anonymous_27)
FN:189,(anonymous_28)
FN:205,(anonymous_29)
FN:209,(anonymous_30)
FN:217,(anonymous_31)
FN:226,(anonymous_32)
FN:230,(anonymous_33)
FN:232,(anonymous_34)
FN:238,(anonymous_35)
FN:246,(anonymous_36)
FN:254,(anonymous_37)
FN:255,(anonymous_38)
FN:256,(anonymous_39)
FN:268,(anonymous_40)
FN:272,(anonymous_41)
FN:276,(anonymous_42)
FN:285,(anonymous_43)
FN:287,(anonymous_44)
FN:298,(anonymous_45)
FN:300,(anonymous_46)
FN:312,(anonymous_47)
FN:313,(anonymous_48)
FN:319,(anonymous_49)
FN:327,(anonymous_50)
FN:329,(anonymous_51)
FN:333,(anonymous_52)
FN:339,(anonymous_53)
FN:346,(anonymous_54)
FN:353,(anonymous_55)
FN:359,(anonymous_56)
FNF:48
FNH:0
FNDA:0,(anonymous_9)
FNDA:0,(anonymous_10)
FNDA:0,(anonymous_11)
FNDA:0,(anonymous_12)
FNDA:0,(anonymous_13)
FNDA:0,(anonymous_14)
FNDA:0,(anonymous_15)
FNDA:0,(anonymous_16)
FNDA:0,(anonymous_17)
FNDA:0,(anonymous_18)
FNDA:0,(anonymous_19)
FNDA:0,(anonymous_20)
FNDA:0,(anonymous_21)
FNDA:0,(anonymous_22)
FNDA:0,(anonymous_23)
FNDA:0,(anonymous_24)
FNDA:0,(anonymous_25)
FNDA:0,(anonymous_26)
FNDA:0,(anonymous_27)
FNDA:0,(anonymous_28)
FNDA:0,(anonymous_29)
FNDA:0,(anonymous_30)
FNDA:0,(anonymous_31)
FNDA:0,(anonymous_32)
FNDA:0,(anonymous_33)
FNDA:0,(anonymous_34)
FNDA:0,(anonymous_35)
FNDA:0,(anonymous_36)
FNDA:0,(anonymous_37)
FNDA:0,(anonymous_38)
FNDA:0,(anonymous_39)
FNDA:0,(anonymous_40)
FNDA:0,(anonymous_41)
FNDA:0,(anonymous_42)
FNDA:0,(anonymous_43)
FNDA:0,(anonymous_44)
FNDA:0,(anonymous_45)
FNDA:0,(anonymous_46)
FNDA:0,(anonymous_47)
FNDA:0,(anonymous_48)
FNDA:0,(anonymous_49)
FNDA:0,(anonymous_50)
FNDA:0,(anonymous_51)
FNDA:0,(anonymous_52)
FNDA:0,(anonymous_53)
FNDA:0,(anonymous_54)
FNDA:0,(anonymous_55)
FNDA:0,(anonymous_56)
DA:1,0
DA:2,0
DA:3,0
DA:5,0
DA:6,0
DA:7,0
DA:10,0
DA:12,0
DA:13,0
DA:14,0
DA:15,0
DA:17,0
DA:18,0
DA:26,0
DA:27,0
DA:28,0
DA:30,0
DA:33,0
DA:37,0
DA:41,0
DA:45,0
DA:49,0
DA:56,0
DA:57,0
DA:58,0
DA:60,0
DA:61,0
DA:73,0
DA:74,0
DA:81,0
DA:85,0
DA:89,0
DA:90,0
DA:92,0
DA:93,0
DA:95,0
DA:96,0
DA:98,0
DA:99,0
DA:102,0
DA:103,0
DA:110,0
DA:114,0
DA:118,0
DA:122,0
DA:124,0
DA:126,0
DA:128,0
DA:133,0
DA:137,0
DA:138,0
DA:139,0
DA:145,0
DA:146,0
DA:147,0
DA:150,0
DA:154,0
DA:156,0
DA:157,0
DA:158,0
DA:159,0
DA:161,0
DA:165,0
DA:166,0
DA:168,0
DA:170,0
DA:171,0
DA:173,0
DA:174,0
DA:176,0
DA:177,0
DA:179,0
DA:183,0
DA:186,0
DA:190,0
DA:191,0
DA:193,0
DA:195,0
DA:197,0
DA:199,0
DA:206,0
DA:210,0
DA:211,0
DA:213,0
DA:217,0
DA:218,0
DA:219,0
DA:220,0
DA:221,0
DA:222,0
DA:223,0
DA:227,0
DA:231,0
DA:232,0
DA:233,0
DA:235,0
DA:239,0
DA:240,0
DA:243,0
DA:244,0
DA:246,0
DA:247,0
DA:248,0
DA:249,0
DA:255,0
DA:256,0
DA:257,0
DA:258,0
DA:259,0
DA:260,0
DA:261,0
DA:264,0
DA:269,0
DA:273,0
DA:274,0
DA:276,0
DA:277,0
DA:278,0
DA:279,0
DA:280,0
DA:284,0
DA:285,0
DA:286,0
DA:287,0
DA:288,0
DA:289,0
DA:290,0
DA:292,0
DA:293,0
DA:297,0
DA:298,0
DA:299,0
DA:300,0
DA:301,0
DA:302,0
DA:309,0
DA:313,0
DA:314,0
DA:316,0
DA:320,0
DA:321,0
DA:322,0
DA:325,0
DA:326,0
DA:327,0
DA:329,0
DA:332,0
DA:333,0
DA:336,0
DA:340,0
DA:341,0
DA:342,0
DA:343,0
DA:347,0
DA:348,0
DA:349,0
DA:350,0
DA:354,0
DA:355,0
LF:159
LH:0
BRDA:5,0,0,0
BRDA:5,0,1,0
BRDA:60,1,0,0
BRDA:60,1,1,0
BRDA:60,2,0,0
BRDA:60,2,1,0
BRDA:73,3,0,0
BRDA:73,3,1,0
BRDA:90,4,0,0
BRDA:90,4,1,0
BRDA:90,4,2,0
BRDA:102,5,0,0
BRDA:102,5,1,0
BRDA:102,6,0,0
BRDA:102,6,1,0
BRDA:105,7,0,0
BRDA:105,7,1,0
BRDA:122,8,0,0
BRDA:122,8,1,0
BRDA:122,8,2,0
BRDA:138,9,0,0
BRDA:138,9,1,0
BRDA:138,10,0,0
BRDA:138,10,1,0
BRDA:145,11,0,0
BRDA:145,11,1,0
BRDA:168,12,0,0
BRDA:168,12,1,0
BRDA:168,12,2,0
BRDA:168,12,3,0
BRDA:180,13,0,0
BRDA:180,13,1,0
BRDA:191,14,0,0
BRDA:191,14,1,0
BRDA:191,14,2,0
BRDA:191,14,3,0
BRDA:199,15,0,0
BRDA:199,15,1,0
BRDA:206,16,0,0
BRDA:206,16,1,0
BRDA:210,17,0,0
BRDA:210,17,1,0
BRDA:239,18,0,0
BRDA:239,18,1,0
BRDA:243,19,0,0
BRDA:243,19,1,0
BRDA:260,20,0,0
BRDA:260,20,1,0
BRDA:277,21,0,0
BRDA:277,21,1,0
BRDA:284,22,0,0
BRDA:284,22,1,0
BRDA:286,23,0,0
BRDA:286,23,1,0
BRDA:288,24,0,0
BRDA:288,24,1,0
BRDA:289,25,0,0
BRDA:289,25,1,0
BRDA:292,26,0,0
BRDA:292,26,1,0
BRDA:299,27,0,0
BRDA:299,27,1,0
BRDA:301,28,0,0
BRDA:301,28,1,0
BRDA:301,29,0,0
BRDA:301,29,1,0
BRDA:321,30,0,0
BRDA:321,30,1,0
BRDA:325,31,0,0
BRDA:325,31,1,0
BRDA:326,32,0,0
BRDA:326,32,1,0
BRDA:332,33,0,0
BRDA:332,33,1,0
BRDA:354,34,0,0
BRDA:354,34,1,0
BRF:76
BRH:0
end_of_record